                                      1 ;--------------------------------------------------------
                                      2 ; File Created by SDCC : free open source ANSI-C Compiler
                                      3 ; Version 4.0.0 #11528 (Linux)
                                      4 ;--------------------------------------------------------
                                      5 	.module abc
                                      6 	.optsdcc -mmcs51 --model-large
                                      7 	
                                      8 ;--------------------------------------------------------
                                      9 ; Public variables in this module
                                     10 ;--------------------------------------------------------
                                     11 	.globl _rime_output
                                     12 	.globl _channel_close
                                     13 	.globl _channel_open
                                     14 	.globl _channel_set_attributes
                                     15 	.globl _ACTIVE
                                     16 	.globl _TX_BYTE
                                     17 	.globl _RX_BYTE
                                     18 	.globl _ERR
                                     19 	.globl _FE
                                     20 	.globl _SLAVE
                                     21 	.globl _RE
                                     22 	.globl _MODE
                                     23 	.globl _T3OVFIF
                                     24 	.globl _T3CH0IF
                                     25 	.globl _T3CH1IF
                                     26 	.globl _T4OVFIF
                                     27 	.globl _T4CH0IF
                                     28 	.globl _T4CH1IF
                                     29 	.globl _OVFIM
                                     30 	.globl _B_0
                                     31 	.globl _B_1
                                     32 	.globl _B_2
                                     33 	.globl _B_3
                                     34 	.globl _B_4
                                     35 	.globl _B_5
                                     36 	.globl _B_6
                                     37 	.globl _B_7
                                     38 	.globl _P2IF
                                     39 	.globl _UTX0IF
                                     40 	.globl _UTX1IF
                                     41 	.globl _P1IF
                                     42 	.globl _WDTIF
                                     43 	.globl _ACC_0
                                     44 	.globl _ACC_1
                                     45 	.globl _ACC_2
                                     46 	.globl _ACC_3
                                     47 	.globl _ACC_4
                                     48 	.globl _ACC_5
                                     49 	.globl _ACC_6
                                     50 	.globl _ACC_7
                                     51 	.globl _P
                                     52 	.globl _F1
                                     53 	.globl _OV
                                     54 	.globl _RS0
                                     55 	.globl _RS1
                                     56 	.globl _F0
                                     57 	.globl _AC
                                     58 	.globl _CY
                                     59 	.globl _DMAIF
                                     60 	.globl _T1IF
                                     61 	.globl _T2IF
                                     62 	.globl _T3IF
                                     63 	.globl _T4IF
                                     64 	.globl _P0IF
                                     65 	.globl _STIF
                                     66 	.globl _DMAIE
                                     67 	.globl _T1IE
                                     68 	.globl _T2IE
                                     69 	.globl _T3IE
                                     70 	.globl _T4IE
                                     71 	.globl _P0IE
                                     72 	.globl _RFERRIE
                                     73 	.globl _ADCIE
                                     74 	.globl _URX0IE
                                     75 	.globl _URX1IE
                                     76 	.globl _ENCIE
                                     77 	.globl _STIE
                                     78 	.globl _EA
                                     79 	.globl _P2_0
                                     80 	.globl _P2_1
                                     81 	.globl _P2_2
                                     82 	.globl _P2_3
                                     83 	.globl _P2_4
                                     84 	.globl _P2_5
                                     85 	.globl _P2_6
                                     86 	.globl _P2_7
                                     87 	.globl _ENCIF_0
                                     88 	.globl _ENCIF_1
                                     89 	.globl _P1_0
                                     90 	.globl _P1_1
                                     91 	.globl _P1_2
                                     92 	.globl _P1_3
                                     93 	.globl _P1_4
                                     94 	.globl _P1_5
                                     95 	.globl _P1_6
                                     96 	.globl _P1_7
                                     97 	.globl _IT0
                                     98 	.globl _RFERRIF
                                     99 	.globl _IT1
                                    100 	.globl _URX0IF
                                    101 	.globl _ADCIF
                                    102 	.globl _URX1IF
                                    103 	.globl _P0_0
                                    104 	.globl _P0_1
                                    105 	.globl _P0_2
                                    106 	.globl _P0_3
                                    107 	.globl _P0_4
                                    108 	.globl _P0_5
                                    109 	.globl _P0_6
                                    110 	.globl _P0_7
                                    111 	.globl _WDCTL
                                    112 	.globl _U1GCR
                                    113 	.globl _U1UCR
                                    114 	.globl _U1BAUD
                                    115 	.globl _U1DBUF
                                    116 	.globl _U1CSR
                                    117 	.globl _U0GCR
                                    118 	.globl _U0UCR
                                    119 	.globl _U0BAUD
                                    120 	.globl _U0DBUF
                                    121 	.globl _U0CSR
                                    122 	.globl _TIMIF
                                    123 	.globl _T4CC1
                                    124 	.globl _T4CCTL1
                                    125 	.globl _T4CC0
                                    126 	.globl _T4CCTL0
                                    127 	.globl _T4CTL
                                    128 	.globl _T4CNT
                                    129 	.globl _T3CC1
                                    130 	.globl _T3CCTL1
                                    131 	.globl _T3CC0
                                    132 	.globl _T3CCTL0
                                    133 	.globl _T3CTL
                                    134 	.globl _T3CNT
                                    135 	.globl _T2MSEL
                                    136 	.globl _T2IRQM
                                    137 	.globl _T2MOVF2
                                    138 	.globl _T2MOVF1
                                    139 	.globl _T2MOVF0
                                    140 	.globl _T2M1
                                    141 	.globl _T2M0
                                    142 	.globl _T2IRQF
                                    143 	.globl _T2EVTCFG
                                    144 	.globl _T2CTRL
                                    145 	.globl _T1STAT
                                    146 	.globl _T1CCTL2
                                    147 	.globl _T1CCTL1
                                    148 	.globl _T1CCTL0
                                    149 	.globl _T1CTL
                                    150 	.globl _T1CNTH
                                    151 	.globl _T1CNTL
                                    152 	.globl _T1CC2H
                                    153 	.globl _T1CC2L
                                    154 	.globl _T1CC1H
                                    155 	.globl _T1CC1L
                                    156 	.globl _T1CC0H
                                    157 	.globl _T1CC0L
                                    158 	.globl _CLKCONSTA
                                    159 	.globl _CLKCONCMD
                                    160 	.globl _SLEEPSTA
                                    161 	.globl _SLEEPCMD
                                    162 	.globl _STLOAD
                                    163 	.globl _ST2
                                    164 	.globl _ST1
                                    165 	.globl _ST0
                                    166 	.globl _RFERRF
                                    167 	.globl _RFIRQF0
                                    168 	.globl _RFST
                                    169 	.globl _RFD
                                    170 	.globl _RFIRQF1
                                    171 	.globl _PSBANK
                                    172 	.globl _FMAP
                                    173 	.globl _MEMCTR
                                    174 	.globl __XPAGE
                                    175 	.globl _MPAGE
                                    176 	.globl _PMUX
                                    177 	.globl _P2DIR
                                    178 	.globl _P1DIR
                                    179 	.globl _P0DIR
                                    180 	.globl _P2INP
                                    181 	.globl _P1INP
                                    182 	.globl _P2SEL
                                    183 	.globl _P1SEL
                                    184 	.globl _P0SEL
                                    185 	.globl _APCFG
                                    186 	.globl _PERCFG
                                    187 	.globl _P0INP
                                    188 	.globl _P2IEN
                                    189 	.globl _P1IEN
                                    190 	.globl _P0IEN
                                    191 	.globl _PICTL
                                    192 	.globl _P2IFG
                                    193 	.globl _P1IFG
                                    194 	.globl _P0IFG
                                    195 	.globl _DMAREQ
                                    196 	.globl _DMAARM
                                    197 	.globl _DMA0CFGH
                                    198 	.globl _DMA0CFGL
                                    199 	.globl _DMA1CFGH
                                    200 	.globl _DMA1CFGL
                                    201 	.globl _DMAIRQ
                                    202 	.globl _ENCCS
                                    203 	.globl _ENCDO
                                    204 	.globl _ENCDI
                                    205 	.globl _RNDH
                                    206 	.globl _RNDL
                                    207 	.globl _ADCH
                                    208 	.globl _ADCL
                                    209 	.globl _ADCCON3
                                    210 	.globl _ADCCON2
                                    211 	.globl _ADCCON1
                                    212 	.globl _B
                                    213 	.globl _IRCON2
                                    214 	.globl _ACC
                                    215 	.globl _PSW
                                    216 	.globl _IRCON
                                    217 	.globl _IP1
                                    218 	.globl _IEN1
                                    219 	.globl _IP0
                                    220 	.globl _IEN0
                                    221 	.globl _P2
                                    222 	.globl _S1CON
                                    223 	.globl _IEN2
                                    224 	.globl _S0CON
                                    225 	.globl _DPS
                                    226 	.globl _P1
                                    227 	.globl _TCON
                                    228 	.globl _PCON
                                    229 	.globl _DPH1
                                    230 	.globl _DPL1
                                    231 	.globl _DPH0
                                    232 	.globl _DPL0
                                    233 	.globl _SP
                                    234 	.globl _P0
                                    235 	.globl _X_IEEE_ADDR
                                    236 	.globl _X_INFOPAGE
                                    237 	.globl _X_P2DIR
                                    238 	.globl _X_P1DIR
                                    239 	.globl _X_P0DIR
                                    240 	.globl _X_U1GCR
                                    241 	.globl _X_U1UCR
                                    242 	.globl _X_U1BAUD
                                    243 	.globl _X_U1DBUF
                                    244 	.globl _X_U1CSR
                                    245 	.globl _X_P2INP
                                    246 	.globl _X_P1INP
                                    247 	.globl _X_P2SEL
                                    248 	.globl _X_P1SEL
                                    249 	.globl _X_P0SEL
                                    250 	.globl _X_APCFG
                                    251 	.globl _X_PERCFG
                                    252 	.globl _X_T4CC1
                                    253 	.globl _X_T4CCTL1
                                    254 	.globl _X_T4CC0
                                    255 	.globl _X_T4CCTL0
                                    256 	.globl _X_T4CTL
                                    257 	.globl _X_T4CNT
                                    258 	.globl _X_RFIRQF0
                                    259 	.globl _X_T1CCTL2
                                    260 	.globl _X_T1CCTL1
                                    261 	.globl _X_T1CCTL0
                                    262 	.globl _X_T1CTL
                                    263 	.globl _X_T1CNTH
                                    264 	.globl _X_T1CNTL
                                    265 	.globl _X_RFST
                                    266 	.globl _X_T1CC2H
                                    267 	.globl _X_T1CC2L
                                    268 	.globl _X_T1CC1H
                                    269 	.globl _X_T1CC1L
                                    270 	.globl _X_T1CC0H
                                    271 	.globl _X_T1CC0L
                                    272 	.globl _X_RFD
                                    273 	.globl _X_TIMIF
                                    274 	.globl _X_DMAREQ
                                    275 	.globl _X_DMAARM
                                    276 	.globl _X_DMA0CFGH
                                    277 	.globl _X_DMA0CFGL
                                    278 	.globl _X_DMA1CFGH
                                    279 	.globl _X_DMA1CFGL
                                    280 	.globl _X_DMAIRQ
                                    281 	.globl _X_T3CC1
                                    282 	.globl _X_T3CCTL1
                                    283 	.globl _X_T3CC0
                                    284 	.globl _X_T3CCTL0
                                    285 	.globl _X_T3CTL
                                    286 	.globl _X_T3CNT
                                    287 	.globl _X_WDCTL
                                    288 	.globl _X_MEMCTR
                                    289 	.globl _X_CLKCONCMD
                                    290 	.globl _X_U0GCR
                                    291 	.globl _X_U0UCR
                                    292 	.globl _X_T2MSEL
                                    293 	.globl _X_U0BAUD
                                    294 	.globl _X_U0DBUF
                                    295 	.globl _X_RFERRF
                                    296 	.globl _X_SLEEPCMD
                                    297 	.globl _X_RNDH
                                    298 	.globl _X_RNDL
                                    299 	.globl _X_ADCH
                                    300 	.globl _X_ADCL
                                    301 	.globl _X_ADCCON3
                                    302 	.globl _X_ADCCON2
                                    303 	.globl _X_ADCCON1
                                    304 	.globl _X_ENCCS
                                    305 	.globl _X_ENCDO
                                    306 	.globl _X_ENCDI
                                    307 	.globl _X_T1STAT
                                    308 	.globl _X_PMUX
                                    309 	.globl _X_STLOAD
                                    310 	.globl _X_P2IEN
                                    311 	.globl _X_P0IEN
                                    312 	.globl _X_T2IRQM
                                    313 	.globl _X_T2MOVF2
                                    314 	.globl _X_T2MOVF1
                                    315 	.globl _X_T2MOVF0
                                    316 	.globl _X_T2M1
                                    317 	.globl _X_T2M0
                                    318 	.globl _X_T2IRQF
                                    319 	.globl _X_P2
                                    320 	.globl _X_PSBANK
                                    321 	.globl _X_FMAP
                                    322 	.globl _X_CLKCONSTA
                                    323 	.globl _X_SLEEPSTA
                                    324 	.globl _X_T2EVTCFG
                                    325 	.globl _X_ST2
                                    326 	.globl _X_ST1
                                    327 	.globl _X_ST0
                                    328 	.globl _X_T2CTRL
                                    329 	.globl _X__XPAGE
                                    330 	.globl _X_MPAGE
                                    331 	.globl _X_RFIRQF1
                                    332 	.globl _X_P1
                                    333 	.globl _X_P0INP
                                    334 	.globl _X_P1IEN
                                    335 	.globl _X_PICTL
                                    336 	.globl _X_P2IFG
                                    337 	.globl _X_P1IFG
                                    338 	.globl _X_P0IFG
                                    339 	.globl _X_U0CSR
                                    340 	.globl _X_P0
                                    341 	.globl _USBF5
                                    342 	.globl _USBF4
                                    343 	.globl _USBF3
                                    344 	.globl _USBF2
                                    345 	.globl _USBF1
                                    346 	.globl _USBF0
                                    347 	.globl _USBCNTH
                                    348 	.globl _USBCNTL
                                    349 	.globl _USBCNT0
                                    350 	.globl _USBCSOH
                                    351 	.globl _USBCSOL
                                    352 	.globl _USBMAXO
                                    353 	.globl _USBCSIH
                                    354 	.globl _USBCSIL
                                    355 	.globl _USBCS0
                                    356 	.globl _USBMAXI
                                    357 	.globl _USBCTRL
                                    358 	.globl _USBINDEX
                                    359 	.globl _USBFRMH
                                    360 	.globl _USBFRML
                                    361 	.globl _USBCIE
                                    362 	.globl _USBOIE
                                    363 	.globl _USBIIE
                                    364 	.globl _USBCIF
                                    365 	.globl _USBOIF
                                    366 	.globl _USBIIF
                                    367 	.globl _USBPOW
                                    368 	.globl _USBADDR
                                    369 	.globl _CSPT
                                    370 	.globl _CSPZ
                                    371 	.globl _CSPY
                                    372 	.globl _CSPX
                                    373 	.globl _CSPSTAT
                                    374 	.globl _CSPCTRL
                                    375 	.globl _CSPPROG23
                                    376 	.globl _CSPPROG22
                                    377 	.globl _CSPPROG21
                                    378 	.globl _CSPPROG20
                                    379 	.globl _CSPPROG19
                                    380 	.globl _CSPPROG18
                                    381 	.globl _CSPPROG17
                                    382 	.globl _CSPPROG16
                                    383 	.globl _CSPPROG15
                                    384 	.globl _CSPPROG14
                                    385 	.globl _CSPPROG13
                                    386 	.globl _CSPPROG12
                                    387 	.globl _CSPPROG11
                                    388 	.globl _CSPPROG10
                                    389 	.globl _CSPPROG9
                                    390 	.globl _CSPPROG8
                                    391 	.globl _CSPPROG7
                                    392 	.globl _CSPPROG6
                                    393 	.globl _CSPPROG5
                                    394 	.globl _CSPPROG4
                                    395 	.globl _CSPPROG3
                                    396 	.globl _CSPPROG2
                                    397 	.globl _CSPPROG1
                                    398 	.globl _CSPPROG0
                                    399 	.globl _RFC_OBS_CTRL2
                                    400 	.globl _RFC_OBS_CTRL1
                                    401 	.globl _RFC_OBS_CTRL0
                                    402 	.globl _TXFILTCFG
                                    403 	.globl _PTEST1
                                    404 	.globl _PTEST0
                                    405 	.globl _ATEST
                                    406 	.globl _DACTEST2
                                    407 	.globl _DACTEST1
                                    408 	.globl _DACTEST0
                                    409 	.globl _MDMTEST1
                                    410 	.globl _MDMTEST0
                                    411 	.globl _ADCTEST2
                                    412 	.globl _ADCTEST1
                                    413 	.globl _ADCTEST0
                                    414 	.globl _AGCCTRL3
                                    415 	.globl _AGCCTRL2
                                    416 	.globl _AGCCTRL1
                                    417 	.globl _AGCCTRL0
                                    418 	.globl _FSCAL3
                                    419 	.globl _FSCAL2
                                    420 	.globl _FSCAL1
                                    421 	.globl _FSCAL0
                                    422 	.globl _FSCTRL
                                    423 	.globl _RXCTRL
                                    424 	.globl _FREQEST
                                    425 	.globl _MDMCTRL1
                                    426 	.globl _MDMCTRL0
                                    427 	.globl _RFRND
                                    428 	.globl _RFERRM
                                    429 	.globl _RFIRQM1
                                    430 	.globl _RFIRQM0
                                    431 	.globl _TXLAST_PTR
                                    432 	.globl _TXFIRST_PTR
                                    433 	.globl _RXP1_PTR
                                    434 	.globl _RXLAST_PTR
                                    435 	.globl _RXFIRST_PTR
                                    436 	.globl _TXFIFOCNT
                                    437 	.globl _RXFIFOCNT
                                    438 	.globl _RXFIRST
                                    439 	.globl _RSSISTAT
                                    440 	.globl _RSSI
                                    441 	.globl _CCACTRL1
                                    442 	.globl _CCACTRL0
                                    443 	.globl _FSMCTRL
                                    444 	.globl _FIFOPCTRL
                                    445 	.globl _FSMSTAT1
                                    446 	.globl _FSMSTAT0
                                    447 	.globl _TXCTRL
                                    448 	.globl _TXPOWER
                                    449 	.globl _FREQCTRL
                                    450 	.globl _FREQTUNE
                                    451 	.globl _RXMASKCLR
                                    452 	.globl _RXMASKSET
                                    453 	.globl _RXENABLE
                                    454 	.globl _FRMCTRL1
                                    455 	.globl _FRMCTRL0
                                    456 	.globl _SRCEXTEN2
                                    457 	.globl _SRCEXTEN1
                                    458 	.globl _SRCEXTEN0
                                    459 	.globl _SRCSHORTEN2
                                    460 	.globl _SRCSHORTEN1
                                    461 	.globl _SRCSHORTEN0
                                    462 	.globl _SRCMATCH
                                    463 	.globl _FRMFILT1
                                    464 	.globl _FRMFILT0
                                    465 	.globl _SHORT_ADDR1
                                    466 	.globl _SHORT_ADDR0
                                    467 	.globl _PAN_ID1
                                    468 	.globl _PAN_ID0
                                    469 	.globl _EXT_ADDR7
                                    470 	.globl _EXT_ADDR6
                                    471 	.globl _EXT_ADDR5
                                    472 	.globl _EXT_ADDR4
                                    473 	.globl _EXT_ADDR3
                                    474 	.globl _EXT_ADDR2
                                    475 	.globl _EXT_ADDR1
                                    476 	.globl _EXT_ADDR0
                                    477 	.globl _SRCSHORTPENDEN2
                                    478 	.globl _SRCSHORTPENDEN1
                                    479 	.globl _SRCSHORTPENDEN0
                                    480 	.globl _SRCEXTPENDEN2
                                    481 	.globl _SRCEXTPENDEN1
                                    482 	.globl _SRCEXTPENDEN0
                                    483 	.globl _SRCRESINDEX
                                    484 	.globl _SRCRESMASK2
                                    485 	.globl _SRCRESMASK1
                                    486 	.globl _SRCRESMASK0
                                    487 	.globl _SRC_ADDR_TABLE
                                    488 	.globl _TXFIFO
                                    489 	.globl _RXFIFO
                                    490 	.globl _RFCORE_RAM
                                    491 	.globl _CMPCTL
                                    492 	.globl _OPAMPS
                                    493 	.globl _OPAMPC
                                    494 	.globl _STCV2
                                    495 	.globl _STCV1
                                    496 	.globl _STCV0
                                    497 	.globl _STCS
                                    498 	.globl _STCC
                                    499 	.globl _T1CC4H
                                    500 	.globl _T1CC4L
                                    501 	.globl _T1CC3H
                                    502 	.globl _T1CC3L
                                    503 	.globl _XX_T1CC2H
                                    504 	.globl _XX_T1CC2L
                                    505 	.globl _XX_T1CC1H
                                    506 	.globl _XX_T1CC1L
                                    507 	.globl _XX_T1CC0H
                                    508 	.globl _XX_T1CC0L
                                    509 	.globl _T1CCTL4
                                    510 	.globl _T1CCTL3
                                    511 	.globl _XX_T1CCTL2
                                    512 	.globl _XX_T1CCTL1
                                    513 	.globl _XX_T1CCTL0
                                    514 	.globl _CLD
                                    515 	.globl _IRCTL
                                    516 	.globl _CHIPINFO1
                                    517 	.globl _CHIPINFO0
                                    518 	.globl _FWDATA
                                    519 	.globl _FADDRH
                                    520 	.globl _FADDRL
                                    521 	.globl _FCTL
                                    522 	.globl _IVCTRL
                                    523 	.globl _BATTMON
                                    524 	.globl _SRCRC
                                    525 	.globl _DBGDATA
                                    526 	.globl _TESTREG0
                                    527 	.globl _CHIPID
                                    528 	.globl _CHVER
                                    529 	.globl _OBSSEL5
                                    530 	.globl _OBSSEL4
                                    531 	.globl _OBSSEL3
                                    532 	.globl _OBSSEL2
                                    533 	.globl _OBSSEL1
                                    534 	.globl _OBSSEL0
                                    535 	.globl _I2CIO
                                    536 	.globl _I2CWC
                                    537 	.globl _I2CADDR
                                    538 	.globl _I2CDATA
                                    539 	.globl _I2CSTAT
                                    540 	.globl _I2CCFG
                                    541 	.globl _OPAMPMC
                                    542 	.globl _MONMUX
                                    543 	.globl _abc_open
                                    544 	.globl _abc_close
                                    545 	.globl _abc_send
                                    546 	.globl _abc_input
                                    547 	.globl _abc_sent
                                    548 ;--------------------------------------------------------
                                    549 ; special function registers
                                    550 ;--------------------------------------------------------
                                    551 	.area RSEG    (ABS,DATA)
      000000                        552 	.org 0x0000
                           000080   553 _P0	=	0x0080
                           000081   554 _SP	=	0x0081
                           000082   555 _DPL0	=	0x0082
                           000083   556 _DPH0	=	0x0083
                           000084   557 _DPL1	=	0x0084
                           000085   558 _DPH1	=	0x0085
                           000087   559 _PCON	=	0x0087
                           000088   560 _TCON	=	0x0088
                           000090   561 _P1	=	0x0090
                           000092   562 _DPS	=	0x0092
                           000098   563 _S0CON	=	0x0098
                           00009A   564 _IEN2	=	0x009a
                           00009B   565 _S1CON	=	0x009b
                           0000A0   566 _P2	=	0x00a0
                           0000A8   567 _IEN0	=	0x00a8
                           0000A9   568 _IP0	=	0x00a9
                           0000B8   569 _IEN1	=	0x00b8
                           0000B9   570 _IP1	=	0x00b9
                           0000C0   571 _IRCON	=	0x00c0
                           0000D0   572 _PSW	=	0x00d0
                           0000E0   573 _ACC	=	0x00e0
                           0000E8   574 _IRCON2	=	0x00e8
                           0000F0   575 _B	=	0x00f0
                           0000B4   576 _ADCCON1	=	0x00b4
                           0000B5   577 _ADCCON2	=	0x00b5
                           0000B6   578 _ADCCON3	=	0x00b6
                           0000BA   579 _ADCL	=	0x00ba
                           0000BB   580 _ADCH	=	0x00bb
                           0000BC   581 _RNDL	=	0x00bc
                           0000BD   582 _RNDH	=	0x00bd
                           0000B1   583 _ENCDI	=	0x00b1
                           0000B2   584 _ENCDO	=	0x00b2
                           0000B3   585 _ENCCS	=	0x00b3
                           0000D1   586 _DMAIRQ	=	0x00d1
                           0000D2   587 _DMA1CFGL	=	0x00d2
                           0000D3   588 _DMA1CFGH	=	0x00d3
                           0000D4   589 _DMA0CFGL	=	0x00d4
                           0000D5   590 _DMA0CFGH	=	0x00d5
                           0000D6   591 _DMAARM	=	0x00d6
                           0000D7   592 _DMAREQ	=	0x00d7
                           000089   593 _P0IFG	=	0x0089
                           00008A   594 _P1IFG	=	0x008a
                           00008B   595 _P2IFG	=	0x008b
                           00008C   596 _PICTL	=	0x008c
                           0000AB   597 _P0IEN	=	0x00ab
                           00008D   598 _P1IEN	=	0x008d
                           0000AC   599 _P2IEN	=	0x00ac
                           00008F   600 _P0INP	=	0x008f
                           0000F1   601 _PERCFG	=	0x00f1
                           0000F2   602 _APCFG	=	0x00f2
                           0000F3   603 _P0SEL	=	0x00f3
                           0000F4   604 _P1SEL	=	0x00f4
                           0000F5   605 _P2SEL	=	0x00f5
                           0000F6   606 _P1INP	=	0x00f6
                           0000F7   607 _P2INP	=	0x00f7
                           0000FD   608 _P0DIR	=	0x00fd
                           0000FE   609 _P1DIR	=	0x00fe
                           0000FF   610 _P2DIR	=	0x00ff
                           0000AE   611 _PMUX	=	0x00ae
                           000093   612 _MPAGE	=	0x0093
                           000093   613 __XPAGE	=	0x0093
                           0000C7   614 _MEMCTR	=	0x00c7
                           00009F   615 _FMAP	=	0x009f
                           00009F   616 _PSBANK	=	0x009f
                           000091   617 _RFIRQF1	=	0x0091
                           0000D9   618 _RFD	=	0x00d9
                           0000E1   619 _RFST	=	0x00e1
                           0000E9   620 _RFIRQF0	=	0x00e9
                           0000BF   621 _RFERRF	=	0x00bf
                           000095   622 _ST0	=	0x0095
                           000096   623 _ST1	=	0x0096
                           000097   624 _ST2	=	0x0097
                           0000AD   625 _STLOAD	=	0x00ad
                           0000BE   626 _SLEEPCMD	=	0x00be
                           00009D   627 _SLEEPSTA	=	0x009d
                           0000C6   628 _CLKCONCMD	=	0x00c6
                           00009E   629 _CLKCONSTA	=	0x009e
                           0000DA   630 _T1CC0L	=	0x00da
                           0000DB   631 _T1CC0H	=	0x00db
                           0000DC   632 _T1CC1L	=	0x00dc
                           0000DD   633 _T1CC1H	=	0x00dd
                           0000DE   634 _T1CC2L	=	0x00de
                           0000DF   635 _T1CC2H	=	0x00df
                           0000E2   636 _T1CNTL	=	0x00e2
                           0000E3   637 _T1CNTH	=	0x00e3
                           0000E4   638 _T1CTL	=	0x00e4
                           0000E5   639 _T1CCTL0	=	0x00e5
                           0000E6   640 _T1CCTL1	=	0x00e6
                           0000E7   641 _T1CCTL2	=	0x00e7
                           0000AF   642 _T1STAT	=	0x00af
                           000094   643 _T2CTRL	=	0x0094
                           00009C   644 _T2EVTCFG	=	0x009c
                           0000A1   645 _T2IRQF	=	0x00a1
                           0000A2   646 _T2M0	=	0x00a2
                           0000A3   647 _T2M1	=	0x00a3
                           0000A4   648 _T2MOVF0	=	0x00a4
                           0000A5   649 _T2MOVF1	=	0x00a5
                           0000A6   650 _T2MOVF2	=	0x00a6
                           0000A7   651 _T2IRQM	=	0x00a7
                           0000C3   652 _T2MSEL	=	0x00c3
                           0000CA   653 _T3CNT	=	0x00ca
                           0000CB   654 _T3CTL	=	0x00cb
                           0000CC   655 _T3CCTL0	=	0x00cc
                           0000CD   656 _T3CC0	=	0x00cd
                           0000CE   657 _T3CCTL1	=	0x00ce
                           0000CF   658 _T3CC1	=	0x00cf
                           0000EA   659 _T4CNT	=	0x00ea
                           0000EB   660 _T4CTL	=	0x00eb
                           0000EC   661 _T4CCTL0	=	0x00ec
                           0000ED   662 _T4CC0	=	0x00ed
                           0000EE   663 _T4CCTL1	=	0x00ee
                           0000EF   664 _T4CC1	=	0x00ef
                           0000D8   665 _TIMIF	=	0x00d8
                           000086   666 _U0CSR	=	0x0086
                           0000C1   667 _U0DBUF	=	0x00c1
                           0000C2   668 _U0BAUD	=	0x00c2
                           0000C4   669 _U0UCR	=	0x00c4
                           0000C5   670 _U0GCR	=	0x00c5
                           0000F8   671 _U1CSR	=	0x00f8
                           0000F9   672 _U1DBUF	=	0x00f9
                           0000FA   673 _U1BAUD	=	0x00fa
                           0000FB   674 _U1UCR	=	0x00fb
                           0000FC   675 _U1GCR	=	0x00fc
                           0000C9   676 _WDCTL	=	0x00c9
                                    677 ;--------------------------------------------------------
                                    678 ; special function bits
                                    679 ;--------------------------------------------------------
                                    680 	.area RSEG    (ABS,DATA)
      000000                        681 	.org 0x0000
                           000087   682 _P0_7	=	0x0087
                           000086   683 _P0_6	=	0x0086
                           000085   684 _P0_5	=	0x0085
                           000084   685 _P0_4	=	0x0084
                           000083   686 _P0_3	=	0x0083
                           000082   687 _P0_2	=	0x0082
                           000081   688 _P0_1	=	0x0081
                           000080   689 _P0_0	=	0x0080
                           00008F   690 _URX1IF	=	0x008f
                           00008D   691 _ADCIF	=	0x008d
                           00008B   692 _URX0IF	=	0x008b
                           00008A   693 _IT1	=	0x008a
                           000089   694 _RFERRIF	=	0x0089
                           000088   695 _IT0	=	0x0088
                           000097   696 _P1_7	=	0x0097
                           000096   697 _P1_6	=	0x0096
                           000095   698 _P1_5	=	0x0095
                           000094   699 _P1_4	=	0x0094
                           000093   700 _P1_3	=	0x0093
                           000092   701 _P1_2	=	0x0092
                           000091   702 _P1_1	=	0x0091
                           000090   703 _P1_0	=	0x0090
                           000099   704 _ENCIF_1	=	0x0099
                           000098   705 _ENCIF_0	=	0x0098
                           0000A7   706 _P2_7	=	0x00a7
                           0000A6   707 _P2_6	=	0x00a6
                           0000A5   708 _P2_5	=	0x00a5
                           0000A4   709 _P2_4	=	0x00a4
                           0000A3   710 _P2_3	=	0x00a3
                           0000A2   711 _P2_2	=	0x00a2
                           0000A1   712 _P2_1	=	0x00a1
                           0000A0   713 _P2_0	=	0x00a0
                           0000AF   714 _EA	=	0x00af
                           0000AD   715 _STIE	=	0x00ad
                           0000AC   716 _ENCIE	=	0x00ac
                           0000AB   717 _URX1IE	=	0x00ab
                           0000AA   718 _URX0IE	=	0x00aa
                           0000A9   719 _ADCIE	=	0x00a9
                           0000A8   720 _RFERRIE	=	0x00a8
                           0000BD   721 _P0IE	=	0x00bd
                           0000BC   722 _T4IE	=	0x00bc
                           0000BB   723 _T3IE	=	0x00bb
                           0000BA   724 _T2IE	=	0x00ba
                           0000B9   725 _T1IE	=	0x00b9
                           0000B8   726 _DMAIE	=	0x00b8
                           0000C7   727 _STIF	=	0x00c7
                           0000C5   728 _P0IF	=	0x00c5
                           0000C4   729 _T4IF	=	0x00c4
                           0000C3   730 _T3IF	=	0x00c3
                           0000C2   731 _T2IF	=	0x00c2
                           0000C1   732 _T1IF	=	0x00c1
                           0000C0   733 _DMAIF	=	0x00c0
                           0000D7   734 _CY	=	0x00d7
                           0000D6   735 _AC	=	0x00d6
                           0000D5   736 _F0	=	0x00d5
                           0000D4   737 _RS1	=	0x00d4
                           0000D3   738 _RS0	=	0x00d3
                           0000D2   739 _OV	=	0x00d2
                           0000D1   740 _F1	=	0x00d1
                           0000D0   741 _P	=	0x00d0
                           0000E7   742 _ACC_7	=	0x00e7
                           0000E6   743 _ACC_6	=	0x00e6
                           0000E5   744 _ACC_5	=	0x00e5
                           0000E4   745 _ACC_4	=	0x00e4
                           0000E3   746 _ACC_3	=	0x00e3
                           0000E2   747 _ACC_2	=	0x00e2
                           0000E1   748 _ACC_1	=	0x00e1
                           0000E0   749 _ACC_0	=	0x00e0
                           0000EC   750 _WDTIF	=	0x00ec
                           0000EB   751 _P1IF	=	0x00eb
                           0000EA   752 _UTX1IF	=	0x00ea
                           0000E9   753 _UTX0IF	=	0x00e9
                           0000E8   754 _P2IF	=	0x00e8
                           0000F7   755 _B_7	=	0x00f7
                           0000F6   756 _B_6	=	0x00f6
                           0000F5   757 _B_5	=	0x00f5
                           0000F4   758 _B_4	=	0x00f4
                           0000F3   759 _B_3	=	0x00f3
                           0000F2   760 _B_2	=	0x00f2
                           0000F1   761 _B_1	=	0x00f1
                           0000F0   762 _B_0	=	0x00f0
                           0000DE   763 _OVFIM	=	0x00de
                           0000DD   764 _T4CH1IF	=	0x00dd
                           0000DC   765 _T4CH0IF	=	0x00dc
                           0000DB   766 _T4OVFIF	=	0x00db
                           0000DA   767 _T3CH1IF	=	0x00da
                           0000D9   768 _T3CH0IF	=	0x00d9
                           0000D8   769 _T3OVFIF	=	0x00d8
                           0000FF   770 _MODE	=	0x00ff
                           0000FE   771 _RE	=	0x00fe
                           0000FD   772 _SLAVE	=	0x00fd
                           0000FC   773 _FE	=	0x00fc
                           0000FB   774 _ERR	=	0x00fb
                           0000FA   775 _RX_BYTE	=	0x00fa
                           0000F9   776 _TX_BYTE	=	0x00f9
                           0000F8   777 _ACTIVE	=	0x00f8
                                    778 ;--------------------------------------------------------
                                    779 ; overlayable register banks
                                    780 ;--------------------------------------------------------
                                    781 	.area REG_BANK_0	(REL,OVR,DATA)
      000000                        782 	.ds 8
                                    783 ;--------------------------------------------------------
                                    784 ; internal ram data
                                    785 ;--------------------------------------------------------
                                    786 	.area DSEG    (DATA)
                                    787 ;--------------------------------------------------------
                                    788 ; overlayable items in internal ram 
                                    789 ;--------------------------------------------------------
                                    790 ;--------------------------------------------------------
                                    791 ; indirectly addressable internal ram data
                                    792 ;--------------------------------------------------------
                                    793 	.area ISEG    (DATA)
                                    794 ;--------------------------------------------------------
                                    795 ; absolute internal ram data
                                    796 ;--------------------------------------------------------
                                    797 	.area IABS    (ABS,DATA)
                                    798 	.area IABS    (ABS,DATA)
                                    799 ;--------------------------------------------------------
                                    800 ; bit data
                                    801 ;--------------------------------------------------------
                                    802 	.area BSEG    (BIT)
                                    803 ;--------------------------------------------------------
                                    804 ; paged external ram data
                                    805 ;--------------------------------------------------------
                                    806 	.area PSEG    (PAG,XDATA)
                                    807 ;--------------------------------------------------------
                                    808 ; external ram data
                                    809 ;--------------------------------------------------------
                                    810 	.area XSEG    (XDATA)
                           0061A6   811 _MONMUX	=	0x61a6
                           0061A6   812 _OPAMPMC	=	0x61a6
                           006230   813 _I2CCFG	=	0x6230
                           006231   814 _I2CSTAT	=	0x6231
                           006232   815 _I2CDATA	=	0x6232
                           006233   816 _I2CADDR	=	0x6233
                           006234   817 _I2CWC	=	0x6234
                           006235   818 _I2CIO	=	0x6235
                           006243   819 _OBSSEL0	=	0x6243
                           006244   820 _OBSSEL1	=	0x6244
                           006245   821 _OBSSEL2	=	0x6245
                           006246   822 _OBSSEL3	=	0x6246
                           006247   823 _OBSSEL4	=	0x6247
                           006248   824 _OBSSEL5	=	0x6248
                           006249   825 _CHVER	=	0x6249
                           00624A   826 _CHIPID	=	0x624a
                           00624B   827 _TESTREG0	=	0x624b
                           006260   828 _DBGDATA	=	0x6260
                           006262   829 _SRCRC	=	0x6262
                           006264   830 _BATTMON	=	0x6264
                           006265   831 _IVCTRL	=	0x6265
                           006270   832 _FCTL	=	0x6270
                           006271   833 _FADDRL	=	0x6271
                           006272   834 _FADDRH	=	0x6272
                           006273   835 _FWDATA	=	0x6273
                           006276   836 _CHIPINFO0	=	0x6276
                           006277   837 _CHIPINFO1	=	0x6277
                           006281   838 _IRCTL	=	0x6281
                           006290   839 _CLD	=	0x6290
                           0062A0   840 _XX_T1CCTL0	=	0x62a0
                           0062A1   841 _XX_T1CCTL1	=	0x62a1
                           0062A2   842 _XX_T1CCTL2	=	0x62a2
                           0062A3   843 _T1CCTL3	=	0x62a3
                           0062A4   844 _T1CCTL4	=	0x62a4
                           0062A6   845 _XX_T1CC0L	=	0x62a6
                           0062A7   846 _XX_T1CC0H	=	0x62a7
                           0062A8   847 _XX_T1CC1L	=	0x62a8
                           0062A9   848 _XX_T1CC1H	=	0x62a9
                           0062AA   849 _XX_T1CC2L	=	0x62aa
                           0062AB   850 _XX_T1CC2H	=	0x62ab
                           0062AC   851 _T1CC3L	=	0x62ac
                           0062AD   852 _T1CC3H	=	0x62ad
                           0062AE   853 _T1CC4L	=	0x62ae
                           0062AF   854 _T1CC4H	=	0x62af
                           0062B0   855 _STCC	=	0x62b0
                           0062B1   856 _STCS	=	0x62b1
                           0062B2   857 _STCV0	=	0x62b2
                           0062B3   858 _STCV1	=	0x62b3
                           0062B4   859 _STCV2	=	0x62b4
                           0062C0   860 _OPAMPC	=	0x62c0
                           0062C1   861 _OPAMPS	=	0x62c1
                           0062D0   862 _CMPCTL	=	0x62d0
                           006000   863 _RFCORE_RAM	=	0x6000
                           006000   864 _RXFIFO	=	0x6000
                           006080   865 _TXFIFO	=	0x6080
                           006100   866 _SRC_ADDR_TABLE	=	0x6100
                           006160   867 _SRCRESMASK0	=	0x6160
                           006161   868 _SRCRESMASK1	=	0x6161
                           006162   869 _SRCRESMASK2	=	0x6162
                           006163   870 _SRCRESINDEX	=	0x6163
                           006164   871 _SRCEXTPENDEN0	=	0x6164
                           006165   872 _SRCEXTPENDEN1	=	0x6165
                           006166   873 _SRCEXTPENDEN2	=	0x6166
                           006167   874 _SRCSHORTPENDEN0	=	0x6167
                           006168   875 _SRCSHORTPENDEN1	=	0x6168
                           006169   876 _SRCSHORTPENDEN2	=	0x6169
                           00616A   877 _EXT_ADDR0	=	0x616a
                           00616B   878 _EXT_ADDR1	=	0x616b
                           00616C   879 _EXT_ADDR2	=	0x616c
                           00616D   880 _EXT_ADDR3	=	0x616d
                           00616E   881 _EXT_ADDR4	=	0x616e
                           00616F   882 _EXT_ADDR5	=	0x616f
                           006170   883 _EXT_ADDR6	=	0x6170
                           006171   884 _EXT_ADDR7	=	0x6171
                           006172   885 _PAN_ID0	=	0x6172
                           006173   886 _PAN_ID1	=	0x6173
                           006174   887 _SHORT_ADDR0	=	0x6174
                           006175   888 _SHORT_ADDR1	=	0x6175
                           006180   889 _FRMFILT0	=	0x6180
                           006181   890 _FRMFILT1	=	0x6181
                           006182   891 _SRCMATCH	=	0x6182
                           006183   892 _SRCSHORTEN0	=	0x6183
                           006184   893 _SRCSHORTEN1	=	0x6184
                           006185   894 _SRCSHORTEN2	=	0x6185
                           006186   895 _SRCEXTEN0	=	0x6186
                           006187   896 _SRCEXTEN1	=	0x6187
                           006188   897 _SRCEXTEN2	=	0x6188
                           006189   898 _FRMCTRL0	=	0x6189
                           00618A   899 _FRMCTRL1	=	0x618a
                           00618B   900 _RXENABLE	=	0x618b
                           00618C   901 _RXMASKSET	=	0x618c
                           00618D   902 _RXMASKCLR	=	0x618d
                           00618E   903 _FREQTUNE	=	0x618e
                           00618F   904 _FREQCTRL	=	0x618f
                           006190   905 _TXPOWER	=	0x6190
                           006191   906 _TXCTRL	=	0x6191
                           006192   907 _FSMSTAT0	=	0x6192
                           006193   908 _FSMSTAT1	=	0x6193
                           006194   909 _FIFOPCTRL	=	0x6194
                           006195   910 _FSMCTRL	=	0x6195
                           006196   911 _CCACTRL0	=	0x6196
                           006197   912 _CCACTRL1	=	0x6197
                           006198   913 _RSSI	=	0x6198
                           006199   914 _RSSISTAT	=	0x6199
                           00619A   915 _RXFIRST	=	0x619a
                           00619B   916 _RXFIFOCNT	=	0x619b
                           00619C   917 _TXFIFOCNT	=	0x619c
                           00619D   918 _RXFIRST_PTR	=	0x619d
                           00619E   919 _RXLAST_PTR	=	0x619e
                           00619F   920 _RXP1_PTR	=	0x619f
                           0061A1   921 _TXFIRST_PTR	=	0x61a1
                           0061A2   922 _TXLAST_PTR	=	0x61a2
                           0061A3   923 _RFIRQM0	=	0x61a3
                           0061A4   924 _RFIRQM1	=	0x61a4
                           0061A5   925 _RFERRM	=	0x61a5
                           0061A7   926 _RFRND	=	0x61a7
                           0061A8   927 _MDMCTRL0	=	0x61a8
                           0061A9   928 _MDMCTRL1	=	0x61a9
                           0061AA   929 _FREQEST	=	0x61aa
                           0061AB   930 _RXCTRL	=	0x61ab
                           0061AC   931 _FSCTRL	=	0x61ac
                           0061AD   932 _FSCAL0	=	0x61ad
                           0061AE   933 _FSCAL1	=	0x61ae
                           0061AF   934 _FSCAL2	=	0x61af
                           0061B0   935 _FSCAL3	=	0x61b0
                           0061B1   936 _AGCCTRL0	=	0x61b1
                           0061B2   937 _AGCCTRL1	=	0x61b2
                           0061B3   938 _AGCCTRL2	=	0x61b3
                           0061B4   939 _AGCCTRL3	=	0x61b4
                           0061B5   940 _ADCTEST0	=	0x61b5
                           0061B6   941 _ADCTEST1	=	0x61b6
                           0061B7   942 _ADCTEST2	=	0x61b7
                           0061B8   943 _MDMTEST0	=	0x61b8
                           0061B9   944 _MDMTEST1	=	0x61b9
                           0061BA   945 _DACTEST0	=	0x61ba
                           0061BB   946 _DACTEST1	=	0x61bb
                           0061BC   947 _DACTEST2	=	0x61bc
                           0061BD   948 _ATEST	=	0x61bd
                           0061BE   949 _PTEST0	=	0x61be
                           0061BF   950 _PTEST1	=	0x61bf
                           0061FA   951 _TXFILTCFG	=	0x61fa
                           0061EB   952 _RFC_OBS_CTRL0	=	0x61eb
                           0061EC   953 _RFC_OBS_CTRL1	=	0x61ec
                           0061ED   954 _RFC_OBS_CTRL2	=	0x61ed
                           0061C0   955 _CSPPROG0	=	0x61c0
                           0061C1   956 _CSPPROG1	=	0x61c1
                           0061C2   957 _CSPPROG2	=	0x61c2
                           0061C3   958 _CSPPROG3	=	0x61c3
                           0061C4   959 _CSPPROG4	=	0x61c4
                           0061C5   960 _CSPPROG5	=	0x61c5
                           0061C6   961 _CSPPROG6	=	0x61c6
                           0061C7   962 _CSPPROG7	=	0x61c7
                           0061C8   963 _CSPPROG8	=	0x61c8
                           0061C9   964 _CSPPROG9	=	0x61c9
                           0061CA   965 _CSPPROG10	=	0x61ca
                           0061CB   966 _CSPPROG11	=	0x61cb
                           0061CC   967 _CSPPROG12	=	0x61cc
                           0061CD   968 _CSPPROG13	=	0x61cd
                           0061CE   969 _CSPPROG14	=	0x61ce
                           0061CF   970 _CSPPROG15	=	0x61cf
                           0061D0   971 _CSPPROG16	=	0x61d0
                           0061D1   972 _CSPPROG17	=	0x61d1
                           0061D2   973 _CSPPROG18	=	0x61d2
                           0061D3   974 _CSPPROG19	=	0x61d3
                           0061D4   975 _CSPPROG20	=	0x61d4
                           0061D5   976 _CSPPROG21	=	0x61d5
                           0061D6   977 _CSPPROG22	=	0x61d6
                           0061D7   978 _CSPPROG23	=	0x61d7
                           0061E0   979 _CSPCTRL	=	0x61e0
                           0061E1   980 _CSPSTAT	=	0x61e1
                           0061E2   981 _CSPX	=	0x61e2
                           0061E3   982 _CSPY	=	0x61e3
                           0061E4   983 _CSPZ	=	0x61e4
                           0061E5   984 _CSPT	=	0x61e5
                           006200   985 _USBADDR	=	0x6200
                           006201   986 _USBPOW	=	0x6201
                           006202   987 _USBIIF	=	0x6202
                           006204   988 _USBOIF	=	0x6204
                           006206   989 _USBCIF	=	0x6206
                           006207   990 _USBIIE	=	0x6207
                           006209   991 _USBOIE	=	0x6209
                           00620B   992 _USBCIE	=	0x620b
                           00620C   993 _USBFRML	=	0x620c
                           00620D   994 _USBFRMH	=	0x620d
                           00620E   995 _USBINDEX	=	0x620e
                           00620F   996 _USBCTRL	=	0x620f
                           006210   997 _USBMAXI	=	0x6210
                           006211   998 _USBCS0	=	0x6211
                           006211   999 _USBCSIL	=	0x6211
                           006212  1000 _USBCSIH	=	0x6212
                           006213  1001 _USBMAXO	=	0x6213
                           006214  1002 _USBCSOL	=	0x6214
                           006215  1003 _USBCSOH	=	0x6215
                           006216  1004 _USBCNT0	=	0x6216
                           006216  1005 _USBCNTL	=	0x6216
                           006217  1006 _USBCNTH	=	0x6217
                           006220  1007 _USBF0	=	0x6220
                           006222  1008 _USBF1	=	0x6222
                           006224  1009 _USBF2	=	0x6224
                           006226  1010 _USBF3	=	0x6226
                           006228  1011 _USBF4	=	0x6228
                           00622A  1012 _USBF5	=	0x622a
                           007080  1013 _X_P0	=	0x7080
                           007086  1014 _X_U0CSR	=	0x7086
                           007089  1015 _X_P0IFG	=	0x7089
                           00708A  1016 _X_P1IFG	=	0x708a
                           00708B  1017 _X_P2IFG	=	0x708b
                           00708C  1018 _X_PICTL	=	0x708c
                           00708D  1019 _X_P1IEN	=	0x708d
                           00708F  1020 _X_P0INP	=	0x708f
                           007090  1021 _X_P1	=	0x7090
                           007091  1022 _X_RFIRQF1	=	0x7091
                           007093  1023 _X_MPAGE	=	0x7093
                           007093  1024 _X__XPAGE	=	0x7093
                           007094  1025 _X_T2CTRL	=	0x7094
                           007095  1026 _X_ST0	=	0x7095
                           007096  1027 _X_ST1	=	0x7096
                           007097  1028 _X_ST2	=	0x7097
                           00709C  1029 _X_T2EVTCFG	=	0x709c
                           00709D  1030 _X_SLEEPSTA	=	0x709d
                           00709E  1031 _X_CLKCONSTA	=	0x709e
                           00709F  1032 _X_FMAP	=	0x709f
                           00709F  1033 _X_PSBANK	=	0x709f
                           0070A0  1034 _X_P2	=	0x70a0
                           0070A1  1035 _X_T2IRQF	=	0x70a1
                           0070A2  1036 _X_T2M0	=	0x70a2
                           0070A3  1037 _X_T2M1	=	0x70a3
                           0070A4  1038 _X_T2MOVF0	=	0x70a4
                           0070A5  1039 _X_T2MOVF1	=	0x70a5
                           0070A6  1040 _X_T2MOVF2	=	0x70a6
                           0070A7  1041 _X_T2IRQM	=	0x70a7
                           0070AB  1042 _X_P0IEN	=	0x70ab
                           0070AC  1043 _X_P2IEN	=	0x70ac
                           0070AD  1044 _X_STLOAD	=	0x70ad
                           0070AE  1045 _X_PMUX	=	0x70ae
                           0070AF  1046 _X_T1STAT	=	0x70af
                           0070B1  1047 _X_ENCDI	=	0x70b1
                           0070B2  1048 _X_ENCDO	=	0x70b2
                           0070B3  1049 _X_ENCCS	=	0x70b3
                           0070B4  1050 _X_ADCCON1	=	0x70b4
                           0070B5  1051 _X_ADCCON2	=	0x70b5
                           0070B6  1052 _X_ADCCON3	=	0x70b6
                           0070BA  1053 _X_ADCL	=	0x70ba
                           0070BB  1054 _X_ADCH	=	0x70bb
                           0070BC  1055 _X_RNDL	=	0x70bc
                           0070BD  1056 _X_RNDH	=	0x70bd
                           0070BE  1057 _X_SLEEPCMD	=	0x70be
                           0070BF  1058 _X_RFERRF	=	0x70bf
                           0070C1  1059 _X_U0DBUF	=	0x70c1
                           0070C2  1060 _X_U0BAUD	=	0x70c2
                           0070C3  1061 _X_T2MSEL	=	0x70c3
                           0070C4  1062 _X_U0UCR	=	0x70c4
                           0070C5  1063 _X_U0GCR	=	0x70c5
                           0070C6  1064 _X_CLKCONCMD	=	0x70c6
                           0070C7  1065 _X_MEMCTR	=	0x70c7
                           0070C9  1066 _X_WDCTL	=	0x70c9
                           0070CA  1067 _X_T3CNT	=	0x70ca
                           0070CB  1068 _X_T3CTL	=	0x70cb
                           0070CC  1069 _X_T3CCTL0	=	0x70cc
                           0070CD  1070 _X_T3CC0	=	0x70cd
                           0070CE  1071 _X_T3CCTL1	=	0x70ce
                           0070CF  1072 _X_T3CC1	=	0x70cf
                           0070D1  1073 _X_DMAIRQ	=	0x70d1
                           0070D2  1074 _X_DMA1CFGL	=	0x70d2
                           0070D3  1075 _X_DMA1CFGH	=	0x70d3
                           0070D4  1076 _X_DMA0CFGL	=	0x70d4
                           0070D5  1077 _X_DMA0CFGH	=	0x70d5
                           0070D6  1078 _X_DMAARM	=	0x70d6
                           0070D7  1079 _X_DMAREQ	=	0x70d7
                           0070D8  1080 _X_TIMIF	=	0x70d8
                           0070D9  1081 _X_RFD	=	0x70d9
                           0070DA  1082 _X_T1CC0L	=	0x70da
                           0070DB  1083 _X_T1CC0H	=	0x70db
                           0070DC  1084 _X_T1CC1L	=	0x70dc
                           0070DD  1085 _X_T1CC1H	=	0x70dd
                           0070DE  1086 _X_T1CC2L	=	0x70de
                           0070DF  1087 _X_T1CC2H	=	0x70df
                           0070E1  1088 _X_RFST	=	0x70e1
                           0070E2  1089 _X_T1CNTL	=	0x70e2
                           0070E3  1090 _X_T1CNTH	=	0x70e3
                           0070E4  1091 _X_T1CTL	=	0x70e4
                           0070E5  1092 _X_T1CCTL0	=	0x70e5
                           0070E6  1093 _X_T1CCTL1	=	0x70e6
                           0070E7  1094 _X_T1CCTL2	=	0x70e7
                           0070E9  1095 _X_RFIRQF0	=	0x70e9
                           0070EA  1096 _X_T4CNT	=	0x70ea
                           0070EB  1097 _X_T4CTL	=	0x70eb
                           0070EC  1098 _X_T4CCTL0	=	0x70ec
                           0070ED  1099 _X_T4CC0	=	0x70ed
                           0070EE  1100 _X_T4CCTL1	=	0x70ee
                           0070EF  1101 _X_T4CC1	=	0x70ef
                           0070F1  1102 _X_PERCFG	=	0x70f1
                           0070F2  1103 _X_APCFG	=	0x70f2
                           0070F3  1104 _X_P0SEL	=	0x70f3
                           0070F4  1105 _X_P1SEL	=	0x70f4
                           0070F5  1106 _X_P2SEL	=	0x70f5
                           0070F6  1107 _X_P1INP	=	0x70f6
                           0070F7  1108 _X_P2INP	=	0x70f7
                           0070F8  1109 _X_U1CSR	=	0x70f8
                           0070F9  1110 _X_U1DBUF	=	0x70f9
                           0070FA  1111 _X_U1BAUD	=	0x70fa
                           0070FB  1112 _X_U1UCR	=	0x70fb
                           0070FC  1113 _X_U1GCR	=	0x70fc
                           0070FD  1114 _X_P0DIR	=	0x70fd
                           0070FE  1115 _X_P1DIR	=	0x70fe
                           0070FF  1116 _X_P2DIR	=	0x70ff
                           007800  1117 _X_INFOPAGE	=	0x7800
                           00780C  1118 _X_IEEE_ADDR	=	0x780c
                                   1119 ;--------------------------------------------------------
                                   1120 ; absolute external ram data
                                   1121 ;--------------------------------------------------------
                                   1122 	.area XABS    (ABS,XDATA)
                                   1123 ;--------------------------------------------------------
                                   1124 ; external initialized ram data
                                   1125 ;--------------------------------------------------------
                                   1126 	.area XISEG   (XDATA)
                                   1127 	.area HOME    (CODE)
                                   1128 	.area GSINIT0 (CODE)
                                   1129 	.area GSINIT1 (CODE)
                                   1130 	.area GSINIT2 (CODE)
                                   1131 	.area GSINIT3 (CODE)
                                   1132 	.area GSINIT4 (CODE)
                                   1133 	.area GSINIT5 (CODE)
                                   1134 	.area GSINIT  (CODE)
                                   1135 	.area GSFINAL (CODE)
                                   1136 	.area CSEG    (CODE)
                                   1137 ;--------------------------------------------------------
                                   1138 ; global & static initialisations
                                   1139 ;--------------------------------------------------------
                                   1140 	.area HOME    (CODE)
                                   1141 	.area GSINIT  (CODE)
                                   1142 	.area GSFINAL (CODE)
                                   1143 	.area GSINIT  (CODE)
                                   1144 ;--------------------------------------------------------
                                   1145 ; Home
                                   1146 ;--------------------------------------------------------
                                   1147 	.area HOME    (CODE)
                                   1148 	.area HOME    (CODE)
                                   1149 ;--------------------------------------------------------
                                   1150 ; code
                                   1151 ;--------------------------------------------------------
                                   1152 	.area CSEG    (CODE)
                                   1153 ;------------------------------------------------------------
                                   1154 ;Allocation info for local variables in function 'abc_open'
                                   1155 ;------------------------------------------------------------
                                   1156 ;channelno                 Allocated to stack - sp -3
                                   1157 ;callbacks                 Allocated to stack - sp -6
                                   1158 ;c                         Allocated to registers r5 r6 r7 
                                   1159 ;------------------------------------------------------------
                                   1160 ;	../../core/net/rime/abc.c:65: abc_open(struct abc_conn *c, uint16_t channelno,
                                   1161 ;	-----------------------------------------
                                   1162 ;	 function abc_open
                                   1163 ;	-----------------------------------------
      000000                       1164 _abc_open:
                           000007  1165 	ar7 = 0x07
                           000006  1166 	ar6 = 0x06
                           000005  1167 	ar5 = 0x05
                           000004  1168 	ar4 = 0x04
                           000003  1169 	ar3 = 0x03
                           000002  1170 	ar2 = 0x02
                           000001  1171 	ar1 = 0x01
                           000000  1172 	ar0 = 0x00
      000000 AD 82            [24] 1173 	mov	r5,dpl
      000002 AE 83            [24] 1174 	mov	r6,dph
      000004 AF F0            [24] 1175 	mov	r7,b
                                   1176 ;	../../core/net/rime/abc.c:68: channel_open(&c->channel, channelno);
      000006 C0 07            [24] 1177 	push	ar7
      000008 C0 06            [24] 1178 	push	ar6
      00000A C0 05            [24] 1179 	push	ar5
      00000C E5 81            [12] 1180 	mov	a,sp
      00000E 24 FA            [12] 1181 	add	a,#0xfa
      000010 F8               [12] 1182 	mov	r0,a
      000011 E6               [12] 1183 	mov	a,@r0
      000012 C0 E0            [24] 1184 	push	acc
      000014 08               [12] 1185 	inc	r0
      000015 E6               [12] 1186 	mov	a,@r0
      000016 C0 E0            [24] 1187 	push	acc
      000018 8D 82            [24] 1188 	mov	dpl,r5
      00001A 8E 83            [24] 1189 	mov	dph,r6
      00001C 8F F0            [24] 1190 	mov	b,r7
      00001E 12r00r00         [24] 1191 	lcall	_channel_open
      000021 15 81            [12] 1192 	dec	sp
      000023 15 81            [12] 1193 	dec	sp
      000025 D0 05            [24] 1194 	pop	ar5
      000027 D0 06            [24] 1195 	pop	ar6
      000029 D0 07            [24] 1196 	pop	ar7
                                   1197 ;	../../core/net/rime/abc.c:69: c->u = callbacks;
      00002B 74 09            [12] 1198 	mov	a,#0x09
      00002D 2D               [12] 1199 	add	a,r5
      00002E FD               [12] 1200 	mov	r5,a
      00002F E4               [12] 1201 	clr	a
      000030 3E               [12] 1202 	addc	a,r6
      000031 FE               [12] 1203 	mov	r6,a
      000032 8D 82            [24] 1204 	mov	dpl,r5
      000034 8E 83            [24] 1205 	mov	dph,r6
      000036 8F F0            [24] 1206 	mov	b,r7
      000038 E5 81            [12] 1207 	mov	a,sp
      00003A 24 FA            [12] 1208 	add	a,#0xfa
      00003C F8               [12] 1209 	mov	r0,a
      00003D E6               [12] 1210 	mov	a,@r0
      00003E 12r00r00         [24] 1211 	lcall	__gptrput
      000041 A3               [24] 1212 	inc	dptr
      000042 08               [12] 1213 	inc	r0
      000043 E6               [12] 1214 	mov	a,@r0
      000044 12r00r00         [24] 1215 	lcall	__gptrput
      000047 A3               [24] 1216 	inc	dptr
      000048 08               [12] 1217 	inc	r0
      000049 E6               [12] 1218 	mov	a,@r0
      00004A 12r00r00         [24] 1219 	lcall	__gptrput
                                   1220 ;	../../core/net/rime/abc.c:70: channel_set_attributes(channelno, attributes);
      00004D 74r00            [12] 1221 	mov	a,#_attributes
      00004F C0 E0            [24] 1222 	push	acc
      000051 74s00            [12] 1223 	mov	a,#(_attributes >> 8)
      000053 C0 E0            [24] 1224 	push	acc
      000055 74 80            [12] 1225 	mov	a,#0x80
      000057 C0 E0            [24] 1226 	push	acc
      000059 E5 81            [12] 1227 	mov	a,sp
      00005B 24 FA            [12] 1228 	add	a,#0xfa
      00005D F8               [12] 1229 	mov	r0,a
      00005E 86 82            [24] 1230 	mov	dpl,@r0
      000060 08               [12] 1231 	inc	r0
      000061 86 83            [24] 1232 	mov	dph,@r0
      000063 12r00r00         [24] 1233 	lcall	_channel_set_attributes
      000066 15 81            [12] 1234 	dec	sp
      000068 15 81            [12] 1235 	dec	sp
      00006A 15 81            [12] 1236 	dec	sp
                                   1237 ;	../../core/net/rime/abc.c:71: }
      00006C 22               [24] 1238 	ret
                                   1239 ;------------------------------------------------------------
                                   1240 ;Allocation info for local variables in function 'abc_close'
                                   1241 ;------------------------------------------------------------
                                   1242 ;c                         Allocated to registers r5 r6 r7 
                                   1243 ;------------------------------------------------------------
                                   1244 ;	../../core/net/rime/abc.c:74: abc_close(struct abc_conn *c)
                                   1245 ;	-----------------------------------------
                                   1246 ;	 function abc_close
                                   1247 ;	-----------------------------------------
      00006D                       1248 _abc_close:
                                   1249 ;	../../core/net/rime/abc.c:76: channel_close(&c->channel);
                                   1250 ;	../../core/net/rime/abc.c:77: }
      00006D 02r00r00         [24] 1251 	ljmp	_channel_close
                                   1252 ;------------------------------------------------------------
                                   1253 ;Allocation info for local variables in function 'abc_send'
                                   1254 ;------------------------------------------------------------
                                   1255 ;c                         Allocated to registers r5 r6 r7 
                                   1256 ;------------------------------------------------------------
                                   1257 ;	../../core/net/rime/abc.c:80: abc_send(struct abc_conn *c)
                                   1258 ;	-----------------------------------------
                                   1259 ;	 function abc_send
                                   1260 ;	-----------------------------------------
      000070                       1261 _abc_send:
                                   1262 ;	../../core/net/rime/abc.c:85: return rime_output(&c->channel);
                                   1263 ;	../../core/net/rime/abc.c:86: }
      000070 02r00r00         [24] 1264 	ljmp	_rime_output
                                   1265 ;------------------------------------------------------------
                                   1266 ;Allocation info for local variables in function 'abc_input'
                                   1267 ;------------------------------------------------------------
                                   1268 ;channel                   Allocated to registers r5 r6 r7 
                                   1269 ;c                         Allocated to registers r5 r6 r7 
                                   1270 ;------------------------------------------------------------
                                   1271 ;	../../core/net/rime/abc.c:89: abc_input(struct channel *channel)
                                   1272 ;	-----------------------------------------
                                   1273 ;	 function abc_input
                                   1274 ;	-----------------------------------------
      000073                       1275 _abc_input:
      000073 AD 82            [24] 1276 	mov	r5,dpl
      000075 AE 83            [24] 1277 	mov	r6,dph
      000077 AF F0            [24] 1278 	mov	r7,b
                                   1279 ;	../../core/net/rime/abc.c:91: struct abc_conn *c = (struct abc_conn *)channel;
                                   1280 ;	../../core/net/rime/abc.c:96: if(c->u->recv) {
      000079 74 09            [12] 1281 	mov	a,#0x09
      00007B 2D               [12] 1282 	add	a,r5
      00007C FB               [12] 1283 	mov	r3,a
      00007D E4               [12] 1284 	clr	a
      00007E 3E               [12] 1285 	addc	a,r6
      00007F FA               [12] 1286 	mov	r2,a
      000080 8F 04            [24] 1287 	mov	ar4,r7
      000082 8B 82            [24] 1288 	mov	dpl,r3
      000084 8A 83            [24] 1289 	mov	dph,r2
      000086 8C F0            [24] 1290 	mov	b,r4
      000088 12r00r00         [24] 1291 	lcall	__gptrget
      00008B FB               [12] 1292 	mov	r3,a
      00008C A3               [24] 1293 	inc	dptr
      00008D 12r00r00         [24] 1294 	lcall	__gptrget
      000090 FA               [12] 1295 	mov	r2,a
      000091 A3               [24] 1296 	inc	dptr
      000092 12r00r00         [24] 1297 	lcall	__gptrget
      000095 FC               [12] 1298 	mov	r4,a
      000096 8B 82            [24] 1299 	mov	dpl,r3
      000098 8A 83            [24] 1300 	mov	dph,r2
      00009A 8C F0            [24] 1301 	mov	b,r4
      00009C 12r00r00         [24] 1302 	lcall	__gptrget
      00009F FB               [12] 1303 	mov	r3,a
      0000A0 A3               [24] 1304 	inc	dptr
      0000A1 12r00r00         [24] 1305 	lcall	__gptrget
      0000A4 FC               [12] 1306 	mov	r4,a
      0000A5 4B               [12] 1307 	orl	a,r3
      0000A6 60 18            [24] 1308 	jz	00103$
                                   1309 ;	../../core/net/rime/abc.c:97: c->u->recv(c);
      0000A8 C0 04            [24] 1310 	push	ar4
      0000AA C0 03            [24] 1311 	push	ar3
      0000AC 12r00rB1         [24] 1312 	lcall	00110$
      0000AF 80 0B            [24] 1313 	sjmp	00111$
      0000B1                       1314 00110$:
      0000B1 C0 03            [24] 1315 	push	ar3
      0000B3 C0 04            [24] 1316 	push	ar4
      0000B5 8D 82            [24] 1317 	mov	dpl,r5
      0000B7 8E 83            [24] 1318 	mov	dph,r6
      0000B9 8F F0            [24] 1319 	mov	b,r7
      0000BB 22               [24] 1320 	ret
      0000BC                       1321 00111$:
      0000BC D0 03            [24] 1322 	pop	ar3
      0000BE D0 04            [24] 1323 	pop	ar4
      0000C0                       1324 00103$:
                                   1325 ;	../../core/net/rime/abc.c:99: }
      0000C0 22               [24] 1326 	ret
                                   1327 ;------------------------------------------------------------
                                   1328 ;Allocation info for local variables in function 'abc_sent'
                                   1329 ;------------------------------------------------------------
                                   1330 ;status                    Allocated to stack - sp -3
                                   1331 ;num_tx                    Allocated to stack - sp -5
                                   1332 ;channel                   Allocated to registers r5 r6 r7 
                                   1333 ;c                         Allocated to registers r5 r6 r7 
                                   1334 ;------------------------------------------------------------
                                   1335 ;	../../core/net/rime/abc.c:102: abc_sent(struct channel *channel, int status, int num_tx)
                                   1336 ;	-----------------------------------------
                                   1337 ;	 function abc_sent
                                   1338 ;	-----------------------------------------
      0000C1                       1339 _abc_sent:
      0000C1 AD 82            [24] 1340 	mov	r5,dpl
      0000C3 AE 83            [24] 1341 	mov	r6,dph
      0000C5 AF F0            [24] 1342 	mov	r7,b
                                   1343 ;	../../core/net/rime/abc.c:104: struct abc_conn *c = (struct abc_conn *)channel;
                                   1344 ;	../../core/net/rime/abc.c:109: if(c->u->sent) {
      0000C7 74 09            [12] 1345 	mov	a,#0x09
      0000C9 2D               [12] 1346 	add	a,r5
      0000CA FB               [12] 1347 	mov	r3,a
      0000CB E4               [12] 1348 	clr	a
      0000CC 3E               [12] 1349 	addc	a,r6
      0000CD FA               [12] 1350 	mov	r2,a
      0000CE 8F 04            [24] 1351 	mov	ar4,r7
      0000D0 8B 82            [24] 1352 	mov	dpl,r3
      0000D2 8A 83            [24] 1353 	mov	dph,r2
      0000D4 8C F0            [24] 1354 	mov	b,r4
      0000D6 12r00r00         [24] 1355 	lcall	__gptrget
      0000D9 FB               [12] 1356 	mov	r3,a
      0000DA A3               [24] 1357 	inc	dptr
      0000DB 12r00r00         [24] 1358 	lcall	__gptrget
      0000DE FA               [12] 1359 	mov	r2,a
      0000DF A3               [24] 1360 	inc	dptr
      0000E0 12r00r00         [24] 1361 	lcall	__gptrget
      0000E3 FC               [12] 1362 	mov	r4,a
      0000E4 74 02            [12] 1363 	mov	a,#0x02
      0000E6 2B               [12] 1364 	add	a,r3
      0000E7 FB               [12] 1365 	mov	r3,a
      0000E8 E4               [12] 1366 	clr	a
      0000E9 3A               [12] 1367 	addc	a,r2
      0000EA FA               [12] 1368 	mov	r2,a
      0000EB 8B 82            [24] 1369 	mov	dpl,r3
      0000ED 8A 83            [24] 1370 	mov	dph,r2
      0000EF 8C F0            [24] 1371 	mov	b,r4
      0000F1 12r00r00         [24] 1372 	lcall	__gptrget
      0000F4 FB               [12] 1373 	mov	r3,a
      0000F5 A3               [24] 1374 	inc	dptr
      0000F6 12r00r00         [24] 1375 	lcall	__gptrget
      0000F9 FC               [12] 1376 	mov	r4,a
      0000FA 4B               [12] 1377 	orl	a,r3
      0000FB 60 36            [24] 1378 	jz	00103$
                                   1379 ;	../../core/net/rime/abc.c:110: c->u->sent(c, status, num_tx);
      0000FD C0 04            [24] 1380 	push	ar4
      0000FF C0 03            [24] 1381 	push	ar3
      000101 E5 81            [12] 1382 	mov	a,sp
      000103 24 F9            [12] 1383 	add	a,#0xf9
      000105 F8               [12] 1384 	mov	r0,a
      000106 E6               [12] 1385 	mov	a,@r0
      000107 C0 E0            [24] 1386 	push	acc
      000109 08               [12] 1387 	inc	r0
      00010A E6               [12] 1388 	mov	a,@r0
      00010B C0 E0            [24] 1389 	push	acc
      00010D E5 81            [12] 1390 	mov	a,sp
      00010F 24 F9            [12] 1391 	add	a,#0xf9
      000111 F8               [12] 1392 	mov	r0,a
      000112 E6               [12] 1393 	mov	a,@r0
      000113 C0 E0            [24] 1394 	push	acc
      000115 08               [12] 1395 	inc	r0
      000116 E6               [12] 1396 	mov	a,@r0
      000117 C0 E0            [24] 1397 	push	acc
      000119 12r01r1E         [24] 1398 	lcall	00110$
      00011C 80 0B            [24] 1399 	sjmp	00111$
      00011E                       1400 00110$:
      00011E C0 03            [24] 1401 	push	ar3
      000120 C0 04            [24] 1402 	push	ar4
      000122 8D 82            [24] 1403 	mov	dpl,r5
      000124 8E 83            [24] 1404 	mov	dph,r6
      000126 8F F0            [24] 1405 	mov	b,r7
      000128 22               [24] 1406 	ret
      000129                       1407 00111$:
      000129 E5 81            [12] 1408 	mov	a,sp
      00012B 24 FC            [12] 1409 	add	a,#0xfc
      00012D F5 81            [12] 1410 	mov	sp,a
      00012F D0 03            [24] 1411 	pop	ar3
      000131 D0 04            [24] 1412 	pop	ar4
      000133                       1413 00103$:
                                   1414 ;	../../core/net/rime/abc.c:112: }
      000133 22               [24] 1415 	ret
                                   1416 	.area CSEG    (CODE)
                                   1417 	.area CONST   (CODE)
      000000                       1418 _attributes:
      000000 00                    1419 	.db #0x00	; 0
      000001 00                    1420 	.db #0x00	; 0
                                   1421 	.area XINIT   (CODE)
                                   1422 	.area CABS    (ABS,CODE)
