                                      1 ;--------------------------------------------------------
                                      2 ; File Created by SDCC : free open source ANSI-C Compiler
                                      3 ; Version 4.0.0 #11528 (Linux)
                                      4 ;--------------------------------------------------------
                                      5 	.module broadcast
                                      6 	.optsdcc -mmcs51 --model-large
                                      7 	
                                      8 ;--------------------------------------------------------
                                      9 ; Public variables in this module
                                     10 ;--------------------------------------------------------
                                     11 	.globl _abc_send
                                     12 	.globl _abc_close
                                     13 	.globl _abc_open
                                     14 	.globl _channel_set_attributes
                                     15 	.globl _packetbuf_addr
                                     16 	.globl _packetbuf_set_addr
                                     17 	.globl _rimeaddr_copy
                                     18 	.globl _ACTIVE
                                     19 	.globl _TX_BYTE
                                     20 	.globl _RX_BYTE
                                     21 	.globl _ERR
                                     22 	.globl _FE
                                     23 	.globl _SLAVE
                                     24 	.globl _RE
                                     25 	.globl _MODE
                                     26 	.globl _T3OVFIF
                                     27 	.globl _T3CH0IF
                                     28 	.globl _T3CH1IF
                                     29 	.globl _T4OVFIF
                                     30 	.globl _T4CH0IF
                                     31 	.globl _T4CH1IF
                                     32 	.globl _OVFIM
                                     33 	.globl _B_0
                                     34 	.globl _B_1
                                     35 	.globl _B_2
                                     36 	.globl _B_3
                                     37 	.globl _B_4
                                     38 	.globl _B_5
                                     39 	.globl _B_6
                                     40 	.globl _B_7
                                     41 	.globl _P2IF
                                     42 	.globl _UTX0IF
                                     43 	.globl _UTX1IF
                                     44 	.globl _P1IF
                                     45 	.globl _WDTIF
                                     46 	.globl _ACC_0
                                     47 	.globl _ACC_1
                                     48 	.globl _ACC_2
                                     49 	.globl _ACC_3
                                     50 	.globl _ACC_4
                                     51 	.globl _ACC_5
                                     52 	.globl _ACC_6
                                     53 	.globl _ACC_7
                                     54 	.globl _P
                                     55 	.globl _F1
                                     56 	.globl _OV
                                     57 	.globl _RS0
                                     58 	.globl _RS1
                                     59 	.globl _F0
                                     60 	.globl _AC
                                     61 	.globl _CY
                                     62 	.globl _DMAIF
                                     63 	.globl _T1IF
                                     64 	.globl _T2IF
                                     65 	.globl _T3IF
                                     66 	.globl _T4IF
                                     67 	.globl _P0IF
                                     68 	.globl _STIF
                                     69 	.globl _DMAIE
                                     70 	.globl _T1IE
                                     71 	.globl _T2IE
                                     72 	.globl _T3IE
                                     73 	.globl _T4IE
                                     74 	.globl _P0IE
                                     75 	.globl _RFERRIE
                                     76 	.globl _ADCIE
                                     77 	.globl _URX0IE
                                     78 	.globl _URX1IE
                                     79 	.globl _ENCIE
                                     80 	.globl _STIE
                                     81 	.globl _EA
                                     82 	.globl _P2_0
                                     83 	.globl _P2_1
                                     84 	.globl _P2_2
                                     85 	.globl _P2_3
                                     86 	.globl _P2_4
                                     87 	.globl _P2_5
                                     88 	.globl _P2_6
                                     89 	.globl _P2_7
                                     90 	.globl _ENCIF_0
                                     91 	.globl _ENCIF_1
                                     92 	.globl _P1_0
                                     93 	.globl _P1_1
                                     94 	.globl _P1_2
                                     95 	.globl _P1_3
                                     96 	.globl _P1_4
                                     97 	.globl _P1_5
                                     98 	.globl _P1_6
                                     99 	.globl _P1_7
                                    100 	.globl _IT0
                                    101 	.globl _RFERRIF
                                    102 	.globl _IT1
                                    103 	.globl _URX0IF
                                    104 	.globl _ADCIF
                                    105 	.globl _URX1IF
                                    106 	.globl _P0_0
                                    107 	.globl _P0_1
                                    108 	.globl _P0_2
                                    109 	.globl _P0_3
                                    110 	.globl _P0_4
                                    111 	.globl _P0_5
                                    112 	.globl _P0_6
                                    113 	.globl _P0_7
                                    114 	.globl _WDCTL
                                    115 	.globl _U1GCR
                                    116 	.globl _U1UCR
                                    117 	.globl _U1BAUD
                                    118 	.globl _U1DBUF
                                    119 	.globl _U1CSR
                                    120 	.globl _U0GCR
                                    121 	.globl _U0UCR
                                    122 	.globl _U0BAUD
                                    123 	.globl _U0DBUF
                                    124 	.globl _U0CSR
                                    125 	.globl _TIMIF
                                    126 	.globl _T4CC1
                                    127 	.globl _T4CCTL1
                                    128 	.globl _T4CC0
                                    129 	.globl _T4CCTL0
                                    130 	.globl _T4CTL
                                    131 	.globl _T4CNT
                                    132 	.globl _T3CC1
                                    133 	.globl _T3CCTL1
                                    134 	.globl _T3CC0
                                    135 	.globl _T3CCTL0
                                    136 	.globl _T3CTL
                                    137 	.globl _T3CNT
                                    138 	.globl _T2MSEL
                                    139 	.globl _T2IRQM
                                    140 	.globl _T2MOVF2
                                    141 	.globl _T2MOVF1
                                    142 	.globl _T2MOVF0
                                    143 	.globl _T2M1
                                    144 	.globl _T2M0
                                    145 	.globl _T2IRQF
                                    146 	.globl _T2EVTCFG
                                    147 	.globl _T2CTRL
                                    148 	.globl _T1STAT
                                    149 	.globl _T1CCTL2
                                    150 	.globl _T1CCTL1
                                    151 	.globl _T1CCTL0
                                    152 	.globl _T1CTL
                                    153 	.globl _T1CNTH
                                    154 	.globl _T1CNTL
                                    155 	.globl _T1CC2H
                                    156 	.globl _T1CC2L
                                    157 	.globl _T1CC1H
                                    158 	.globl _T1CC1L
                                    159 	.globl _T1CC0H
                                    160 	.globl _T1CC0L
                                    161 	.globl _CLKCONSTA
                                    162 	.globl _CLKCONCMD
                                    163 	.globl _SLEEPSTA
                                    164 	.globl _SLEEPCMD
                                    165 	.globl _STLOAD
                                    166 	.globl _ST2
                                    167 	.globl _ST1
                                    168 	.globl _ST0
                                    169 	.globl _RFERRF
                                    170 	.globl _RFIRQF0
                                    171 	.globl _RFST
                                    172 	.globl _RFD
                                    173 	.globl _RFIRQF1
                                    174 	.globl _PSBANK
                                    175 	.globl _FMAP
                                    176 	.globl _MEMCTR
                                    177 	.globl __XPAGE
                                    178 	.globl _MPAGE
                                    179 	.globl _PMUX
                                    180 	.globl _P2DIR
                                    181 	.globl _P1DIR
                                    182 	.globl _P0DIR
                                    183 	.globl _P2INP
                                    184 	.globl _P1INP
                                    185 	.globl _P2SEL
                                    186 	.globl _P1SEL
                                    187 	.globl _P0SEL
                                    188 	.globl _APCFG
                                    189 	.globl _PERCFG
                                    190 	.globl _P0INP
                                    191 	.globl _P2IEN
                                    192 	.globl _P1IEN
                                    193 	.globl _P0IEN
                                    194 	.globl _PICTL
                                    195 	.globl _P2IFG
                                    196 	.globl _P1IFG
                                    197 	.globl _P0IFG
                                    198 	.globl _DMAREQ
                                    199 	.globl _DMAARM
                                    200 	.globl _DMA0CFGH
                                    201 	.globl _DMA0CFGL
                                    202 	.globl _DMA1CFGH
                                    203 	.globl _DMA1CFGL
                                    204 	.globl _DMAIRQ
                                    205 	.globl _ENCCS
                                    206 	.globl _ENCDO
                                    207 	.globl _ENCDI
                                    208 	.globl _RNDH
                                    209 	.globl _RNDL
                                    210 	.globl _ADCH
                                    211 	.globl _ADCL
                                    212 	.globl _ADCCON3
                                    213 	.globl _ADCCON2
                                    214 	.globl _ADCCON1
                                    215 	.globl _B
                                    216 	.globl _IRCON2
                                    217 	.globl _ACC
                                    218 	.globl _PSW
                                    219 	.globl _IRCON
                                    220 	.globl _IP1
                                    221 	.globl _IEN1
                                    222 	.globl _IP0
                                    223 	.globl _IEN0
                                    224 	.globl _P2
                                    225 	.globl _S1CON
                                    226 	.globl _IEN2
                                    227 	.globl _S0CON
                                    228 	.globl _DPS
                                    229 	.globl _P1
                                    230 	.globl _TCON
                                    231 	.globl _PCON
                                    232 	.globl _DPH1
                                    233 	.globl _DPL1
                                    234 	.globl _DPH0
                                    235 	.globl _DPL0
                                    236 	.globl _SP
                                    237 	.globl _P0
                                    238 	.globl _X_IEEE_ADDR
                                    239 	.globl _X_INFOPAGE
                                    240 	.globl _X_P2DIR
                                    241 	.globl _X_P1DIR
                                    242 	.globl _X_P0DIR
                                    243 	.globl _X_U1GCR
                                    244 	.globl _X_U1UCR
                                    245 	.globl _X_U1BAUD
                                    246 	.globl _X_U1DBUF
                                    247 	.globl _X_U1CSR
                                    248 	.globl _X_P2INP
                                    249 	.globl _X_P1INP
                                    250 	.globl _X_P2SEL
                                    251 	.globl _X_P1SEL
                                    252 	.globl _X_P0SEL
                                    253 	.globl _X_APCFG
                                    254 	.globl _X_PERCFG
                                    255 	.globl _X_T4CC1
                                    256 	.globl _X_T4CCTL1
                                    257 	.globl _X_T4CC0
                                    258 	.globl _X_T4CCTL0
                                    259 	.globl _X_T4CTL
                                    260 	.globl _X_T4CNT
                                    261 	.globl _X_RFIRQF0
                                    262 	.globl _X_T1CCTL2
                                    263 	.globl _X_T1CCTL1
                                    264 	.globl _X_T1CCTL0
                                    265 	.globl _X_T1CTL
                                    266 	.globl _X_T1CNTH
                                    267 	.globl _X_T1CNTL
                                    268 	.globl _X_RFST
                                    269 	.globl _X_T1CC2H
                                    270 	.globl _X_T1CC2L
                                    271 	.globl _X_T1CC1H
                                    272 	.globl _X_T1CC1L
                                    273 	.globl _X_T1CC0H
                                    274 	.globl _X_T1CC0L
                                    275 	.globl _X_RFD
                                    276 	.globl _X_TIMIF
                                    277 	.globl _X_DMAREQ
                                    278 	.globl _X_DMAARM
                                    279 	.globl _X_DMA0CFGH
                                    280 	.globl _X_DMA0CFGL
                                    281 	.globl _X_DMA1CFGH
                                    282 	.globl _X_DMA1CFGL
                                    283 	.globl _X_DMAIRQ
                                    284 	.globl _X_T3CC1
                                    285 	.globl _X_T3CCTL1
                                    286 	.globl _X_T3CC0
                                    287 	.globl _X_T3CCTL0
                                    288 	.globl _X_T3CTL
                                    289 	.globl _X_T3CNT
                                    290 	.globl _X_WDCTL
                                    291 	.globl _X_MEMCTR
                                    292 	.globl _X_CLKCONCMD
                                    293 	.globl _X_U0GCR
                                    294 	.globl _X_U0UCR
                                    295 	.globl _X_T2MSEL
                                    296 	.globl _X_U0BAUD
                                    297 	.globl _X_U0DBUF
                                    298 	.globl _X_RFERRF
                                    299 	.globl _X_SLEEPCMD
                                    300 	.globl _X_RNDH
                                    301 	.globl _X_RNDL
                                    302 	.globl _X_ADCH
                                    303 	.globl _X_ADCL
                                    304 	.globl _X_ADCCON3
                                    305 	.globl _X_ADCCON2
                                    306 	.globl _X_ADCCON1
                                    307 	.globl _X_ENCCS
                                    308 	.globl _X_ENCDO
                                    309 	.globl _X_ENCDI
                                    310 	.globl _X_T1STAT
                                    311 	.globl _X_PMUX
                                    312 	.globl _X_STLOAD
                                    313 	.globl _X_P2IEN
                                    314 	.globl _X_P0IEN
                                    315 	.globl _X_T2IRQM
                                    316 	.globl _X_T2MOVF2
                                    317 	.globl _X_T2MOVF1
                                    318 	.globl _X_T2MOVF0
                                    319 	.globl _X_T2M1
                                    320 	.globl _X_T2M0
                                    321 	.globl _X_T2IRQF
                                    322 	.globl _X_P2
                                    323 	.globl _X_PSBANK
                                    324 	.globl _X_FMAP
                                    325 	.globl _X_CLKCONSTA
                                    326 	.globl _X_SLEEPSTA
                                    327 	.globl _X_T2EVTCFG
                                    328 	.globl _X_ST2
                                    329 	.globl _X_ST1
                                    330 	.globl _X_ST0
                                    331 	.globl _X_T2CTRL
                                    332 	.globl _X__XPAGE
                                    333 	.globl _X_MPAGE
                                    334 	.globl _X_RFIRQF1
                                    335 	.globl _X_P1
                                    336 	.globl _X_P0INP
                                    337 	.globl _X_P1IEN
                                    338 	.globl _X_PICTL
                                    339 	.globl _X_P2IFG
                                    340 	.globl _X_P1IFG
                                    341 	.globl _X_P0IFG
                                    342 	.globl _X_U0CSR
                                    343 	.globl _X_P0
                                    344 	.globl _USBF5
                                    345 	.globl _USBF4
                                    346 	.globl _USBF3
                                    347 	.globl _USBF2
                                    348 	.globl _USBF1
                                    349 	.globl _USBF0
                                    350 	.globl _USBCNTH
                                    351 	.globl _USBCNTL
                                    352 	.globl _USBCNT0
                                    353 	.globl _USBCSOH
                                    354 	.globl _USBCSOL
                                    355 	.globl _USBMAXO
                                    356 	.globl _USBCSIH
                                    357 	.globl _USBCSIL
                                    358 	.globl _USBCS0
                                    359 	.globl _USBMAXI
                                    360 	.globl _USBCTRL
                                    361 	.globl _USBINDEX
                                    362 	.globl _USBFRMH
                                    363 	.globl _USBFRML
                                    364 	.globl _USBCIE
                                    365 	.globl _USBOIE
                                    366 	.globl _USBIIE
                                    367 	.globl _USBCIF
                                    368 	.globl _USBOIF
                                    369 	.globl _USBIIF
                                    370 	.globl _USBPOW
                                    371 	.globl _USBADDR
                                    372 	.globl _CSPT
                                    373 	.globl _CSPZ
                                    374 	.globl _CSPY
                                    375 	.globl _CSPX
                                    376 	.globl _CSPSTAT
                                    377 	.globl _CSPCTRL
                                    378 	.globl _CSPPROG23
                                    379 	.globl _CSPPROG22
                                    380 	.globl _CSPPROG21
                                    381 	.globl _CSPPROG20
                                    382 	.globl _CSPPROG19
                                    383 	.globl _CSPPROG18
                                    384 	.globl _CSPPROG17
                                    385 	.globl _CSPPROG16
                                    386 	.globl _CSPPROG15
                                    387 	.globl _CSPPROG14
                                    388 	.globl _CSPPROG13
                                    389 	.globl _CSPPROG12
                                    390 	.globl _CSPPROG11
                                    391 	.globl _CSPPROG10
                                    392 	.globl _CSPPROG9
                                    393 	.globl _CSPPROG8
                                    394 	.globl _CSPPROG7
                                    395 	.globl _CSPPROG6
                                    396 	.globl _CSPPROG5
                                    397 	.globl _CSPPROG4
                                    398 	.globl _CSPPROG3
                                    399 	.globl _CSPPROG2
                                    400 	.globl _CSPPROG1
                                    401 	.globl _CSPPROG0
                                    402 	.globl _RFC_OBS_CTRL2
                                    403 	.globl _RFC_OBS_CTRL1
                                    404 	.globl _RFC_OBS_CTRL0
                                    405 	.globl _TXFILTCFG
                                    406 	.globl _PTEST1
                                    407 	.globl _PTEST0
                                    408 	.globl _ATEST
                                    409 	.globl _DACTEST2
                                    410 	.globl _DACTEST1
                                    411 	.globl _DACTEST0
                                    412 	.globl _MDMTEST1
                                    413 	.globl _MDMTEST0
                                    414 	.globl _ADCTEST2
                                    415 	.globl _ADCTEST1
                                    416 	.globl _ADCTEST0
                                    417 	.globl _AGCCTRL3
                                    418 	.globl _AGCCTRL2
                                    419 	.globl _AGCCTRL1
                                    420 	.globl _AGCCTRL0
                                    421 	.globl _FSCAL3
                                    422 	.globl _FSCAL2
                                    423 	.globl _FSCAL1
                                    424 	.globl _FSCAL0
                                    425 	.globl _FSCTRL
                                    426 	.globl _RXCTRL
                                    427 	.globl _FREQEST
                                    428 	.globl _MDMCTRL1
                                    429 	.globl _MDMCTRL0
                                    430 	.globl _RFRND
                                    431 	.globl _RFERRM
                                    432 	.globl _RFIRQM1
                                    433 	.globl _RFIRQM0
                                    434 	.globl _TXLAST_PTR
                                    435 	.globl _TXFIRST_PTR
                                    436 	.globl _RXP1_PTR
                                    437 	.globl _RXLAST_PTR
                                    438 	.globl _RXFIRST_PTR
                                    439 	.globl _TXFIFOCNT
                                    440 	.globl _RXFIFOCNT
                                    441 	.globl _RXFIRST
                                    442 	.globl _RSSISTAT
                                    443 	.globl _RSSI
                                    444 	.globl _CCACTRL1
                                    445 	.globl _CCACTRL0
                                    446 	.globl _FSMCTRL
                                    447 	.globl _FIFOPCTRL
                                    448 	.globl _FSMSTAT1
                                    449 	.globl _FSMSTAT0
                                    450 	.globl _TXCTRL
                                    451 	.globl _TXPOWER
                                    452 	.globl _FREQCTRL
                                    453 	.globl _FREQTUNE
                                    454 	.globl _RXMASKCLR
                                    455 	.globl _RXMASKSET
                                    456 	.globl _RXENABLE
                                    457 	.globl _FRMCTRL1
                                    458 	.globl _FRMCTRL0
                                    459 	.globl _SRCEXTEN2
                                    460 	.globl _SRCEXTEN1
                                    461 	.globl _SRCEXTEN0
                                    462 	.globl _SRCSHORTEN2
                                    463 	.globl _SRCSHORTEN1
                                    464 	.globl _SRCSHORTEN0
                                    465 	.globl _SRCMATCH
                                    466 	.globl _FRMFILT1
                                    467 	.globl _FRMFILT0
                                    468 	.globl _SHORT_ADDR1
                                    469 	.globl _SHORT_ADDR0
                                    470 	.globl _PAN_ID1
                                    471 	.globl _PAN_ID0
                                    472 	.globl _EXT_ADDR7
                                    473 	.globl _EXT_ADDR6
                                    474 	.globl _EXT_ADDR5
                                    475 	.globl _EXT_ADDR4
                                    476 	.globl _EXT_ADDR3
                                    477 	.globl _EXT_ADDR2
                                    478 	.globl _EXT_ADDR1
                                    479 	.globl _EXT_ADDR0
                                    480 	.globl _SRCSHORTPENDEN2
                                    481 	.globl _SRCSHORTPENDEN1
                                    482 	.globl _SRCSHORTPENDEN0
                                    483 	.globl _SRCEXTPENDEN2
                                    484 	.globl _SRCEXTPENDEN1
                                    485 	.globl _SRCEXTPENDEN0
                                    486 	.globl _SRCRESINDEX
                                    487 	.globl _SRCRESMASK2
                                    488 	.globl _SRCRESMASK1
                                    489 	.globl _SRCRESMASK0
                                    490 	.globl _SRC_ADDR_TABLE
                                    491 	.globl _TXFIFO
                                    492 	.globl _RXFIFO
                                    493 	.globl _RFCORE_RAM
                                    494 	.globl _CMPCTL
                                    495 	.globl _OPAMPS
                                    496 	.globl _OPAMPC
                                    497 	.globl _STCV2
                                    498 	.globl _STCV1
                                    499 	.globl _STCV0
                                    500 	.globl _STCS
                                    501 	.globl _STCC
                                    502 	.globl _T1CC4H
                                    503 	.globl _T1CC4L
                                    504 	.globl _T1CC3H
                                    505 	.globl _T1CC3L
                                    506 	.globl _XX_T1CC2H
                                    507 	.globl _XX_T1CC2L
                                    508 	.globl _XX_T1CC1H
                                    509 	.globl _XX_T1CC1L
                                    510 	.globl _XX_T1CC0H
                                    511 	.globl _XX_T1CC0L
                                    512 	.globl _T1CCTL4
                                    513 	.globl _T1CCTL3
                                    514 	.globl _XX_T1CCTL2
                                    515 	.globl _XX_T1CCTL1
                                    516 	.globl _XX_T1CCTL0
                                    517 	.globl _CLD
                                    518 	.globl _IRCTL
                                    519 	.globl _CHIPINFO1
                                    520 	.globl _CHIPINFO0
                                    521 	.globl _FWDATA
                                    522 	.globl _FADDRH
                                    523 	.globl _FADDRL
                                    524 	.globl _FCTL
                                    525 	.globl _IVCTRL
                                    526 	.globl _BATTMON
                                    527 	.globl _SRCRC
                                    528 	.globl _DBGDATA
                                    529 	.globl _TESTREG0
                                    530 	.globl _CHIPID
                                    531 	.globl _CHVER
                                    532 	.globl _OBSSEL5
                                    533 	.globl _OBSSEL4
                                    534 	.globl _OBSSEL3
                                    535 	.globl _OBSSEL2
                                    536 	.globl _OBSSEL1
                                    537 	.globl _OBSSEL0
                                    538 	.globl _I2CIO
                                    539 	.globl _I2CWC
                                    540 	.globl _I2CADDR
                                    541 	.globl _I2CDATA
                                    542 	.globl _I2CSTAT
                                    543 	.globl _I2CCFG
                                    544 	.globl _OPAMPMC
                                    545 	.globl _MONMUX
                                    546 	.globl _broadcast_open
                                    547 	.globl _broadcast_close
                                    548 	.globl _broadcast_send
                                    549 ;--------------------------------------------------------
                                    550 ; special function registers
                                    551 ;--------------------------------------------------------
                                    552 	.area RSEG    (ABS,DATA)
      000000                        553 	.org 0x0000
                           000080   554 _P0	=	0x0080
                           000081   555 _SP	=	0x0081
                           000082   556 _DPL0	=	0x0082
                           000083   557 _DPH0	=	0x0083
                           000084   558 _DPL1	=	0x0084
                           000085   559 _DPH1	=	0x0085
                           000087   560 _PCON	=	0x0087
                           000088   561 _TCON	=	0x0088
                           000090   562 _P1	=	0x0090
                           000092   563 _DPS	=	0x0092
                           000098   564 _S0CON	=	0x0098
                           00009A   565 _IEN2	=	0x009a
                           00009B   566 _S1CON	=	0x009b
                           0000A0   567 _P2	=	0x00a0
                           0000A8   568 _IEN0	=	0x00a8
                           0000A9   569 _IP0	=	0x00a9
                           0000B8   570 _IEN1	=	0x00b8
                           0000B9   571 _IP1	=	0x00b9
                           0000C0   572 _IRCON	=	0x00c0
                           0000D0   573 _PSW	=	0x00d0
                           0000E0   574 _ACC	=	0x00e0
                           0000E8   575 _IRCON2	=	0x00e8
                           0000F0   576 _B	=	0x00f0
                           0000B4   577 _ADCCON1	=	0x00b4
                           0000B5   578 _ADCCON2	=	0x00b5
                           0000B6   579 _ADCCON3	=	0x00b6
                           0000BA   580 _ADCL	=	0x00ba
                           0000BB   581 _ADCH	=	0x00bb
                           0000BC   582 _RNDL	=	0x00bc
                           0000BD   583 _RNDH	=	0x00bd
                           0000B1   584 _ENCDI	=	0x00b1
                           0000B2   585 _ENCDO	=	0x00b2
                           0000B3   586 _ENCCS	=	0x00b3
                           0000D1   587 _DMAIRQ	=	0x00d1
                           0000D2   588 _DMA1CFGL	=	0x00d2
                           0000D3   589 _DMA1CFGH	=	0x00d3
                           0000D4   590 _DMA0CFGL	=	0x00d4
                           0000D5   591 _DMA0CFGH	=	0x00d5
                           0000D6   592 _DMAARM	=	0x00d6
                           0000D7   593 _DMAREQ	=	0x00d7
                           000089   594 _P0IFG	=	0x0089
                           00008A   595 _P1IFG	=	0x008a
                           00008B   596 _P2IFG	=	0x008b
                           00008C   597 _PICTL	=	0x008c
                           0000AB   598 _P0IEN	=	0x00ab
                           00008D   599 _P1IEN	=	0x008d
                           0000AC   600 _P2IEN	=	0x00ac
                           00008F   601 _P0INP	=	0x008f
                           0000F1   602 _PERCFG	=	0x00f1
                           0000F2   603 _APCFG	=	0x00f2
                           0000F3   604 _P0SEL	=	0x00f3
                           0000F4   605 _P1SEL	=	0x00f4
                           0000F5   606 _P2SEL	=	0x00f5
                           0000F6   607 _P1INP	=	0x00f6
                           0000F7   608 _P2INP	=	0x00f7
                           0000FD   609 _P0DIR	=	0x00fd
                           0000FE   610 _P1DIR	=	0x00fe
                           0000FF   611 _P2DIR	=	0x00ff
                           0000AE   612 _PMUX	=	0x00ae
                           000093   613 _MPAGE	=	0x0093
                           000093   614 __XPAGE	=	0x0093
                           0000C7   615 _MEMCTR	=	0x00c7
                           00009F   616 _FMAP	=	0x009f
                           00009F   617 _PSBANK	=	0x009f
                           000091   618 _RFIRQF1	=	0x0091
                           0000D9   619 _RFD	=	0x00d9
                           0000E1   620 _RFST	=	0x00e1
                           0000E9   621 _RFIRQF0	=	0x00e9
                           0000BF   622 _RFERRF	=	0x00bf
                           000095   623 _ST0	=	0x0095
                           000096   624 _ST1	=	0x0096
                           000097   625 _ST2	=	0x0097
                           0000AD   626 _STLOAD	=	0x00ad
                           0000BE   627 _SLEEPCMD	=	0x00be
                           00009D   628 _SLEEPSTA	=	0x009d
                           0000C6   629 _CLKCONCMD	=	0x00c6
                           00009E   630 _CLKCONSTA	=	0x009e
                           0000DA   631 _T1CC0L	=	0x00da
                           0000DB   632 _T1CC0H	=	0x00db
                           0000DC   633 _T1CC1L	=	0x00dc
                           0000DD   634 _T1CC1H	=	0x00dd
                           0000DE   635 _T1CC2L	=	0x00de
                           0000DF   636 _T1CC2H	=	0x00df
                           0000E2   637 _T1CNTL	=	0x00e2
                           0000E3   638 _T1CNTH	=	0x00e3
                           0000E4   639 _T1CTL	=	0x00e4
                           0000E5   640 _T1CCTL0	=	0x00e5
                           0000E6   641 _T1CCTL1	=	0x00e6
                           0000E7   642 _T1CCTL2	=	0x00e7
                           0000AF   643 _T1STAT	=	0x00af
                           000094   644 _T2CTRL	=	0x0094
                           00009C   645 _T2EVTCFG	=	0x009c
                           0000A1   646 _T2IRQF	=	0x00a1
                           0000A2   647 _T2M0	=	0x00a2
                           0000A3   648 _T2M1	=	0x00a3
                           0000A4   649 _T2MOVF0	=	0x00a4
                           0000A5   650 _T2MOVF1	=	0x00a5
                           0000A6   651 _T2MOVF2	=	0x00a6
                           0000A7   652 _T2IRQM	=	0x00a7
                           0000C3   653 _T2MSEL	=	0x00c3
                           0000CA   654 _T3CNT	=	0x00ca
                           0000CB   655 _T3CTL	=	0x00cb
                           0000CC   656 _T3CCTL0	=	0x00cc
                           0000CD   657 _T3CC0	=	0x00cd
                           0000CE   658 _T3CCTL1	=	0x00ce
                           0000CF   659 _T3CC1	=	0x00cf
                           0000EA   660 _T4CNT	=	0x00ea
                           0000EB   661 _T4CTL	=	0x00eb
                           0000EC   662 _T4CCTL0	=	0x00ec
                           0000ED   663 _T4CC0	=	0x00ed
                           0000EE   664 _T4CCTL1	=	0x00ee
                           0000EF   665 _T4CC1	=	0x00ef
                           0000D8   666 _TIMIF	=	0x00d8
                           000086   667 _U0CSR	=	0x0086
                           0000C1   668 _U0DBUF	=	0x00c1
                           0000C2   669 _U0BAUD	=	0x00c2
                           0000C4   670 _U0UCR	=	0x00c4
                           0000C5   671 _U0GCR	=	0x00c5
                           0000F8   672 _U1CSR	=	0x00f8
                           0000F9   673 _U1DBUF	=	0x00f9
                           0000FA   674 _U1BAUD	=	0x00fa
                           0000FB   675 _U1UCR	=	0x00fb
                           0000FC   676 _U1GCR	=	0x00fc
                           0000C9   677 _WDCTL	=	0x00c9
                                    678 ;--------------------------------------------------------
                                    679 ; special function bits
                                    680 ;--------------------------------------------------------
                                    681 	.area RSEG    (ABS,DATA)
      000000                        682 	.org 0x0000
                           000087   683 _P0_7	=	0x0087
                           000086   684 _P0_6	=	0x0086
                           000085   685 _P0_5	=	0x0085
                           000084   686 _P0_4	=	0x0084
                           000083   687 _P0_3	=	0x0083
                           000082   688 _P0_2	=	0x0082
                           000081   689 _P0_1	=	0x0081
                           000080   690 _P0_0	=	0x0080
                           00008F   691 _URX1IF	=	0x008f
                           00008D   692 _ADCIF	=	0x008d
                           00008B   693 _URX0IF	=	0x008b
                           00008A   694 _IT1	=	0x008a
                           000089   695 _RFERRIF	=	0x0089
                           000088   696 _IT0	=	0x0088
                           000097   697 _P1_7	=	0x0097
                           000096   698 _P1_6	=	0x0096
                           000095   699 _P1_5	=	0x0095
                           000094   700 _P1_4	=	0x0094
                           000093   701 _P1_3	=	0x0093
                           000092   702 _P1_2	=	0x0092
                           000091   703 _P1_1	=	0x0091
                           000090   704 _P1_0	=	0x0090
                           000099   705 _ENCIF_1	=	0x0099
                           000098   706 _ENCIF_0	=	0x0098
                           0000A7   707 _P2_7	=	0x00a7
                           0000A6   708 _P2_6	=	0x00a6
                           0000A5   709 _P2_5	=	0x00a5
                           0000A4   710 _P2_4	=	0x00a4
                           0000A3   711 _P2_3	=	0x00a3
                           0000A2   712 _P2_2	=	0x00a2
                           0000A1   713 _P2_1	=	0x00a1
                           0000A0   714 _P2_0	=	0x00a0
                           0000AF   715 _EA	=	0x00af
                           0000AD   716 _STIE	=	0x00ad
                           0000AC   717 _ENCIE	=	0x00ac
                           0000AB   718 _URX1IE	=	0x00ab
                           0000AA   719 _URX0IE	=	0x00aa
                           0000A9   720 _ADCIE	=	0x00a9
                           0000A8   721 _RFERRIE	=	0x00a8
                           0000BD   722 _P0IE	=	0x00bd
                           0000BC   723 _T4IE	=	0x00bc
                           0000BB   724 _T3IE	=	0x00bb
                           0000BA   725 _T2IE	=	0x00ba
                           0000B9   726 _T1IE	=	0x00b9
                           0000B8   727 _DMAIE	=	0x00b8
                           0000C7   728 _STIF	=	0x00c7
                           0000C5   729 _P0IF	=	0x00c5
                           0000C4   730 _T4IF	=	0x00c4
                           0000C3   731 _T3IF	=	0x00c3
                           0000C2   732 _T2IF	=	0x00c2
                           0000C1   733 _T1IF	=	0x00c1
                           0000C0   734 _DMAIF	=	0x00c0
                           0000D7   735 _CY	=	0x00d7
                           0000D6   736 _AC	=	0x00d6
                           0000D5   737 _F0	=	0x00d5
                           0000D4   738 _RS1	=	0x00d4
                           0000D3   739 _RS0	=	0x00d3
                           0000D2   740 _OV	=	0x00d2
                           0000D1   741 _F1	=	0x00d1
                           0000D0   742 _P	=	0x00d0
                           0000E7   743 _ACC_7	=	0x00e7
                           0000E6   744 _ACC_6	=	0x00e6
                           0000E5   745 _ACC_5	=	0x00e5
                           0000E4   746 _ACC_4	=	0x00e4
                           0000E3   747 _ACC_3	=	0x00e3
                           0000E2   748 _ACC_2	=	0x00e2
                           0000E1   749 _ACC_1	=	0x00e1
                           0000E0   750 _ACC_0	=	0x00e0
                           0000EC   751 _WDTIF	=	0x00ec
                           0000EB   752 _P1IF	=	0x00eb
                           0000EA   753 _UTX1IF	=	0x00ea
                           0000E9   754 _UTX0IF	=	0x00e9
                           0000E8   755 _P2IF	=	0x00e8
                           0000F7   756 _B_7	=	0x00f7
                           0000F6   757 _B_6	=	0x00f6
                           0000F5   758 _B_5	=	0x00f5
                           0000F4   759 _B_4	=	0x00f4
                           0000F3   760 _B_3	=	0x00f3
                           0000F2   761 _B_2	=	0x00f2
                           0000F1   762 _B_1	=	0x00f1
                           0000F0   763 _B_0	=	0x00f0
                           0000DE   764 _OVFIM	=	0x00de
                           0000DD   765 _T4CH1IF	=	0x00dd
                           0000DC   766 _T4CH0IF	=	0x00dc
                           0000DB   767 _T4OVFIF	=	0x00db
                           0000DA   768 _T3CH1IF	=	0x00da
                           0000D9   769 _T3CH0IF	=	0x00d9
                           0000D8   770 _T3OVFIF	=	0x00d8
                           0000FF   771 _MODE	=	0x00ff
                           0000FE   772 _RE	=	0x00fe
                           0000FD   773 _SLAVE	=	0x00fd
                           0000FC   774 _FE	=	0x00fc
                           0000FB   775 _ERR	=	0x00fb
                           0000FA   776 _RX_BYTE	=	0x00fa
                           0000F9   777 _TX_BYTE	=	0x00f9
                           0000F8   778 _ACTIVE	=	0x00f8
                                    779 ;--------------------------------------------------------
                                    780 ; overlayable register banks
                                    781 ;--------------------------------------------------------
                                    782 	.area REG_BANK_0	(REL,OVR,DATA)
      000000                        783 	.ds 8
                                    784 ;--------------------------------------------------------
                                    785 ; internal ram data
                                    786 ;--------------------------------------------------------
                                    787 	.area DSEG    (DATA)
                                    788 ;--------------------------------------------------------
                                    789 ; overlayable items in internal ram 
                                    790 ;--------------------------------------------------------
                                    791 ;--------------------------------------------------------
                                    792 ; indirectly addressable internal ram data
                                    793 ;--------------------------------------------------------
                                    794 	.area ISEG    (DATA)
                                    795 ;--------------------------------------------------------
                                    796 ; absolute internal ram data
                                    797 ;--------------------------------------------------------
                                    798 	.area IABS    (ABS,DATA)
                                    799 	.area IABS    (ABS,DATA)
                                    800 ;--------------------------------------------------------
                                    801 ; bit data
                                    802 ;--------------------------------------------------------
                                    803 	.area BSEG    (BIT)
                                    804 ;--------------------------------------------------------
                                    805 ; paged external ram data
                                    806 ;--------------------------------------------------------
                                    807 	.area PSEG    (PAG,XDATA)
                                    808 ;--------------------------------------------------------
                                    809 ; external ram data
                                    810 ;--------------------------------------------------------
                                    811 	.area XSEG    (XDATA)
                           0061A6   812 _MONMUX	=	0x61a6
                           0061A6   813 _OPAMPMC	=	0x61a6
                           006230   814 _I2CCFG	=	0x6230
                           006231   815 _I2CSTAT	=	0x6231
                           006232   816 _I2CDATA	=	0x6232
                           006233   817 _I2CADDR	=	0x6233
                           006234   818 _I2CWC	=	0x6234
                           006235   819 _I2CIO	=	0x6235
                           006243   820 _OBSSEL0	=	0x6243
                           006244   821 _OBSSEL1	=	0x6244
                           006245   822 _OBSSEL2	=	0x6245
                           006246   823 _OBSSEL3	=	0x6246
                           006247   824 _OBSSEL4	=	0x6247
                           006248   825 _OBSSEL5	=	0x6248
                           006249   826 _CHVER	=	0x6249
                           00624A   827 _CHIPID	=	0x624a
                           00624B   828 _TESTREG0	=	0x624b
                           006260   829 _DBGDATA	=	0x6260
                           006262   830 _SRCRC	=	0x6262
                           006264   831 _BATTMON	=	0x6264
                           006265   832 _IVCTRL	=	0x6265
                           006270   833 _FCTL	=	0x6270
                           006271   834 _FADDRL	=	0x6271
                           006272   835 _FADDRH	=	0x6272
                           006273   836 _FWDATA	=	0x6273
                           006276   837 _CHIPINFO0	=	0x6276
                           006277   838 _CHIPINFO1	=	0x6277
                           006281   839 _IRCTL	=	0x6281
                           006290   840 _CLD	=	0x6290
                           0062A0   841 _XX_T1CCTL0	=	0x62a0
                           0062A1   842 _XX_T1CCTL1	=	0x62a1
                           0062A2   843 _XX_T1CCTL2	=	0x62a2
                           0062A3   844 _T1CCTL3	=	0x62a3
                           0062A4   845 _T1CCTL4	=	0x62a4
                           0062A6   846 _XX_T1CC0L	=	0x62a6
                           0062A7   847 _XX_T1CC0H	=	0x62a7
                           0062A8   848 _XX_T1CC1L	=	0x62a8
                           0062A9   849 _XX_T1CC1H	=	0x62a9
                           0062AA   850 _XX_T1CC2L	=	0x62aa
                           0062AB   851 _XX_T1CC2H	=	0x62ab
                           0062AC   852 _T1CC3L	=	0x62ac
                           0062AD   853 _T1CC3H	=	0x62ad
                           0062AE   854 _T1CC4L	=	0x62ae
                           0062AF   855 _T1CC4H	=	0x62af
                           0062B0   856 _STCC	=	0x62b0
                           0062B1   857 _STCS	=	0x62b1
                           0062B2   858 _STCV0	=	0x62b2
                           0062B3   859 _STCV1	=	0x62b3
                           0062B4   860 _STCV2	=	0x62b4
                           0062C0   861 _OPAMPC	=	0x62c0
                           0062C1   862 _OPAMPS	=	0x62c1
                           0062D0   863 _CMPCTL	=	0x62d0
                           006000   864 _RFCORE_RAM	=	0x6000
                           006000   865 _RXFIFO	=	0x6000
                           006080   866 _TXFIFO	=	0x6080
                           006100   867 _SRC_ADDR_TABLE	=	0x6100
                           006160   868 _SRCRESMASK0	=	0x6160
                           006161   869 _SRCRESMASK1	=	0x6161
                           006162   870 _SRCRESMASK2	=	0x6162
                           006163   871 _SRCRESINDEX	=	0x6163
                           006164   872 _SRCEXTPENDEN0	=	0x6164
                           006165   873 _SRCEXTPENDEN1	=	0x6165
                           006166   874 _SRCEXTPENDEN2	=	0x6166
                           006167   875 _SRCSHORTPENDEN0	=	0x6167
                           006168   876 _SRCSHORTPENDEN1	=	0x6168
                           006169   877 _SRCSHORTPENDEN2	=	0x6169
                           00616A   878 _EXT_ADDR0	=	0x616a
                           00616B   879 _EXT_ADDR1	=	0x616b
                           00616C   880 _EXT_ADDR2	=	0x616c
                           00616D   881 _EXT_ADDR3	=	0x616d
                           00616E   882 _EXT_ADDR4	=	0x616e
                           00616F   883 _EXT_ADDR5	=	0x616f
                           006170   884 _EXT_ADDR6	=	0x6170
                           006171   885 _EXT_ADDR7	=	0x6171
                           006172   886 _PAN_ID0	=	0x6172
                           006173   887 _PAN_ID1	=	0x6173
                           006174   888 _SHORT_ADDR0	=	0x6174
                           006175   889 _SHORT_ADDR1	=	0x6175
                           006180   890 _FRMFILT0	=	0x6180
                           006181   891 _FRMFILT1	=	0x6181
                           006182   892 _SRCMATCH	=	0x6182
                           006183   893 _SRCSHORTEN0	=	0x6183
                           006184   894 _SRCSHORTEN1	=	0x6184
                           006185   895 _SRCSHORTEN2	=	0x6185
                           006186   896 _SRCEXTEN0	=	0x6186
                           006187   897 _SRCEXTEN1	=	0x6187
                           006188   898 _SRCEXTEN2	=	0x6188
                           006189   899 _FRMCTRL0	=	0x6189
                           00618A   900 _FRMCTRL1	=	0x618a
                           00618B   901 _RXENABLE	=	0x618b
                           00618C   902 _RXMASKSET	=	0x618c
                           00618D   903 _RXMASKCLR	=	0x618d
                           00618E   904 _FREQTUNE	=	0x618e
                           00618F   905 _FREQCTRL	=	0x618f
                           006190   906 _TXPOWER	=	0x6190
                           006191   907 _TXCTRL	=	0x6191
                           006192   908 _FSMSTAT0	=	0x6192
                           006193   909 _FSMSTAT1	=	0x6193
                           006194   910 _FIFOPCTRL	=	0x6194
                           006195   911 _FSMCTRL	=	0x6195
                           006196   912 _CCACTRL0	=	0x6196
                           006197   913 _CCACTRL1	=	0x6197
                           006198   914 _RSSI	=	0x6198
                           006199   915 _RSSISTAT	=	0x6199
                           00619A   916 _RXFIRST	=	0x619a
                           00619B   917 _RXFIFOCNT	=	0x619b
                           00619C   918 _TXFIFOCNT	=	0x619c
                           00619D   919 _RXFIRST_PTR	=	0x619d
                           00619E   920 _RXLAST_PTR	=	0x619e
                           00619F   921 _RXP1_PTR	=	0x619f
                           0061A1   922 _TXFIRST_PTR	=	0x61a1
                           0061A2   923 _TXLAST_PTR	=	0x61a2
                           0061A3   924 _RFIRQM0	=	0x61a3
                           0061A4   925 _RFIRQM1	=	0x61a4
                           0061A5   926 _RFERRM	=	0x61a5
                           0061A7   927 _RFRND	=	0x61a7
                           0061A8   928 _MDMCTRL0	=	0x61a8
                           0061A9   929 _MDMCTRL1	=	0x61a9
                           0061AA   930 _FREQEST	=	0x61aa
                           0061AB   931 _RXCTRL	=	0x61ab
                           0061AC   932 _FSCTRL	=	0x61ac
                           0061AD   933 _FSCAL0	=	0x61ad
                           0061AE   934 _FSCAL1	=	0x61ae
                           0061AF   935 _FSCAL2	=	0x61af
                           0061B0   936 _FSCAL3	=	0x61b0
                           0061B1   937 _AGCCTRL0	=	0x61b1
                           0061B2   938 _AGCCTRL1	=	0x61b2
                           0061B3   939 _AGCCTRL2	=	0x61b3
                           0061B4   940 _AGCCTRL3	=	0x61b4
                           0061B5   941 _ADCTEST0	=	0x61b5
                           0061B6   942 _ADCTEST1	=	0x61b6
                           0061B7   943 _ADCTEST2	=	0x61b7
                           0061B8   944 _MDMTEST0	=	0x61b8
                           0061B9   945 _MDMTEST1	=	0x61b9
                           0061BA   946 _DACTEST0	=	0x61ba
                           0061BB   947 _DACTEST1	=	0x61bb
                           0061BC   948 _DACTEST2	=	0x61bc
                           0061BD   949 _ATEST	=	0x61bd
                           0061BE   950 _PTEST0	=	0x61be
                           0061BF   951 _PTEST1	=	0x61bf
                           0061FA   952 _TXFILTCFG	=	0x61fa
                           0061EB   953 _RFC_OBS_CTRL0	=	0x61eb
                           0061EC   954 _RFC_OBS_CTRL1	=	0x61ec
                           0061ED   955 _RFC_OBS_CTRL2	=	0x61ed
                           0061C0   956 _CSPPROG0	=	0x61c0
                           0061C1   957 _CSPPROG1	=	0x61c1
                           0061C2   958 _CSPPROG2	=	0x61c2
                           0061C3   959 _CSPPROG3	=	0x61c3
                           0061C4   960 _CSPPROG4	=	0x61c4
                           0061C5   961 _CSPPROG5	=	0x61c5
                           0061C6   962 _CSPPROG6	=	0x61c6
                           0061C7   963 _CSPPROG7	=	0x61c7
                           0061C8   964 _CSPPROG8	=	0x61c8
                           0061C9   965 _CSPPROG9	=	0x61c9
                           0061CA   966 _CSPPROG10	=	0x61ca
                           0061CB   967 _CSPPROG11	=	0x61cb
                           0061CC   968 _CSPPROG12	=	0x61cc
                           0061CD   969 _CSPPROG13	=	0x61cd
                           0061CE   970 _CSPPROG14	=	0x61ce
                           0061CF   971 _CSPPROG15	=	0x61cf
                           0061D0   972 _CSPPROG16	=	0x61d0
                           0061D1   973 _CSPPROG17	=	0x61d1
                           0061D2   974 _CSPPROG18	=	0x61d2
                           0061D3   975 _CSPPROG19	=	0x61d3
                           0061D4   976 _CSPPROG20	=	0x61d4
                           0061D5   977 _CSPPROG21	=	0x61d5
                           0061D6   978 _CSPPROG22	=	0x61d6
                           0061D7   979 _CSPPROG23	=	0x61d7
                           0061E0   980 _CSPCTRL	=	0x61e0
                           0061E1   981 _CSPSTAT	=	0x61e1
                           0061E2   982 _CSPX	=	0x61e2
                           0061E3   983 _CSPY	=	0x61e3
                           0061E4   984 _CSPZ	=	0x61e4
                           0061E5   985 _CSPT	=	0x61e5
                           006200   986 _USBADDR	=	0x6200
                           006201   987 _USBPOW	=	0x6201
                           006202   988 _USBIIF	=	0x6202
                           006204   989 _USBOIF	=	0x6204
                           006206   990 _USBCIF	=	0x6206
                           006207   991 _USBIIE	=	0x6207
                           006209   992 _USBOIE	=	0x6209
                           00620B   993 _USBCIE	=	0x620b
                           00620C   994 _USBFRML	=	0x620c
                           00620D   995 _USBFRMH	=	0x620d
                           00620E   996 _USBINDEX	=	0x620e
                           00620F   997 _USBCTRL	=	0x620f
                           006210   998 _USBMAXI	=	0x6210
                           006211   999 _USBCS0	=	0x6211
                           006211  1000 _USBCSIL	=	0x6211
                           006212  1001 _USBCSIH	=	0x6212
                           006213  1002 _USBMAXO	=	0x6213
                           006214  1003 _USBCSOL	=	0x6214
                           006215  1004 _USBCSOH	=	0x6215
                           006216  1005 _USBCNT0	=	0x6216
                           006216  1006 _USBCNTL	=	0x6216
                           006217  1007 _USBCNTH	=	0x6217
                           006220  1008 _USBF0	=	0x6220
                           006222  1009 _USBF1	=	0x6222
                           006224  1010 _USBF2	=	0x6224
                           006226  1011 _USBF3	=	0x6226
                           006228  1012 _USBF4	=	0x6228
                           00622A  1013 _USBF5	=	0x622a
                           007080  1014 _X_P0	=	0x7080
                           007086  1015 _X_U0CSR	=	0x7086
                           007089  1016 _X_P0IFG	=	0x7089
                           00708A  1017 _X_P1IFG	=	0x708a
                           00708B  1018 _X_P2IFG	=	0x708b
                           00708C  1019 _X_PICTL	=	0x708c
                           00708D  1020 _X_P1IEN	=	0x708d
                           00708F  1021 _X_P0INP	=	0x708f
                           007090  1022 _X_P1	=	0x7090
                           007091  1023 _X_RFIRQF1	=	0x7091
                           007093  1024 _X_MPAGE	=	0x7093
                           007093  1025 _X__XPAGE	=	0x7093
                           007094  1026 _X_T2CTRL	=	0x7094
                           007095  1027 _X_ST0	=	0x7095
                           007096  1028 _X_ST1	=	0x7096
                           007097  1029 _X_ST2	=	0x7097
                           00709C  1030 _X_T2EVTCFG	=	0x709c
                           00709D  1031 _X_SLEEPSTA	=	0x709d
                           00709E  1032 _X_CLKCONSTA	=	0x709e
                           00709F  1033 _X_FMAP	=	0x709f
                           00709F  1034 _X_PSBANK	=	0x709f
                           0070A0  1035 _X_P2	=	0x70a0
                           0070A1  1036 _X_T2IRQF	=	0x70a1
                           0070A2  1037 _X_T2M0	=	0x70a2
                           0070A3  1038 _X_T2M1	=	0x70a3
                           0070A4  1039 _X_T2MOVF0	=	0x70a4
                           0070A5  1040 _X_T2MOVF1	=	0x70a5
                           0070A6  1041 _X_T2MOVF2	=	0x70a6
                           0070A7  1042 _X_T2IRQM	=	0x70a7
                           0070AB  1043 _X_P0IEN	=	0x70ab
                           0070AC  1044 _X_P2IEN	=	0x70ac
                           0070AD  1045 _X_STLOAD	=	0x70ad
                           0070AE  1046 _X_PMUX	=	0x70ae
                           0070AF  1047 _X_T1STAT	=	0x70af
                           0070B1  1048 _X_ENCDI	=	0x70b1
                           0070B2  1049 _X_ENCDO	=	0x70b2
                           0070B3  1050 _X_ENCCS	=	0x70b3
                           0070B4  1051 _X_ADCCON1	=	0x70b4
                           0070B5  1052 _X_ADCCON2	=	0x70b5
                           0070B6  1053 _X_ADCCON3	=	0x70b6
                           0070BA  1054 _X_ADCL	=	0x70ba
                           0070BB  1055 _X_ADCH	=	0x70bb
                           0070BC  1056 _X_RNDL	=	0x70bc
                           0070BD  1057 _X_RNDH	=	0x70bd
                           0070BE  1058 _X_SLEEPCMD	=	0x70be
                           0070BF  1059 _X_RFERRF	=	0x70bf
                           0070C1  1060 _X_U0DBUF	=	0x70c1
                           0070C2  1061 _X_U0BAUD	=	0x70c2
                           0070C3  1062 _X_T2MSEL	=	0x70c3
                           0070C4  1063 _X_U0UCR	=	0x70c4
                           0070C5  1064 _X_U0GCR	=	0x70c5
                           0070C6  1065 _X_CLKCONCMD	=	0x70c6
                           0070C7  1066 _X_MEMCTR	=	0x70c7
                           0070C9  1067 _X_WDCTL	=	0x70c9
                           0070CA  1068 _X_T3CNT	=	0x70ca
                           0070CB  1069 _X_T3CTL	=	0x70cb
                           0070CC  1070 _X_T3CCTL0	=	0x70cc
                           0070CD  1071 _X_T3CC0	=	0x70cd
                           0070CE  1072 _X_T3CCTL1	=	0x70ce
                           0070CF  1073 _X_T3CC1	=	0x70cf
                           0070D1  1074 _X_DMAIRQ	=	0x70d1
                           0070D2  1075 _X_DMA1CFGL	=	0x70d2
                           0070D3  1076 _X_DMA1CFGH	=	0x70d3
                           0070D4  1077 _X_DMA0CFGL	=	0x70d4
                           0070D5  1078 _X_DMA0CFGH	=	0x70d5
                           0070D6  1079 _X_DMAARM	=	0x70d6
                           0070D7  1080 _X_DMAREQ	=	0x70d7
                           0070D8  1081 _X_TIMIF	=	0x70d8
                           0070D9  1082 _X_RFD	=	0x70d9
                           0070DA  1083 _X_T1CC0L	=	0x70da
                           0070DB  1084 _X_T1CC0H	=	0x70db
                           0070DC  1085 _X_T1CC1L	=	0x70dc
                           0070DD  1086 _X_T1CC1H	=	0x70dd
                           0070DE  1087 _X_T1CC2L	=	0x70de
                           0070DF  1088 _X_T1CC2H	=	0x70df
                           0070E1  1089 _X_RFST	=	0x70e1
                           0070E2  1090 _X_T1CNTL	=	0x70e2
                           0070E3  1091 _X_T1CNTH	=	0x70e3
                           0070E4  1092 _X_T1CTL	=	0x70e4
                           0070E5  1093 _X_T1CCTL0	=	0x70e5
                           0070E6  1094 _X_T1CCTL1	=	0x70e6
                           0070E7  1095 _X_T1CCTL2	=	0x70e7
                           0070E9  1096 _X_RFIRQF0	=	0x70e9
                           0070EA  1097 _X_T4CNT	=	0x70ea
                           0070EB  1098 _X_T4CTL	=	0x70eb
                           0070EC  1099 _X_T4CCTL0	=	0x70ec
                           0070ED  1100 _X_T4CC0	=	0x70ed
                           0070EE  1101 _X_T4CCTL1	=	0x70ee
                           0070EF  1102 _X_T4CC1	=	0x70ef
                           0070F1  1103 _X_PERCFG	=	0x70f1
                           0070F2  1104 _X_APCFG	=	0x70f2
                           0070F3  1105 _X_P0SEL	=	0x70f3
                           0070F4  1106 _X_P1SEL	=	0x70f4
                           0070F5  1107 _X_P2SEL	=	0x70f5
                           0070F6  1108 _X_P1INP	=	0x70f6
                           0070F7  1109 _X_P2INP	=	0x70f7
                           0070F8  1110 _X_U1CSR	=	0x70f8
                           0070F9  1111 _X_U1DBUF	=	0x70f9
                           0070FA  1112 _X_U1BAUD	=	0x70fa
                           0070FB  1113 _X_U1UCR	=	0x70fb
                           0070FC  1114 _X_U1GCR	=	0x70fc
                           0070FD  1115 _X_P0DIR	=	0x70fd
                           0070FE  1116 _X_P1DIR	=	0x70fe
                           0070FF  1117 _X_P2DIR	=	0x70ff
                           007800  1118 _X_INFOPAGE	=	0x7800
                           00780C  1119 _X_IEEE_ADDR	=	0x780c
                                   1120 ;--------------------------------------------------------
                                   1121 ; absolute external ram data
                                   1122 ;--------------------------------------------------------
                                   1123 	.area XABS    (ABS,XDATA)
                                   1124 ;--------------------------------------------------------
                                   1125 ; external initialized ram data
                                   1126 ;--------------------------------------------------------
                                   1127 	.area XISEG   (XDATA)
                                   1128 	.area HOME    (CODE)
                                   1129 	.area GSINIT0 (CODE)
                                   1130 	.area GSINIT1 (CODE)
                                   1131 	.area GSINIT2 (CODE)
                                   1132 	.area GSINIT3 (CODE)
                                   1133 	.area GSINIT4 (CODE)
                                   1134 	.area GSINIT5 (CODE)
                                   1135 	.area GSINIT  (CODE)
                                   1136 	.area GSFINAL (CODE)
                                   1137 	.area CSEG    (CODE)
                                   1138 ;--------------------------------------------------------
                                   1139 ; global & static initialisations
                                   1140 ;--------------------------------------------------------
                                   1141 	.area HOME    (CODE)
                                   1142 	.area GSINIT  (CODE)
                                   1143 	.area GSFINAL (CODE)
                                   1144 	.area GSINIT  (CODE)
                                   1145 ;--------------------------------------------------------
                                   1146 ; Home
                                   1147 ;--------------------------------------------------------
                                   1148 	.area HOME    (CODE)
                                   1149 	.area HOME    (CODE)
                                   1150 ;--------------------------------------------------------
                                   1151 ; code
                                   1152 ;--------------------------------------------------------
                                   1153 	.area CSEG    (CODE)
                                   1154 ;------------------------------------------------------------
                                   1155 ;Allocation info for local variables in function 'recv_from_abc'
                                   1156 ;------------------------------------------------------------
                                   1157 ;bc                        Allocated to registers r5 r6 r7 
                                   1158 ;sender                    Allocated to stack - sp -4
                                   1159 ;c                         Allocated to stack - sp -2
                                   1160 ;sloc0                     Allocated to stack - sp -5
                                   1161 ;------------------------------------------------------------
                                   1162 ;	../../core/net/rime/broadcast.c:63: recv_from_abc(struct abc_conn *bc)
                                   1163 ;	-----------------------------------------
                                   1164 ;	 function recv_from_abc
                                   1165 ;	-----------------------------------------
      000000                       1166 _recv_from_abc:
                           000007  1167 	ar7 = 0x07
                           000006  1168 	ar6 = 0x06
                           000005  1169 	ar5 = 0x05
                           000004  1170 	ar4 = 0x04
                           000003  1171 	ar3 = 0x03
                           000002  1172 	ar2 = 0x02
                           000001  1173 	ar1 = 0x01
                           000000  1174 	ar0 = 0x00
      000000 E5 81            [12] 1175 	mov	a,sp
      000002 24 06            [12] 1176 	add	a,#0x06
      000004 F5 81            [12] 1177 	mov	sp,a
      000006 AD 82            [24] 1178 	mov	r5,dpl
      000008 AE 83            [24] 1179 	mov	r6,dph
      00000A AF F0            [24] 1180 	mov	r7,b
                                   1181 ;	../../core/net/rime/broadcast.c:66: struct broadcast_conn *c = (struct broadcast_conn *)bc;
      00000C A8 81            [24] 1182 	mov	r0,sp
      00000E 18               [12] 1183 	dec	r0
      00000F 18               [12] 1184 	dec	r0
      000010 A6 05            [24] 1185 	mov	@r0,ar5
      000012 08               [12] 1186 	inc	r0
      000013 A6 06            [24] 1187 	mov	@r0,ar6
      000015 08               [12] 1188 	inc	r0
      000016 A6 07            [24] 1189 	mov	@r0,ar7
                                   1190 ;	../../core/net/rime/broadcast.c:68: rimeaddr_copy(&sender, packetbuf_addr(PACKETBUF_ADDR_SENDER));
      000018 75 82 18         [24] 1191 	mov	dpl,#0x18
      00001B 12r00r00         [24] 1192 	lcall	_packetbuf_addr
      00001E AA 82            [24] 1193 	mov	r2,dpl
      000020 AB 83            [24] 1194 	mov	r3,dph
      000022 AC F0            [24] 1195 	mov	r4,b
      000024 E5 81            [12] 1196 	mov	a,sp
      000026 24 FB            [12] 1197 	add	a,#0xfb
      000028 F8               [12] 1198 	mov	r0,a
      000029 E5 81            [12] 1199 	mov	a,sp
      00002B 24 FC            [12] 1200 	add	a,#0xfc
      00002D F6               [12] 1201 	mov	@r0,a
      00002E E5 81            [12] 1202 	mov	a,sp
      000030 24 FB            [12] 1203 	add	a,#0xfb
      000032 F8               [12] 1204 	mov	r0,a
      000033 86 05            [24] 1205 	mov	ar5,@r0
      000035 7E 00            [12] 1206 	mov	r6,#0x00
      000037 7F 40            [12] 1207 	mov	r7,#0x40
      000039 C0 02            [24] 1208 	push	ar2
      00003B C0 03            [24] 1209 	push	ar3
      00003D C0 04            [24] 1210 	push	ar4
      00003F 8D 82            [24] 1211 	mov	dpl,r5
      000041 8E 83            [24] 1212 	mov	dph,r6
      000043 8F F0            [24] 1213 	mov	b,r7
      000045 12r00r00         [24] 1214 	lcall	_rimeaddr_copy
      000048 15 81            [12] 1215 	dec	sp
      00004A 15 81            [12] 1216 	dec	sp
      00004C 15 81            [12] 1217 	dec	sp
                                   1218 ;	../../core/net/rime/broadcast.c:73: if(c->u->recv) {
      00004E A8 81            [24] 1219 	mov	r0,sp
      000050 18               [12] 1220 	dec	r0
      000051 18               [12] 1221 	dec	r0
      000052 74 0C            [12] 1222 	mov	a,#0x0c
      000054 26               [12] 1223 	add	a,@r0
      000055 FE               [12] 1224 	mov	r6,a
      000056 E4               [12] 1225 	clr	a
      000057 08               [12] 1226 	inc	r0
      000058 36               [12] 1227 	addc	a,@r0
      000059 FD               [12] 1228 	mov	r5,a
      00005A 08               [12] 1229 	inc	r0
      00005B 86 07            [24] 1230 	mov	ar7,@r0
      00005D 8E 82            [24] 1231 	mov	dpl,r6
      00005F 8D 83            [24] 1232 	mov	dph,r5
      000061 8F F0            [24] 1233 	mov	b,r7
      000063 12r00r00         [24] 1234 	lcall	__gptrget
      000066 FE               [12] 1235 	mov	r6,a
      000067 A3               [24] 1236 	inc	dptr
      000068 12r00r00         [24] 1237 	lcall	__gptrget
      00006B FD               [12] 1238 	mov	r5,a
      00006C A3               [24] 1239 	inc	dptr
      00006D 12r00r00         [24] 1240 	lcall	__gptrget
      000070 FF               [12] 1241 	mov	r7,a
      000071 8E 82            [24] 1242 	mov	dpl,r6
      000073 8D 83            [24] 1243 	mov	dph,r5
      000075 8F F0            [24] 1244 	mov	b,r7
      000077 12r00r00         [24] 1245 	lcall	__gptrget
      00007A FE               [12] 1246 	mov	r6,a
      00007B A3               [24] 1247 	inc	dptr
      00007C 12r00r00         [24] 1248 	lcall	__gptrget
      00007F FF               [12] 1249 	mov	r7,a
      000080 4E               [12] 1250 	orl	a,r6
      000081 60 36            [24] 1251 	jz	00103$
                                   1252 ;	../../core/net/rime/broadcast.c:74: c->u->recv(c, &sender);
      000083 E5 81            [12] 1253 	mov	a,sp
      000085 24 FB            [12] 1254 	add	a,#0xfb
      000087 F8               [12] 1255 	mov	r0,a
      000088 86 05            [24] 1256 	mov	ar5,@r0
      00008A 7C 00            [12] 1257 	mov	r4,#0x00
      00008C 7B 40            [12] 1258 	mov	r3,#0x40
      00008E C0 07            [24] 1259 	push	ar7
      000090 C0 06            [24] 1260 	push	ar6
      000092 C0 05            [24] 1261 	push	ar5
      000094 C0 04            [24] 1262 	push	ar4
      000096 C0 03            [24] 1263 	push	ar3
      000098 12r00r9D         [24] 1264 	lcall	00110$
      00009B 80 12            [24] 1265 	sjmp	00111$
      00009D                       1266 00110$:
      00009D C0 06            [24] 1267 	push	ar6
      00009F C0 07            [24] 1268 	push	ar7
      0000A1 E5 81            [12] 1269 	mov	a,sp
      0000A3 24 F5            [12] 1270 	add	a,#0xf5
      0000A5 F8               [12] 1271 	mov	r0,a
      0000A6 86 82            [24] 1272 	mov	dpl,@r0
      0000A8 08               [12] 1273 	inc	r0
      0000A9 86 83            [24] 1274 	mov	dph,@r0
      0000AB 08               [12] 1275 	inc	r0
      0000AC 86 F0            [24] 1276 	mov	b,@r0
      0000AE 22               [24] 1277 	ret
      0000AF                       1278 00111$:
      0000AF 15 81            [12] 1279 	dec	sp
      0000B1 15 81            [12] 1280 	dec	sp
      0000B3 15 81            [12] 1281 	dec	sp
      0000B5 D0 06            [24] 1282 	pop	ar6
      0000B7 D0 07            [24] 1283 	pop	ar7
      0000B9                       1284 00103$:
                                   1285 ;	../../core/net/rime/broadcast.c:76: }
      0000B9 E5 81            [12] 1286 	mov	a,sp
      0000BB 24 FA            [12] 1287 	add	a,#0xfa
      0000BD F5 81            [12] 1288 	mov	sp,a
      0000BF 22               [24] 1289 	ret
                                   1290 ;------------------------------------------------------------
                                   1291 ;Allocation info for local variables in function 'sent_by_abc'
                                   1292 ;------------------------------------------------------------
                                   1293 ;status                    Allocated to stack - sp -3
                                   1294 ;num_tx                    Allocated to stack - sp -5
                                   1295 ;bc                        Allocated to registers r5 r6 r7 
                                   1296 ;c                         Allocated to registers r5 r6 r7 
                                   1297 ;------------------------------------------------------------
                                   1298 ;	../../core/net/rime/broadcast.c:79: sent_by_abc(struct abc_conn *bc, int status, int num_tx)
                                   1299 ;	-----------------------------------------
                                   1300 ;	 function sent_by_abc
                                   1301 ;	-----------------------------------------
      0000C0                       1302 _sent_by_abc:
      0000C0 AD 82            [24] 1303 	mov	r5,dpl
      0000C2 AE 83            [24] 1304 	mov	r6,dph
      0000C4 AF F0            [24] 1305 	mov	r7,b
                                   1306 ;	../../core/net/rime/broadcast.c:81: struct broadcast_conn *c = (struct broadcast_conn *)bc;
                                   1307 ;	../../core/net/rime/broadcast.c:88: if(c->u->sent) {
      0000C6 74 0C            [12] 1308 	mov	a,#0x0c
      0000C8 2D               [12] 1309 	add	a,r5
      0000C9 FB               [12] 1310 	mov	r3,a
      0000CA E4               [12] 1311 	clr	a
      0000CB 3E               [12] 1312 	addc	a,r6
      0000CC FA               [12] 1313 	mov	r2,a
      0000CD 8F 04            [24] 1314 	mov	ar4,r7
      0000CF 8B 82            [24] 1315 	mov	dpl,r3
      0000D1 8A 83            [24] 1316 	mov	dph,r2
      0000D3 8C F0            [24] 1317 	mov	b,r4
      0000D5 12r00r00         [24] 1318 	lcall	__gptrget
      0000D8 FB               [12] 1319 	mov	r3,a
      0000D9 A3               [24] 1320 	inc	dptr
      0000DA 12r00r00         [24] 1321 	lcall	__gptrget
      0000DD FA               [12] 1322 	mov	r2,a
      0000DE A3               [24] 1323 	inc	dptr
      0000DF 12r00r00         [24] 1324 	lcall	__gptrget
      0000E2 FC               [12] 1325 	mov	r4,a
      0000E3 74 02            [12] 1326 	mov	a,#0x02
      0000E5 2B               [12] 1327 	add	a,r3
      0000E6 FB               [12] 1328 	mov	r3,a
      0000E7 E4               [12] 1329 	clr	a
      0000E8 3A               [12] 1330 	addc	a,r2
      0000E9 FA               [12] 1331 	mov	r2,a
      0000EA 8B 82            [24] 1332 	mov	dpl,r3
      0000EC 8A 83            [24] 1333 	mov	dph,r2
      0000EE 8C F0            [24] 1334 	mov	b,r4
      0000F0 12r00r00         [24] 1335 	lcall	__gptrget
      0000F3 FB               [12] 1336 	mov	r3,a
      0000F4 A3               [24] 1337 	inc	dptr
      0000F5 12r00r00         [24] 1338 	lcall	__gptrget
      0000F8 FC               [12] 1339 	mov	r4,a
      0000F9 4B               [12] 1340 	orl	a,r3
      0000FA 60 36            [24] 1341 	jz	00103$
                                   1342 ;	../../core/net/rime/broadcast.c:89: c->u->sent(c, status, num_tx);
      0000FC C0 04            [24] 1343 	push	ar4
      0000FE C0 03            [24] 1344 	push	ar3
      000100 E5 81            [12] 1345 	mov	a,sp
      000102 24 F9            [12] 1346 	add	a,#0xf9
      000104 F8               [12] 1347 	mov	r0,a
      000105 E6               [12] 1348 	mov	a,@r0
      000106 C0 E0            [24] 1349 	push	acc
      000108 08               [12] 1350 	inc	r0
      000109 E6               [12] 1351 	mov	a,@r0
      00010A C0 E0            [24] 1352 	push	acc
      00010C E5 81            [12] 1353 	mov	a,sp
      00010E 24 F9            [12] 1354 	add	a,#0xf9
      000110 F8               [12] 1355 	mov	r0,a
      000111 E6               [12] 1356 	mov	a,@r0
      000112 C0 E0            [24] 1357 	push	acc
      000114 08               [12] 1358 	inc	r0
      000115 E6               [12] 1359 	mov	a,@r0
      000116 C0 E0            [24] 1360 	push	acc
      000118 12r01r1D         [24] 1361 	lcall	00110$
      00011B 80 0B            [24] 1362 	sjmp	00111$
      00011D                       1363 00110$:
      00011D C0 03            [24] 1364 	push	ar3
      00011F C0 04            [24] 1365 	push	ar4
      000121 8D 82            [24] 1366 	mov	dpl,r5
      000123 8E 83            [24] 1367 	mov	dph,r6
      000125 8F F0            [24] 1368 	mov	b,r7
      000127 22               [24] 1369 	ret
      000128                       1370 00111$:
      000128 E5 81            [12] 1371 	mov	a,sp
      00012A 24 FC            [12] 1372 	add	a,#0xfc
      00012C F5 81            [12] 1373 	mov	sp,a
      00012E D0 03            [24] 1374 	pop	ar3
      000130 D0 04            [24] 1375 	pop	ar4
      000132                       1376 00103$:
                                   1377 ;	../../core/net/rime/broadcast.c:91: }
      000132 22               [24] 1378 	ret
                                   1379 ;------------------------------------------------------------
                                   1380 ;Allocation info for local variables in function 'broadcast_open'
                                   1381 ;------------------------------------------------------------
                                   1382 ;channel                   Allocated to stack - sp -3
                                   1383 ;u                         Allocated to stack - sp -6
                                   1384 ;c                         Allocated to registers r5 r6 r7 
                                   1385 ;------------------------------------------------------------
                                   1386 ;	../../core/net/rime/broadcast.c:96: broadcast_open(struct broadcast_conn *c, uint16_t channel,
                                   1387 ;	-----------------------------------------
                                   1388 ;	 function broadcast_open
                                   1389 ;	-----------------------------------------
      000133                       1390 _broadcast_open:
      000133 AD 82            [24] 1391 	mov	r5,dpl
      000135 AE 83            [24] 1392 	mov	r6,dph
      000137 AF F0            [24] 1393 	mov	r7,b
                                   1394 ;	../../core/net/rime/broadcast.c:99: abc_open(&c->c, channel, &broadcast);
      000139 C0 07            [24] 1395 	push	ar7
      00013B C0 06            [24] 1396 	push	ar6
      00013D C0 05            [24] 1397 	push	ar5
      00013F 74r04            [12] 1398 	mov	a,#_broadcast
      000141 C0 E0            [24] 1399 	push	acc
      000143 74s00            [12] 1400 	mov	a,#(_broadcast >> 8)
      000145 C0 E0            [24] 1401 	push	acc
      000147 74 80            [12] 1402 	mov	a,#0x80
      000149 C0 E0            [24] 1403 	push	acc
      00014B E5 81            [12] 1404 	mov	a,sp
      00014D 24 F7            [12] 1405 	add	a,#0xf7
      00014F F8               [12] 1406 	mov	r0,a
      000150 E6               [12] 1407 	mov	a,@r0
      000151 C0 E0            [24] 1408 	push	acc
      000153 08               [12] 1409 	inc	r0
      000154 E6               [12] 1410 	mov	a,@r0
      000155 C0 E0            [24] 1411 	push	acc
      000157 8D 82            [24] 1412 	mov	dpl,r5
      000159 8E 83            [24] 1413 	mov	dph,r6
      00015B 8F F0            [24] 1414 	mov	b,r7
      00015D 12r00r00         [24] 1415 	lcall	_abc_open
      000160 E5 81            [12] 1416 	mov	a,sp
      000162 24 FB            [12] 1417 	add	a,#0xfb
      000164 F5 81            [12] 1418 	mov	sp,a
      000166 D0 05            [24] 1419 	pop	ar5
      000168 D0 06            [24] 1420 	pop	ar6
      00016A D0 07            [24] 1421 	pop	ar7
                                   1422 ;	../../core/net/rime/broadcast.c:100: c->u = u;
      00016C 74 0C            [12] 1423 	mov	a,#0x0c
      00016E 2D               [12] 1424 	add	a,r5
      00016F FD               [12] 1425 	mov	r5,a
      000170 E4               [12] 1426 	clr	a
      000171 3E               [12] 1427 	addc	a,r6
      000172 FE               [12] 1428 	mov	r6,a
      000173 8D 82            [24] 1429 	mov	dpl,r5
      000175 8E 83            [24] 1430 	mov	dph,r6
      000177 8F F0            [24] 1431 	mov	b,r7
      000179 E5 81            [12] 1432 	mov	a,sp
      00017B 24 FA            [12] 1433 	add	a,#0xfa
      00017D F8               [12] 1434 	mov	r0,a
      00017E E6               [12] 1435 	mov	a,@r0
      00017F 12r00r00         [24] 1436 	lcall	__gptrput
      000182 A3               [24] 1437 	inc	dptr
      000183 08               [12] 1438 	inc	r0
      000184 E6               [12] 1439 	mov	a,@r0
      000185 12r00r00         [24] 1440 	lcall	__gptrput
      000188 A3               [24] 1441 	inc	dptr
      000189 08               [12] 1442 	inc	r0
      00018A E6               [12] 1443 	mov	a,@r0
      00018B 12r00r00         [24] 1444 	lcall	__gptrput
                                   1445 ;	../../core/net/rime/broadcast.c:101: channel_set_attributes(channel, attributes);
      00018E 74r00            [12] 1446 	mov	a,#_attributes
      000190 C0 E0            [24] 1447 	push	acc
      000192 74s00            [12] 1448 	mov	a,#(_attributes >> 8)
      000194 C0 E0            [24] 1449 	push	acc
      000196 74 80            [12] 1450 	mov	a,#0x80
      000198 C0 E0            [24] 1451 	push	acc
      00019A E5 81            [12] 1452 	mov	a,sp
      00019C 24 FA            [12] 1453 	add	a,#0xfa
      00019E F8               [12] 1454 	mov	r0,a
      00019F 86 82            [24] 1455 	mov	dpl,@r0
      0001A1 08               [12] 1456 	inc	r0
      0001A2 86 83            [24] 1457 	mov	dph,@r0
      0001A4 12r00r00         [24] 1458 	lcall	_channel_set_attributes
      0001A7 15 81            [12] 1459 	dec	sp
      0001A9 15 81            [12] 1460 	dec	sp
      0001AB 15 81            [12] 1461 	dec	sp
                                   1462 ;	../../core/net/rime/broadcast.c:102: }
      0001AD 22               [24] 1463 	ret
                                   1464 ;------------------------------------------------------------
                                   1465 ;Allocation info for local variables in function 'broadcast_close'
                                   1466 ;------------------------------------------------------------
                                   1467 ;c                         Allocated to registers r5 r6 r7 
                                   1468 ;------------------------------------------------------------
                                   1469 ;	../../core/net/rime/broadcast.c:105: broadcast_close(struct broadcast_conn *c)
                                   1470 ;	-----------------------------------------
                                   1471 ;	 function broadcast_close
                                   1472 ;	-----------------------------------------
      0001AE                       1473 _broadcast_close:
                                   1474 ;	../../core/net/rime/broadcast.c:107: abc_close(&c->c);
                                   1475 ;	../../core/net/rime/broadcast.c:108: }
      0001AE 02r00r00         [24] 1476 	ljmp	_abc_close
                                   1477 ;------------------------------------------------------------
                                   1478 ;Allocation info for local variables in function 'broadcast_send'
                                   1479 ;------------------------------------------------------------
                                   1480 ;c                         Allocated to registers r5 r6 r7 
                                   1481 ;------------------------------------------------------------
                                   1482 ;	../../core/net/rime/broadcast.c:111: broadcast_send(struct broadcast_conn *c)
                                   1483 ;	-----------------------------------------
                                   1484 ;	 function broadcast_send
                                   1485 ;	-----------------------------------------
      0001B1                       1486 _broadcast_send:
      0001B1 AD 82            [24] 1487 	mov	r5,dpl
      0001B3 AE 83            [24] 1488 	mov	r6,dph
      0001B5 AF F0            [24] 1489 	mov	r7,b
                                   1490 ;	../../core/net/rime/broadcast.c:115: packetbuf_set_addr(PACKETBUF_ADDR_SENDER, &rimeaddr_node_addr);
      0001B7 C0 07            [24] 1491 	push	ar7
      0001B9 C0 06            [24] 1492 	push	ar6
      0001BB C0 05            [24] 1493 	push	ar5
      0001BD 74r00            [12] 1494 	mov	a,#_rimeaddr_node_addr
      0001BF C0 E0            [24] 1495 	push	acc
      0001C1 74s00            [12] 1496 	mov	a,#(_rimeaddr_node_addr >> 8)
      0001C3 C0 E0            [24] 1497 	push	acc
      0001C5 E4               [12] 1498 	clr	a
      0001C6 C0 E0            [24] 1499 	push	acc
      0001C8 75 82 18         [24] 1500 	mov	dpl,#0x18
      0001CB 12r00r00         [24] 1501 	lcall	_packetbuf_set_addr
      0001CE 15 81            [12] 1502 	dec	sp
      0001D0 15 81            [12] 1503 	dec	sp
      0001D2 15 81            [12] 1504 	dec	sp
      0001D4 D0 05            [24] 1505 	pop	ar5
      0001D6 D0 06            [24] 1506 	pop	ar6
      0001D8 D0 07            [24] 1507 	pop	ar7
                                   1508 ;	../../core/net/rime/broadcast.c:116: return abc_send(&c->c);
      0001DA 8D 82            [24] 1509 	mov	dpl,r5
      0001DC 8E 83            [24] 1510 	mov	dph,r6
      0001DE 8F F0            [24] 1511 	mov	b,r7
                                   1512 ;	../../core/net/rime/broadcast.c:117: }
      0001E0 02r00r00         [24] 1513 	ljmp	_abc_send
                                   1514 	.area CSEG    (CODE)
                                   1515 	.area CONST   (CODE)
      000000                       1516 _attributes:
      000000 18                    1517 	.db #0x18	; 24
      000001 10                    1518 	.db #0x10	; 16
      000002 00                    1519 	.db #0x00	; 0
      000003 00                    1520 	.db #0x00	; 0
      000004                       1521 _broadcast:
      000004r00s00                 1522 	.byte _recv_from_abc, (_recv_from_abc >> 8)
      000006rC0s00                 1523 	.byte _sent_by_abc, (_sent_by_abc >> 8)
                                   1524 	.area XINIT   (CODE)
                                   1525 	.area CABS    (ABS,CODE)
