                                      1 ;--------------------------------------------------------
                                      2 ; File Created by SDCC : free open source ANSI-C Compiler
                                      3 ; Version 4.0.0 #11528 (Linux)
                                      4 ;--------------------------------------------------------
                                      5 	.module collect_link_estimate
                                      6 	.optsdcc -mmcs51 --model-large
                                      7 	
                                      8 ;--------------------------------------------------------
                                      9 ; Public variables in this module
                                     10 ;--------------------------------------------------------
                                     11 	.globl _collect_link_estimate_new
                                     12 	.globl _collect_link_estimate_update_tx
                                     13 	.globl _collect_link_estimate_update_tx_fail
                                     14 	.globl _collect_link_estimate_update_rx
                                     15 	.globl _collect_link_estimate
                                     16 	.globl _collect_link_estimate_num_estimates
                                     17 ;--------------------------------------------------------
                                     18 ; special function registers
                                     19 ;--------------------------------------------------------
                                     20 	.area RSEG    (ABS,DATA)
      000000                         21 	.org 0x0000
                                     22 ;--------------------------------------------------------
                                     23 ; special function bits
                                     24 ;--------------------------------------------------------
                                     25 	.area RSEG    (ABS,DATA)
      000000                         26 	.org 0x0000
                                     27 ;--------------------------------------------------------
                                     28 ; overlayable register banks
                                     29 ;--------------------------------------------------------
                                     30 	.area REG_BANK_0	(REL,OVR,DATA)
      000000                         31 	.ds 8
                                     32 ;--------------------------------------------------------
                                     33 ; internal ram data
                                     34 ;--------------------------------------------------------
                                     35 	.area DSEG    (DATA)
                                     36 ;--------------------------------------------------------
                                     37 ; overlayable items in internal ram 
                                     38 ;--------------------------------------------------------
                                     39 ;--------------------------------------------------------
                                     40 ; indirectly addressable internal ram data
                                     41 ;--------------------------------------------------------
                                     42 	.area ISEG    (DATA)
                                     43 ;--------------------------------------------------------
                                     44 ; absolute internal ram data
                                     45 ;--------------------------------------------------------
                                     46 	.area IABS    (ABS,DATA)
                                     47 	.area IABS    (ABS,DATA)
                                     48 ;--------------------------------------------------------
                                     49 ; bit data
                                     50 ;--------------------------------------------------------
                                     51 	.area BSEG    (BIT)
                                     52 ;--------------------------------------------------------
                                     53 ; paged external ram data
                                     54 ;--------------------------------------------------------
                                     55 	.area PSEG    (PAG,XDATA)
                                     56 ;--------------------------------------------------------
                                     57 ; external ram data
                                     58 ;--------------------------------------------------------
                                     59 	.area XSEG    (XDATA)
                                     60 ;--------------------------------------------------------
                                     61 ; absolute external ram data
                                     62 ;--------------------------------------------------------
                                     63 	.area XABS    (ABS,XDATA)
                                     64 ;--------------------------------------------------------
                                     65 ; external initialized ram data
                                     66 ;--------------------------------------------------------
                                     67 	.area XISEG   (XDATA)
                                     68 	.area HOME    (CODE)
                                     69 	.area GSINIT0 (CODE)
                                     70 	.area GSINIT1 (CODE)
                                     71 	.area GSINIT2 (CODE)
                                     72 	.area GSINIT3 (CODE)
                                     73 	.area GSINIT4 (CODE)
                                     74 	.area GSINIT5 (CODE)
                                     75 	.area GSINIT  (CODE)
                                     76 	.area GSFINAL (CODE)
                                     77 	.area CSEG    (CODE)
                                     78 ;--------------------------------------------------------
                                     79 ; global & static initialisations
                                     80 ;--------------------------------------------------------
                                     81 	.area HOME    (CODE)
                                     82 	.area GSINIT  (CODE)
                                     83 	.area GSFINAL (CODE)
                                     84 	.area GSINIT  (CODE)
                                     85 ;--------------------------------------------------------
                                     86 ; Home
                                     87 ;--------------------------------------------------------
                                     88 	.area HOME    (CODE)
                                     89 	.area HOME    (CODE)
                                     90 ;--------------------------------------------------------
                                     91 ; code
                                     92 ;--------------------------------------------------------
                                     93 	.area CSEG    (CODE)
                                     94 ;------------------------------------------------------------
                                     95 ;Allocation info for local variables in function 'collect_link_estimate_new'
                                     96 ;------------------------------------------------------------
                                     97 ;le                        Allocated to registers r5 r6 r7 
                                     98 ;------------------------------------------------------------
                                     99 ;	../../core/net/rime/collect-link-estimate.c:63: collect_link_estimate_new(struct collect_link_estimate *le)
                                    100 ;	-----------------------------------------
                                    101 ;	 function collect_link_estimate_new
                                    102 ;	-----------------------------------------
      000000                        103 _collect_link_estimate_new:
                           000007   104 	ar7 = 0x07
                           000006   105 	ar6 = 0x06
                           000005   106 	ar5 = 0x05
                           000004   107 	ar4 = 0x04
                           000003   108 	ar3 = 0x03
                           000002   109 	ar2 = 0x02
                           000001   110 	ar1 = 0x01
                           000000   111 	ar0 = 0x00
      000000 AD 82            [24]  112 	mov	r5,dpl
      000002 AE 83            [24]  113 	mov	r6,dph
      000004 AF F0            [24]  114 	mov	r7,b
                                    115 ;	../../core/net/rime/collect-link-estimate.c:65: if(le == NULL) {
      000006 ED               [12]  116 	mov	a,r5
      000007 4E               [12]  117 	orl	a,r6
      000008 70 01            [24]  118 	jnz	00102$
                                    119 ;	../../core/net/rime/collect-link-estimate.c:66: return;
      00000A 22               [24]  120 	ret
      00000B                        121 00102$:
                                    122 ;	../../core/net/rime/collect-link-estimate.c:68: le->num_estimates = 0;
      00000B 74 04            [12]  123 	mov	a,#0x04
      00000D 2D               [12]  124 	add	a,r5
      00000E FA               [12]  125 	mov	r2,a
      00000F E4               [12]  126 	clr	a
      000010 3E               [12]  127 	addc	a,r6
      000011 FB               [12]  128 	mov	r3,a
      000012 8F 04            [24]  129 	mov	ar4,r7
      000014 8A 82            [24]  130 	mov	dpl,r2
      000016 8B 83            [24]  131 	mov	dph,r3
      000018 8C F0            [24]  132 	mov	b,r4
      00001A E4               [12]  133 	clr	a
      00001B 12r00r00         [24]  134 	lcall	__gptrput
                                    135 ;	../../core/net/rime/collect-link-estimate.c:69: le->etx_accumulator = COLLECT_LINK_ESTIMATE_UNIT;
      00001E 8D 82            [24]  136 	mov	dpl,r5
      000020 8E 83            [24]  137 	mov	dph,r6
      000022 8F F0            [24]  138 	mov	b,r7
      000024 74 08            [12]  139 	mov	a,#0x08
      000026 12r00r00         [24]  140 	lcall	__gptrput
      000029 A3               [24]  141 	inc	dptr
      00002A E4               [12]  142 	clr	a
      00002B 12r00r00         [24]  143 	lcall	__gptrput
      00002E A3               [24]  144 	inc	dptr
      00002F 12r00r00         [24]  145 	lcall	__gptrput
      000032 A3               [24]  146 	inc	dptr
                                    147 ;	../../core/net/rime/collect-link-estimate.c:70: }
      000033 02r00r00         [24]  148 	ljmp	__gptrput
                                    149 ;------------------------------------------------------------
                                    150 ;Allocation info for local variables in function 'collect_link_estimate_update_tx'
                                    151 ;------------------------------------------------------------
                                    152 ;tx                        Allocated to stack - sp -9
                                    153 ;le                        Allocated to stack - sp -6
                                    154 ;sloc0                     Allocated to stack - sp -3
                                    155 ;------------------------------------------------------------
                                    156 ;	../../core/net/rime/collect-link-estimate.c:73: collect_link_estimate_update_tx(struct collect_link_estimate *le, uint8_t tx)
                                    157 ;	-----------------------------------------
                                    158 ;	 function collect_link_estimate_update_tx
                                    159 ;	-----------------------------------------
      000036                        160 _collect_link_estimate_update_tx:
      000036 C0 82            [24]  161 	push	dpl
      000038 C0 83            [24]  162 	push	dph
      00003A C0 F0            [24]  163 	push	b
      00003C E5 81            [12]  164 	mov	a,sp
      00003E 24 04            [12]  165 	add	a,#0x04
                                    166 ;	../../core/net/rime/collect-link-estimate.c:75: if(le == NULL) {
      000040 F5 81            [12]  167 	mov	sp,a
      000042 24 FA            [12]  168 	add	a,#0xfa
      000044 F8               [12]  169 	mov	r0,a
      000045 E6               [12]  170 	mov	a,@r0
      000046 08               [12]  171 	inc	r0
      000047 46               [12]  172 	orl	a,@r0
      000048 70 03            [24]  173 	jnz	00102$
                                    174 ;	../../core/net/rime/collect-link-estimate.c:76: return;
      00004A 02r01rAA         [24]  175 	ljmp	00111$
      00004D                        176 00102$:
                                    177 ;	../../core/net/rime/collect-link-estimate.c:78: if(tx == 0) {
      00004D E5 81            [12]  178 	mov	a,sp
      00004F 24 F7            [12]  179 	add	a,#0xf7
      000051 F8               [12]  180 	mov	r0,a
      000052 E6               [12]  181 	mov	a,@r0
      000053 70 03            [24]  182 	jnz	00104$
                                    183 ;	../../core/net/rime/collect-link-estimate.c:80: return;
      000055 02r01rAA         [24]  184 	ljmp	00111$
      000058                        185 00104$:
                                    186 ;	../../core/net/rime/collect-link-estimate.c:82: if(le != NULL) {
      000058 E5 81            [12]  187 	mov	a,sp
      00005A 24 FA            [12]  188 	add	a,#0xfa
      00005C F8               [12]  189 	mov	r0,a
      00005D E6               [12]  190 	mov	a,@r0
      00005E 08               [12]  191 	inc	r0
      00005F 46               [12]  192 	orl	a,@r0
      000060 70 03            [24]  193 	jnz	00135$
      000062 02r01rAA         [24]  194 	ljmp	00111$
      000065                        195 00135$:
                                    196 ;	../../core/net/rime/collect-link-estimate.c:83: if(le->num_estimates == 0) {
      000065 E5 81            [12]  197 	mov	a,sp
      000067 24 FA            [12]  198 	add	a,#0xfa
      000069 F8               [12]  199 	mov	r0,a
      00006A 74 04            [12]  200 	mov	a,#0x04
      00006C 26               [12]  201 	add	a,@r0
      00006D FA               [12]  202 	mov	r2,a
      00006E E4               [12]  203 	clr	a
      00006F 08               [12]  204 	inc	r0
      000070 36               [12]  205 	addc	a,@r0
      000071 FB               [12]  206 	mov	r3,a
      000072 08               [12]  207 	inc	r0
      000073 86 04            [24]  208 	mov	ar4,@r0
      000075 8A 82            [24]  209 	mov	dpl,r2
      000077 8B 83            [24]  210 	mov	dph,r3
      000079 8C F0            [24]  211 	mov	b,r4
      00007B 12r00r00         [24]  212 	lcall	__gptrget
      00007E 70 47            [24]  213 	jnz	00106$
                                    214 ;	../../core/net/rime/collect-link-estimate.c:84: le->etx_accumulator = tx * COLLECT_LINK_ESTIMATE_UNIT;
      000080 C0 02            [24]  215 	push	ar2
      000082 C0 03            [24]  216 	push	ar3
      000084 C0 04            [24]  217 	push	ar4
      000086 E5 81            [12]  218 	mov	a,sp
      000088 24 F4            [12]  219 	add	a,#0xf4
      00008A F8               [12]  220 	mov	r0,a
      00008B 86 03            [24]  221 	mov	ar3,@r0
      00008D E4               [12]  222 	clr	a
      00008E 03               [12]  223 	rr	a
      00008F 54 F8            [12]  224 	anl	a,#0xf8
      000091 CB               [12]  225 	xch	a,r3
      000092 C4               [12]  226 	swap	a
      000093 03               [12]  227 	rr	a
      000094 CB               [12]  228 	xch	a,r3
      000095 6B               [12]  229 	xrl	a,r3
      000096 CB               [12]  230 	xch	a,r3
      000097 54 F8            [12]  231 	anl	a,#0xf8
      000099 CB               [12]  232 	xch	a,r3
      00009A 6B               [12]  233 	xrl	a,r3
      00009B FA               [12]  234 	mov	r2,a
      00009C 33               [12]  235 	rlc	a
      00009D 95 E0            [12]  236 	subb	a,acc
      00009F FC               [12]  237 	mov	r4,a
      0000A0 FF               [12]  238 	mov	r7,a
      0000A1 E5 81            [12]  239 	mov	a,sp
      0000A3 24 F7            [12]  240 	add	a,#0xf7
      0000A5 F8               [12]  241 	mov	r0,a
      0000A6 86 82            [24]  242 	mov	dpl,@r0
      0000A8 08               [12]  243 	inc	r0
      0000A9 86 83            [24]  244 	mov	dph,@r0
      0000AB 08               [12]  245 	inc	r0
      0000AC 86 F0            [24]  246 	mov	b,@r0
      0000AE EB               [12]  247 	mov	a,r3
      0000AF 12r00r00         [24]  248 	lcall	__gptrput
      0000B2 A3               [24]  249 	inc	dptr
      0000B3 EA               [12]  250 	mov	a,r2
      0000B4 12r00r00         [24]  251 	lcall	__gptrput
      0000B7 A3               [24]  252 	inc	dptr
      0000B8 EC               [12]  253 	mov	a,r4
      0000B9 12r00r00         [24]  254 	lcall	__gptrput
      0000BC A3               [24]  255 	inc	dptr
      0000BD EF               [12]  256 	mov	a,r7
      0000BE 12r00r00         [24]  257 	lcall	__gptrput
                                    258 ;	../../core/net/rime/collect-link-estimate.c:93: le->etx_accumulator * (COLLECT_LINK_ESTIMATE_UNIT -
      0000C1 D0 04            [24]  259 	pop	ar4
      0000C3 D0 03            [24]  260 	pop	ar3
      0000C5 D0 02            [24]  261 	pop	ar2
                                    262 ;	../../core/net/rime/collect-link-estimate.c:84: le->etx_accumulator = tx * COLLECT_LINK_ESTIMATE_UNIT;
      0000C7                        263 00106$:
                                    264 ;	../../core/net/rime/collect-link-estimate.c:87: if(le->num_estimates < MAX_ESTIMATES) {
      0000C7 8A 82            [24]  265 	mov	dpl,r2
      0000C9 8B 83            [24]  266 	mov	dph,r3
      0000CB 8C F0            [24]  267 	mov	b,r4
      0000CD 12r00r00         [24]  268 	lcall	__gptrget
      0000D0 FF               [12]  269 	mov	r7,a
      0000D1 BF FF 00         [24]  270 	cjne	r7,#0xff,00137$
      0000D4                        271 00137$:
      0000D4 50 0B            [24]  272 	jnc	00108$
                                    273 ;	../../core/net/rime/collect-link-estimate.c:88: le->num_estimates++;
      0000D6 0F               [12]  274 	inc	r7
      0000D7 8A 82            [24]  275 	mov	dpl,r2
      0000D9 8B 83            [24]  276 	mov	dph,r3
      0000DB 8C F0            [24]  277 	mov	b,r4
      0000DD EF               [12]  278 	mov	a,r7
      0000DE 12r00r00         [24]  279 	lcall	__gptrput
      0000E1                        280 00108$:
                                    281 ;	../../core/net/rime/collect-link-estimate.c:91: le->etx_accumulator = (((uint32_t)tx * COLLECT_LINK_ESTIMATE_UNIT) *
      0000E1 E5 81            [12]  282 	mov	a,sp
      0000E3 24 F7            [12]  283 	add	a,#0xf7
      0000E5 F8               [12]  284 	mov	r0,a
      0000E6 86 04            [24]  285 	mov	ar4,@r0
      0000E8 7D 00            [12]  286 	mov	r5,#0x00
      0000EA 7E 00            [12]  287 	mov	r6,#0x00
      0000EC 7F 00            [12]  288 	mov	r7,#0x00
      0000EE C0 04            [24]  289 	push	ar4
      0000F0 C0 05            [24]  290 	push	ar5
      0000F2 C0 06            [24]  291 	push	ar6
      0000F4 C0 07            [24]  292 	push	ar7
                                    293 ;	../../core/net/rime/collect-link-estimate.c:93: le->etx_accumulator * (COLLECT_LINK_ESTIMATE_UNIT -
      0000F6 90 00 18         [24]  294 	mov	dptr,#(0x18&0x00ff)
      0000F9 E4               [12]  295 	clr	a
      0000FA F5 F0            [12]  296 	mov	b,a
      0000FC 12r00r00         [24]  297 	lcall	__mullong
      0000FF C8               [12]  298 	xch	a,r0
      000100 E5 81            [12]  299 	mov	a,sp
      000102 24 F9            [12]  300 	add	a,#0xf9
      000104 C8               [12]  301 	xch	a,r0
      000105 A6 82            [24]  302 	mov	@r0,dpl
      000107 08               [12]  303 	inc	r0
      000108 A6 83            [24]  304 	mov	@r0,dph
      00010A 08               [12]  305 	inc	r0
      00010B A6 F0            [24]  306 	mov	@r0,b
      00010D 08               [12]  307 	inc	r0
      00010E F6               [12]  308 	mov	@r0,a
      00010F E5 81            [12]  309 	mov	a,sp
      000111 24 FC            [12]  310 	add	a,#0xfc
      000113 F5 81            [12]  311 	mov	sp,a
      000115 24 FA            [12]  312 	add	a,#0xfa
      000117 F8               [12]  313 	mov	r0,a
      000118 86 82            [24]  314 	mov	dpl,@r0
      00011A 08               [12]  315 	inc	r0
      00011B 86 83            [24]  316 	mov	dph,@r0
      00011D 08               [12]  317 	inc	r0
      00011E 86 F0            [24]  318 	mov	b,@r0
      000120 12r00r00         [24]  319 	lcall	__gptrget
      000123 FA               [12]  320 	mov	r2,a
      000124 A3               [24]  321 	inc	dptr
      000125 12r00r00         [24]  322 	lcall	__gptrget
      000128 FB               [12]  323 	mov	r3,a
      000129 A3               [24]  324 	inc	dptr
      00012A 12r00r00         [24]  325 	lcall	__gptrget
      00012D FE               [12]  326 	mov	r6,a
      00012E A3               [24]  327 	inc	dptr
      00012F 12r00r00         [24]  328 	lcall	__gptrget
      000132 FF               [12]  329 	mov	r7,a
      000133 C0 02            [24]  330 	push	ar2
      000135 C0 03            [24]  331 	push	ar3
      000137 C0 06            [24]  332 	push	ar6
      000139 C0 07            [24]  333 	push	ar7
      00013B 90 00 05         [24]  334 	mov	dptr,#(0x05&0x00ff)
      00013E E4               [12]  335 	clr	a
      00013F F5 F0            [12]  336 	mov	b,a
      000141 12r00r00         [24]  337 	lcall	__mullong
      000144 AD 82            [24]  338 	mov	r5,dpl
      000146 AE 83            [24]  339 	mov	r6,dph
      000148 AC F0            [24]  340 	mov	r4,b
      00014A FF               [12]  341 	mov	r7,a
      00014B E5 81            [12]  342 	mov	a,sp
      00014D 24 FC            [12]  343 	add	a,#0xfc
      00014F F5 81            [12]  344 	mov	sp,a
      000151 24 FD            [12]  345 	add	a,#0xfd
      000153 F8               [12]  346 	mov	r0,a
      000154 ED               [12]  347 	mov	a,r5
      000155 26               [12]  348 	add	a,@r0
      000156 FD               [12]  349 	mov	r5,a
      000157 EE               [12]  350 	mov	a,r6
      000158 08               [12]  351 	inc	r0
      000159 36               [12]  352 	addc	a,@r0
      00015A FE               [12]  353 	mov	r6,a
      00015B EC               [12]  354 	mov	a,r4
      00015C 08               [12]  355 	inc	r0
      00015D 36               [12]  356 	addc	a,@r0
      00015E FC               [12]  357 	mov	r4,a
      00015F EF               [12]  358 	mov	a,r7
      000160 08               [12]  359 	inc	r0
      000161 36               [12]  360 	addc	a,@r0
      000162 FF               [12]  361 	mov	r7,a
      000163 EE               [12]  362 	mov	a,r6
      000164 C4               [12]  363 	swap	a
      000165 23               [12]  364 	rl	a
      000166 CD               [12]  365 	xch	a,r5
      000167 C4               [12]  366 	swap	a
      000168 23               [12]  367 	rl	a
      000169 54 1F            [12]  368 	anl	a,#0x1f
      00016B 6D               [12]  369 	xrl	a,r5
      00016C CD               [12]  370 	xch	a,r5
      00016D 54 1F            [12]  371 	anl	a,#0x1f
      00016F CD               [12]  372 	xch	a,r5
      000170 6D               [12]  373 	xrl	a,r5
      000171 CD               [12]  374 	xch	a,r5
      000172 FE               [12]  375 	mov	r6,a
      000173 EC               [12]  376 	mov	a,r4
      000174 C4               [12]  377 	swap	a
      000175 23               [12]  378 	rl	a
      000176 54 E0            [12]  379 	anl	a,#0xe0
      000178 4E               [12]  380 	orl	a,r6
      000179 FE               [12]  381 	mov	r6,a
      00017A EF               [12]  382 	mov	a,r7
      00017B C4               [12]  383 	swap	a
      00017C 23               [12]  384 	rl	a
      00017D CC               [12]  385 	xch	a,r4
      00017E C4               [12]  386 	swap	a
      00017F 23               [12]  387 	rl	a
      000180 54 1F            [12]  388 	anl	a,#0x1f
      000182 6C               [12]  389 	xrl	a,r4
      000183 CC               [12]  390 	xch	a,r4
      000184 54 1F            [12]  391 	anl	a,#0x1f
      000186 CC               [12]  392 	xch	a,r4
      000187 6C               [12]  393 	xrl	a,r4
      000188 CC               [12]  394 	xch	a,r4
      000189 FF               [12]  395 	mov	r7,a
      00018A E5 81            [12]  396 	mov	a,sp
      00018C 24 FA            [12]  397 	add	a,#0xfa
      00018E F8               [12]  398 	mov	r0,a
      00018F 86 82            [24]  399 	mov	dpl,@r0
      000191 08               [12]  400 	inc	r0
      000192 86 83            [24]  401 	mov	dph,@r0
      000194 08               [12]  402 	inc	r0
      000195 86 F0            [24]  403 	mov	b,@r0
      000197 ED               [12]  404 	mov	a,r5
      000198 12r00r00         [24]  405 	lcall	__gptrput
      00019B A3               [24]  406 	inc	dptr
      00019C EE               [12]  407 	mov	a,r6
      00019D 12r00r00         [24]  408 	lcall	__gptrput
      0001A0 A3               [24]  409 	inc	dptr
      0001A1 EC               [12]  410 	mov	a,r4
      0001A2 12r00r00         [24]  411 	lcall	__gptrput
      0001A5 A3               [24]  412 	inc	dptr
      0001A6 EF               [12]  413 	mov	a,r7
      0001A7 12r00r00         [24]  414 	lcall	__gptrput
      0001AA                        415 00111$:
                                    416 ;	../../core/net/rime/collect-link-estimate.c:98: }
      0001AA E5 81            [12]  417 	mov	a,sp
      0001AC 24 F9            [12]  418 	add	a,#0xf9
      0001AE F5 81            [12]  419 	mov	sp,a
      0001B0 22               [24]  420 	ret
                                    421 ;------------------------------------------------------------
                                    422 ;Allocation info for local variables in function 'collect_link_estimate_update_tx_fail'
                                    423 ;------------------------------------------------------------
                                    424 ;tx                        Allocated to stack - sp -2
                                    425 ;le                        Allocated to registers r5 r6 r7 
                                    426 ;------------------------------------------------------------
                                    427 ;	../../core/net/rime/collect-link-estimate.c:101: collect_link_estimate_update_tx_fail(struct collect_link_estimate *le,
                                    428 ;	-----------------------------------------
                                    429 ;	 function collect_link_estimate_update_tx_fail
                                    430 ;	-----------------------------------------
      0001B1                        431 _collect_link_estimate_update_tx_fail:
      0001B1 AD 82            [24]  432 	mov	r5,dpl
      0001B3 AE 83            [24]  433 	mov	r6,dph
      0001B5 AF F0            [24]  434 	mov	r7,b
                                    435 ;	../../core/net/rime/collect-link-estimate.c:104: if(le == NULL) {
      0001B7 ED               [12]  436 	mov	a,r5
      0001B8 4E               [12]  437 	orl	a,r6
      0001B9 70 01            [24]  438 	jnz	00102$
                                    439 ;	../../core/net/rime/collect-link-estimate.c:105: return;
      0001BB 22               [24]  440 	ret
      0001BC                        441 00102$:
                                    442 ;	../../core/net/rime/collect-link-estimate.c:107: collect_link_estimate_update_tx(le, tx * 2);
      0001BC A8 81            [24]  443 	mov	r0,sp
      0001BE 18               [12]  444 	dec	r0
      0001BF 18               [12]  445 	dec	r0
      0001C0 E6               [12]  446 	mov	a,@r0
      0001C1 26               [12]  447 	add	a,@r0
      0001C2 FC               [12]  448 	mov	r4,a
      0001C3 C0 04            [24]  449 	push	ar4
      0001C5 8D 82            [24]  450 	mov	dpl,r5
      0001C7 8E 83            [24]  451 	mov	dph,r6
      0001C9 8F F0            [24]  452 	mov	b,r7
      0001CB 12r00r36         [24]  453 	lcall	_collect_link_estimate_update_tx
      0001CE 15 81            [12]  454 	dec	sp
                                    455 ;	../../core/net/rime/collect-link-estimate.c:108: }
      0001D0 22               [24]  456 	ret
                                    457 ;------------------------------------------------------------
                                    458 ;Allocation info for local variables in function 'collect_link_estimate_update_rx'
                                    459 ;------------------------------------------------------------
                                    460 ;n                         Allocated to registers 
                                    461 ;------------------------------------------------------------
                                    462 ;	../../core/net/rime/collect-link-estimate.c:111: collect_link_estimate_update_rx(struct collect_link_estimate *n)
                                    463 ;	-----------------------------------------
                                    464 ;	 function collect_link_estimate_update_rx
                                    465 ;	-----------------------------------------
      0001D1                        466 _collect_link_estimate_update_rx:
                                    467 ;	../../core/net/rime/collect-link-estimate.c:114: }
      0001D1 22               [24]  468 	ret
                                    469 ;------------------------------------------------------------
                                    470 ;Allocation info for local variables in function 'collect_link_estimate'
                                    471 ;------------------------------------------------------------
                                    472 ;le                        Allocated to registers r5 r6 r7 
                                    473 ;------------------------------------------------------------
                                    474 ;	../../core/net/rime/collect-link-estimate.c:117: collect_link_estimate(struct collect_link_estimate *le)
                                    475 ;	-----------------------------------------
                                    476 ;	 function collect_link_estimate
                                    477 ;	-----------------------------------------
      0001D2                        478 _collect_link_estimate:
      0001D2 AD 82            [24]  479 	mov	r5,dpl
      0001D4 AE 83            [24]  480 	mov	r6,dph
      0001D6 AF F0            [24]  481 	mov	r7,b
                                    482 ;	../../core/net/rime/collect-link-estimate.c:119: if(le == NULL) {
      0001D8 ED               [12]  483 	mov	a,r5
      0001D9 4E               [12]  484 	orl	a,r6
      0001DA 70 04            [24]  485 	jnz	00102$
                                    486 ;	../../core/net/rime/collect-link-estimate.c:120: return 0;
      0001DC 90 00 00         [24]  487 	mov	dptr,#0x0000
      0001DF 22               [24]  488 	ret
      0001E0                        489 00102$:
                                    490 ;	../../core/net/rime/collect-link-estimate.c:122: if(le->num_estimates == 0) {
      0001E0 74 04            [12]  491 	mov	a,#0x04
      0001E2 2D               [12]  492 	add	a,r5
      0001E3 FA               [12]  493 	mov	r2,a
      0001E4 E4               [12]  494 	clr	a
      0001E5 3E               [12]  495 	addc	a,r6
      0001E6 FB               [12]  496 	mov	r3,a
      0001E7 8F 04            [24]  497 	mov	ar4,r7
      0001E9 8A 82            [24]  498 	mov	dpl,r2
      0001EB 8B 83            [24]  499 	mov	dph,r3
      0001ED 8C F0            [24]  500 	mov	b,r4
      0001EF 12r00r00         [24]  501 	lcall	__gptrget
      0001F2 70 04            [24]  502 	jnz	00104$
                                    503 ;	../../core/net/rime/collect-link-estimate.c:123: return INITIAL_LINK_ESTIMATE * COLLECT_LINK_ESTIMATE_UNIT;
      0001F4 90 00 80         [24]  504 	mov	dptr,#0x0080
      0001F7 22               [24]  505 	ret
      0001F8                        506 00104$:
                                    507 ;	../../core/net/rime/collect-link-estimate.c:126: return le->etx_accumulator;
      0001F8 8D 82            [24]  508 	mov	dpl,r5
      0001FA 8E 83            [24]  509 	mov	dph,r6
      0001FC 8F F0            [24]  510 	mov	b,r7
      0001FE 12r00r00         [24]  511 	lcall	__gptrget
      000201 FD               [12]  512 	mov	r5,a
      000202 A3               [24]  513 	inc	dptr
      000203 12r00r00         [24]  514 	lcall	__gptrget
                                    515 ;	../../core/net/rime/collect-link-estimate.c:127: }
      000206 8D 82            [24]  516 	mov	dpl,r5
      000208 F5 83            [12]  517 	mov	dph,a
      00020A 22               [24]  518 	ret
                                    519 ;------------------------------------------------------------
                                    520 ;Allocation info for local variables in function 'collect_link_estimate_num_estimates'
                                    521 ;------------------------------------------------------------
                                    522 ;le                        Allocated to registers r5 r6 r7 
                                    523 ;------------------------------------------------------------
                                    524 ;	../../core/net/rime/collect-link-estimate.c:130: collect_link_estimate_num_estimates(struct collect_link_estimate *le)
                                    525 ;	-----------------------------------------
                                    526 ;	 function collect_link_estimate_num_estimates
                                    527 ;	-----------------------------------------
      00020B                        528 _collect_link_estimate_num_estimates:
      00020B AD 82            [24]  529 	mov	r5,dpl
      00020D AE 83            [24]  530 	mov	r6,dph
      00020F AF F0            [24]  531 	mov	r7,b
                                    532 ;	../../core/net/rime/collect-link-estimate.c:132: if(le != NULL) {
      000211 ED               [12]  533 	mov	a,r5
      000212 4E               [12]  534 	orl	a,r6
      000213 60 18            [24]  535 	jz	00102$
                                    536 ;	../../core/net/rime/collect-link-estimate.c:133: return le->num_estimates;
      000215 74 04            [12]  537 	mov	a,#0x04
      000217 2D               [12]  538 	add	a,r5
      000218 FD               [12]  539 	mov	r5,a
      000219 E4               [12]  540 	clr	a
      00021A 3E               [12]  541 	addc	a,r6
      00021B FE               [12]  542 	mov	r6,a
      00021C 8D 82            [24]  543 	mov	dpl,r5
      00021E 8E 83            [24]  544 	mov	dph,r6
      000220 8F F0            [24]  545 	mov	b,r7
      000222 12r00r00         [24]  546 	lcall	__gptrget
      000225 FD               [12]  547 	mov	r5,a
      000226 7F 00            [12]  548 	mov	r7,#0x00
      000228 8D 82            [24]  549 	mov	dpl,r5
      00022A 8F 83            [24]  550 	mov	dph,r7
      00022C 22               [24]  551 	ret
      00022D                        552 00102$:
                                    553 ;	../../core/net/rime/collect-link-estimate.c:135: return 0;
      00022D 90 00 00         [24]  554 	mov	dptr,#0x0000
                                    555 ;	../../core/net/rime/collect-link-estimate.c:136: }
      000230 22               [24]  556 	ret
                                    557 	.area CSEG    (CODE)
                                    558 	.area CONST   (CODE)
                                    559 	.area XINIT   (CODE)
                                    560 	.area CABS    (ABS,CODE)
