                                      1 ;--------------------------------------------------------
                                      2 ; File Created by SDCC : free open source ANSI-C Compiler
                                      3 ; Version 4.0.0 #11528 (Linux)
                                      4 ;--------------------------------------------------------
                                      5 	.module netstack
                                      6 	.optsdcc -mmcs51 --model-large
                                      7 	
                                      8 ;--------------------------------------------------------
                                      9 ; Public variables in this module
                                     10 ;--------------------------------------------------------
                                     11 	.globl _netstack_init
                                     12 ;--------------------------------------------------------
                                     13 ; special function registers
                                     14 ;--------------------------------------------------------
                                     15 	.area RSEG    (ABS,DATA)
      000000                         16 	.org 0x0000
                                     17 ;--------------------------------------------------------
                                     18 ; special function bits
                                     19 ;--------------------------------------------------------
                                     20 	.area RSEG    (ABS,DATA)
      000000                         21 	.org 0x0000
                                     22 ;--------------------------------------------------------
                                     23 ; overlayable register banks
                                     24 ;--------------------------------------------------------
                                     25 	.area REG_BANK_0	(REL,OVR,DATA)
      000000                         26 	.ds 8
                                     27 ;--------------------------------------------------------
                                     28 ; internal ram data
                                     29 ;--------------------------------------------------------
                                     30 	.area DSEG    (DATA)
                                     31 ;--------------------------------------------------------
                                     32 ; overlayable items in internal ram 
                                     33 ;--------------------------------------------------------
                                     34 ;--------------------------------------------------------
                                     35 ; indirectly addressable internal ram data
                                     36 ;--------------------------------------------------------
                                     37 	.area ISEG    (DATA)
                                     38 ;--------------------------------------------------------
                                     39 ; absolute internal ram data
                                     40 ;--------------------------------------------------------
                                     41 	.area IABS    (ABS,DATA)
                                     42 	.area IABS    (ABS,DATA)
                                     43 ;--------------------------------------------------------
                                     44 ; bit data
                                     45 ;--------------------------------------------------------
                                     46 	.area BSEG    (BIT)
                                     47 ;--------------------------------------------------------
                                     48 ; paged external ram data
                                     49 ;--------------------------------------------------------
                                     50 	.area PSEG    (PAG,XDATA)
                                     51 ;--------------------------------------------------------
                                     52 ; external ram data
                                     53 ;--------------------------------------------------------
                                     54 	.area XSEG    (XDATA)
                                     55 ;--------------------------------------------------------
                                     56 ; absolute external ram data
                                     57 ;--------------------------------------------------------
                                     58 	.area XABS    (ABS,XDATA)
                                     59 ;--------------------------------------------------------
                                     60 ; external initialized ram data
                                     61 ;--------------------------------------------------------
                                     62 	.area XISEG   (XDATA)
                                     63 	.area HOME    (CODE)
                                     64 	.area GSINIT0 (CODE)
                                     65 	.area GSINIT1 (CODE)
                                     66 	.area GSINIT2 (CODE)
                                     67 	.area GSINIT3 (CODE)
                                     68 	.area GSINIT4 (CODE)
                                     69 	.area GSINIT5 (CODE)
                                     70 	.area GSINIT  (CODE)
                                     71 	.area GSFINAL (CODE)
                                     72 	.area CSEG    (CODE)
                                     73 ;--------------------------------------------------------
                                     74 ; global & static initialisations
                                     75 ;--------------------------------------------------------
                                     76 	.area HOME    (CODE)
                                     77 	.area GSINIT  (CODE)
                                     78 	.area GSFINAL (CODE)
                                     79 	.area GSINIT  (CODE)
                                     80 ;--------------------------------------------------------
                                     81 ; Home
                                     82 ;--------------------------------------------------------
                                     83 	.area HOME    (CODE)
                                     84 	.area HOME    (CODE)
                                     85 ;--------------------------------------------------------
                                     86 ; code
                                     87 ;--------------------------------------------------------
                                     88 	.area CSEG    (CODE)
                                     89 ;------------------------------------------------------------
                                     90 ;Allocation info for local variables in function 'netstack_init'
                                     91 ;------------------------------------------------------------
                                     92 ;	../../core/net/netstack.c:43: netstack_init(void)
                                     93 ;	-----------------------------------------
                                     94 ;	 function netstack_init
                                     95 ;	-----------------------------------------
      000000                         96 _netstack_init:
                           000007    97 	ar7 = 0x07
                           000006    98 	ar6 = 0x06
                           000005    99 	ar5 = 0x05
                           000004   100 	ar4 = 0x04
                           000003   101 	ar3 = 0x03
                           000002   102 	ar2 = 0x02
                           000001   103 	ar1 = 0x01
                           000000   104 	ar0 = 0x00
                                    105 ;	../../core/net/netstack.c:45: NETSTACK_RADIO.init();
      000000 90r00r00         [24]  106 	mov	dptr,#_cc2530_rf_driver
      000003 E4               [12]  107 	clr	a
      000004 93               [24]  108 	movc	a,@a+dptr
      000005 FE               [12]  109 	mov	r6,a
      000006 A3               [24]  110 	inc	dptr
      000007 E4               [12]  111 	clr	a
      000008 93               [24]  112 	movc	a,@a+dptr
      000009 FF               [12]  113 	mov	r7,a
      00000A C0 07            [24]  114 	push	ar7
      00000C C0 06            [24]  115 	push	ar6
      00000E 8E 82            [24]  116 	mov	dpl,r6
      000010 8F 83            [24]  117 	mov	dph,r7
      000012 12r00r00         [24]  118 	lcall	__sdcc_call_dptr
      000015 D0 06            [24]  119 	pop	ar6
      000017 D0 07            [24]  120 	pop	ar7
                                    121 ;	../../core/net/netstack.c:46: NETSTACK_RDC.init();
      000019 90r00r03         [24]  122 	mov	dptr,#(_nullrdc_driver + 0x0003)
      00001C E4               [12]  123 	clr	a
      00001D 93               [24]  124 	movc	a,@a+dptr
      00001E FE               [12]  125 	mov	r6,a
      00001F A3               [24]  126 	inc	dptr
      000020 E4               [12]  127 	clr	a
      000021 93               [24]  128 	movc	a,@a+dptr
      000022 FF               [12]  129 	mov	r7,a
      000023 C0 07            [24]  130 	push	ar7
      000025 C0 06            [24]  131 	push	ar6
      000027 8E 82            [24]  132 	mov	dpl,r6
      000029 8F 83            [24]  133 	mov	dph,r7
      00002B 12r00r00         [24]  134 	lcall	__sdcc_call_dptr
      00002E D0 06            [24]  135 	pop	ar6
      000030 D0 07            [24]  136 	pop	ar7
                                    137 ;	../../core/net/netstack.c:47: NETSTACK_MAC.init();
      000032 90r00r03         [24]  138 	mov	dptr,#(_csma_driver + 0x0003)
      000035 E4               [12]  139 	clr	a
      000036 93               [24]  140 	movc	a,@a+dptr
      000037 FE               [12]  141 	mov	r6,a
      000038 A3               [24]  142 	inc	dptr
      000039 E4               [12]  143 	clr	a
      00003A 93               [24]  144 	movc	a,@a+dptr
      00003B FF               [12]  145 	mov	r7,a
      00003C C0 07            [24]  146 	push	ar7
      00003E C0 06            [24]  147 	push	ar6
      000040 8E 82            [24]  148 	mov	dpl,r6
      000042 8F 83            [24]  149 	mov	dph,r7
      000044 12r00r00         [24]  150 	lcall	__sdcc_call_dptr
      000047 D0 06            [24]  151 	pop	ar6
      000049 D0 07            [24]  152 	pop	ar7
                                    153 ;	../../core/net/netstack.c:48: NETSTACK_NETWORK.init();
      00004B 90r00r03         [24]  154 	mov	dptr,#(_rime_driver + 0x0003)
      00004E E4               [12]  155 	clr	a
      00004F 93               [24]  156 	movc	a,@a+dptr
      000050 FE               [12]  157 	mov	r6,a
      000051 A3               [24]  158 	inc	dptr
      000052 E4               [12]  159 	clr	a
      000053 93               [24]  160 	movc	a,@a+dptr
      000054 FF               [12]  161 	mov	r7,a
      000055 C0 07            [24]  162 	push	ar7
      000057 C0 06            [24]  163 	push	ar6
      000059 8E 82            [24]  164 	mov	dpl,r6
      00005B 8F 83            [24]  165 	mov	dph,r7
      00005D 12r00r00         [24]  166 	lcall	__sdcc_call_dptr
      000060 D0 06            [24]  167 	pop	ar6
      000062 D0 07            [24]  168 	pop	ar7
                                    169 ;	../../core/net/netstack.c:53: }
      000064 22               [24]  170 	ret
                                    171 	.area CSEG    (CODE)
                                    172 	.area CONST   (CODE)
                                    173 	.area XINIT   (CODE)
                                    174 	.area CABS    (ABS,CODE)
