                                      1 ;--------------------------------------------------------
                                      2 ; File Created by SDCC : free open source ANSI-C Compiler
                                      3 ; Version 4.0.0 #11528 (Linux)
                                      4 ;--------------------------------------------------------
                                      5 	.module stbroadcast
                                      6 	.optsdcc -mmcs51 --model-large
                                      7 	
                                      8 ;--------------------------------------------------------
                                      9 ; Public variables in this module
                                     10 ;--------------------------------------------------------
                                     11 	.globl _queuebuf_free
                                     12 	.globl _queuebuf_to_packetbuf
                                     13 	.globl _queuebuf_new_from_packetbuf
                                     14 	.globl _broadcast_send
                                     15 	.globl _broadcast_close
                                     16 	.globl _broadcast_open
                                     17 	.globl _ctimer_stop
                                     18 	.globl _ctimer_set
                                     19 	.globl _ctimer_reset
                                     20 	.globl _ACTIVE
                                     21 	.globl _TX_BYTE
                                     22 	.globl _RX_BYTE
                                     23 	.globl _ERR
                                     24 	.globl _FE
                                     25 	.globl _SLAVE
                                     26 	.globl _RE
                                     27 	.globl _MODE
                                     28 	.globl _T3OVFIF
                                     29 	.globl _T3CH0IF
                                     30 	.globl _T3CH1IF
                                     31 	.globl _T4OVFIF
                                     32 	.globl _T4CH0IF
                                     33 	.globl _T4CH1IF
                                     34 	.globl _OVFIM
                                     35 	.globl _B_0
                                     36 	.globl _B_1
                                     37 	.globl _B_2
                                     38 	.globl _B_3
                                     39 	.globl _B_4
                                     40 	.globl _B_5
                                     41 	.globl _B_6
                                     42 	.globl _B_7
                                     43 	.globl _P2IF
                                     44 	.globl _UTX0IF
                                     45 	.globl _UTX1IF
                                     46 	.globl _P1IF
                                     47 	.globl _WDTIF
                                     48 	.globl _ACC_0
                                     49 	.globl _ACC_1
                                     50 	.globl _ACC_2
                                     51 	.globl _ACC_3
                                     52 	.globl _ACC_4
                                     53 	.globl _ACC_5
                                     54 	.globl _ACC_6
                                     55 	.globl _ACC_7
                                     56 	.globl _P
                                     57 	.globl _F1
                                     58 	.globl _OV
                                     59 	.globl _RS0
                                     60 	.globl _RS1
                                     61 	.globl _F0
                                     62 	.globl _AC
                                     63 	.globl _CY
                                     64 	.globl _DMAIF
                                     65 	.globl _T1IF
                                     66 	.globl _T2IF
                                     67 	.globl _T3IF
                                     68 	.globl _T4IF
                                     69 	.globl _P0IF
                                     70 	.globl _STIF
                                     71 	.globl _DMAIE
                                     72 	.globl _T1IE
                                     73 	.globl _T2IE
                                     74 	.globl _T3IE
                                     75 	.globl _T4IE
                                     76 	.globl _P0IE
                                     77 	.globl _RFERRIE
                                     78 	.globl _ADCIE
                                     79 	.globl _URX0IE
                                     80 	.globl _URX1IE
                                     81 	.globl _ENCIE
                                     82 	.globl _STIE
                                     83 	.globl _EA
                                     84 	.globl _P2_0
                                     85 	.globl _P2_1
                                     86 	.globl _P2_2
                                     87 	.globl _P2_3
                                     88 	.globl _P2_4
                                     89 	.globl _P2_5
                                     90 	.globl _P2_6
                                     91 	.globl _P2_7
                                     92 	.globl _ENCIF_0
                                     93 	.globl _ENCIF_1
                                     94 	.globl _P1_0
                                     95 	.globl _P1_1
                                     96 	.globl _P1_2
                                     97 	.globl _P1_3
                                     98 	.globl _P1_4
                                     99 	.globl _P1_5
                                    100 	.globl _P1_6
                                    101 	.globl _P1_7
                                    102 	.globl _IT0
                                    103 	.globl _RFERRIF
                                    104 	.globl _IT1
                                    105 	.globl _URX0IF
                                    106 	.globl _ADCIF
                                    107 	.globl _URX1IF
                                    108 	.globl _P0_0
                                    109 	.globl _P0_1
                                    110 	.globl _P0_2
                                    111 	.globl _P0_3
                                    112 	.globl _P0_4
                                    113 	.globl _P0_5
                                    114 	.globl _P0_6
                                    115 	.globl _P0_7
                                    116 	.globl _WDCTL
                                    117 	.globl _U1GCR
                                    118 	.globl _U1UCR
                                    119 	.globl _U1BAUD
                                    120 	.globl _U1DBUF
                                    121 	.globl _U1CSR
                                    122 	.globl _U0GCR
                                    123 	.globl _U0UCR
                                    124 	.globl _U0BAUD
                                    125 	.globl _U0DBUF
                                    126 	.globl _U0CSR
                                    127 	.globl _TIMIF
                                    128 	.globl _T4CC1
                                    129 	.globl _T4CCTL1
                                    130 	.globl _T4CC0
                                    131 	.globl _T4CCTL0
                                    132 	.globl _T4CTL
                                    133 	.globl _T4CNT
                                    134 	.globl _T3CC1
                                    135 	.globl _T3CCTL1
                                    136 	.globl _T3CC0
                                    137 	.globl _T3CCTL0
                                    138 	.globl _T3CTL
                                    139 	.globl _T3CNT
                                    140 	.globl _T2MSEL
                                    141 	.globl _T2IRQM
                                    142 	.globl _T2MOVF2
                                    143 	.globl _T2MOVF1
                                    144 	.globl _T2MOVF0
                                    145 	.globl _T2M1
                                    146 	.globl _T2M0
                                    147 	.globl _T2IRQF
                                    148 	.globl _T2EVTCFG
                                    149 	.globl _T2CTRL
                                    150 	.globl _T1STAT
                                    151 	.globl _T1CCTL2
                                    152 	.globl _T1CCTL1
                                    153 	.globl _T1CCTL0
                                    154 	.globl _T1CTL
                                    155 	.globl _T1CNTH
                                    156 	.globl _T1CNTL
                                    157 	.globl _T1CC2H
                                    158 	.globl _T1CC2L
                                    159 	.globl _T1CC1H
                                    160 	.globl _T1CC1L
                                    161 	.globl _T1CC0H
                                    162 	.globl _T1CC0L
                                    163 	.globl _CLKCONSTA
                                    164 	.globl _CLKCONCMD
                                    165 	.globl _SLEEPSTA
                                    166 	.globl _SLEEPCMD
                                    167 	.globl _STLOAD
                                    168 	.globl _ST2
                                    169 	.globl _ST1
                                    170 	.globl _ST0
                                    171 	.globl _RFERRF
                                    172 	.globl _RFIRQF0
                                    173 	.globl _RFST
                                    174 	.globl _RFD
                                    175 	.globl _RFIRQF1
                                    176 	.globl _PSBANK
                                    177 	.globl _FMAP
                                    178 	.globl _MEMCTR
                                    179 	.globl __XPAGE
                                    180 	.globl _MPAGE
                                    181 	.globl _PMUX
                                    182 	.globl _P2DIR
                                    183 	.globl _P1DIR
                                    184 	.globl _P0DIR
                                    185 	.globl _P2INP
                                    186 	.globl _P1INP
                                    187 	.globl _P2SEL
                                    188 	.globl _P1SEL
                                    189 	.globl _P0SEL
                                    190 	.globl _APCFG
                                    191 	.globl _PERCFG
                                    192 	.globl _P0INP
                                    193 	.globl _P2IEN
                                    194 	.globl _P1IEN
                                    195 	.globl _P0IEN
                                    196 	.globl _PICTL
                                    197 	.globl _P2IFG
                                    198 	.globl _P1IFG
                                    199 	.globl _P0IFG
                                    200 	.globl _DMAREQ
                                    201 	.globl _DMAARM
                                    202 	.globl _DMA0CFGH
                                    203 	.globl _DMA0CFGL
                                    204 	.globl _DMA1CFGH
                                    205 	.globl _DMA1CFGL
                                    206 	.globl _DMAIRQ
                                    207 	.globl _ENCCS
                                    208 	.globl _ENCDO
                                    209 	.globl _ENCDI
                                    210 	.globl _RNDH
                                    211 	.globl _RNDL
                                    212 	.globl _ADCH
                                    213 	.globl _ADCL
                                    214 	.globl _ADCCON3
                                    215 	.globl _ADCCON2
                                    216 	.globl _ADCCON1
                                    217 	.globl _B
                                    218 	.globl _IRCON2
                                    219 	.globl _ACC
                                    220 	.globl _PSW
                                    221 	.globl _IRCON
                                    222 	.globl _IP1
                                    223 	.globl _IEN1
                                    224 	.globl _IP0
                                    225 	.globl _IEN0
                                    226 	.globl _P2
                                    227 	.globl _S1CON
                                    228 	.globl _IEN2
                                    229 	.globl _S0CON
                                    230 	.globl _DPS
                                    231 	.globl _P1
                                    232 	.globl _TCON
                                    233 	.globl _PCON
                                    234 	.globl _DPH1
                                    235 	.globl _DPL1
                                    236 	.globl _DPH0
                                    237 	.globl _DPL0
                                    238 	.globl _SP
                                    239 	.globl _P0
                                    240 	.globl _X_IEEE_ADDR
                                    241 	.globl _X_INFOPAGE
                                    242 	.globl _X_P2DIR
                                    243 	.globl _X_P1DIR
                                    244 	.globl _X_P0DIR
                                    245 	.globl _X_U1GCR
                                    246 	.globl _X_U1UCR
                                    247 	.globl _X_U1BAUD
                                    248 	.globl _X_U1DBUF
                                    249 	.globl _X_U1CSR
                                    250 	.globl _X_P2INP
                                    251 	.globl _X_P1INP
                                    252 	.globl _X_P2SEL
                                    253 	.globl _X_P1SEL
                                    254 	.globl _X_P0SEL
                                    255 	.globl _X_APCFG
                                    256 	.globl _X_PERCFG
                                    257 	.globl _X_T4CC1
                                    258 	.globl _X_T4CCTL1
                                    259 	.globl _X_T4CC0
                                    260 	.globl _X_T4CCTL0
                                    261 	.globl _X_T4CTL
                                    262 	.globl _X_T4CNT
                                    263 	.globl _X_RFIRQF0
                                    264 	.globl _X_T1CCTL2
                                    265 	.globl _X_T1CCTL1
                                    266 	.globl _X_T1CCTL0
                                    267 	.globl _X_T1CTL
                                    268 	.globl _X_T1CNTH
                                    269 	.globl _X_T1CNTL
                                    270 	.globl _X_RFST
                                    271 	.globl _X_T1CC2H
                                    272 	.globl _X_T1CC2L
                                    273 	.globl _X_T1CC1H
                                    274 	.globl _X_T1CC1L
                                    275 	.globl _X_T1CC0H
                                    276 	.globl _X_T1CC0L
                                    277 	.globl _X_RFD
                                    278 	.globl _X_TIMIF
                                    279 	.globl _X_DMAREQ
                                    280 	.globl _X_DMAARM
                                    281 	.globl _X_DMA0CFGH
                                    282 	.globl _X_DMA0CFGL
                                    283 	.globl _X_DMA1CFGH
                                    284 	.globl _X_DMA1CFGL
                                    285 	.globl _X_DMAIRQ
                                    286 	.globl _X_T3CC1
                                    287 	.globl _X_T3CCTL1
                                    288 	.globl _X_T3CC0
                                    289 	.globl _X_T3CCTL0
                                    290 	.globl _X_T3CTL
                                    291 	.globl _X_T3CNT
                                    292 	.globl _X_WDCTL
                                    293 	.globl _X_MEMCTR
                                    294 	.globl _X_CLKCONCMD
                                    295 	.globl _X_U0GCR
                                    296 	.globl _X_U0UCR
                                    297 	.globl _X_T2MSEL
                                    298 	.globl _X_U0BAUD
                                    299 	.globl _X_U0DBUF
                                    300 	.globl _X_RFERRF
                                    301 	.globl _X_SLEEPCMD
                                    302 	.globl _X_RNDH
                                    303 	.globl _X_RNDL
                                    304 	.globl _X_ADCH
                                    305 	.globl _X_ADCL
                                    306 	.globl _X_ADCCON3
                                    307 	.globl _X_ADCCON2
                                    308 	.globl _X_ADCCON1
                                    309 	.globl _X_ENCCS
                                    310 	.globl _X_ENCDO
                                    311 	.globl _X_ENCDI
                                    312 	.globl _X_T1STAT
                                    313 	.globl _X_PMUX
                                    314 	.globl _X_STLOAD
                                    315 	.globl _X_P2IEN
                                    316 	.globl _X_P0IEN
                                    317 	.globl _X_T2IRQM
                                    318 	.globl _X_T2MOVF2
                                    319 	.globl _X_T2MOVF1
                                    320 	.globl _X_T2MOVF0
                                    321 	.globl _X_T2M1
                                    322 	.globl _X_T2M0
                                    323 	.globl _X_T2IRQF
                                    324 	.globl _X_P2
                                    325 	.globl _X_PSBANK
                                    326 	.globl _X_FMAP
                                    327 	.globl _X_CLKCONSTA
                                    328 	.globl _X_SLEEPSTA
                                    329 	.globl _X_T2EVTCFG
                                    330 	.globl _X_ST2
                                    331 	.globl _X_ST1
                                    332 	.globl _X_ST0
                                    333 	.globl _X_T2CTRL
                                    334 	.globl _X__XPAGE
                                    335 	.globl _X_MPAGE
                                    336 	.globl _X_RFIRQF1
                                    337 	.globl _X_P1
                                    338 	.globl _X_P0INP
                                    339 	.globl _X_P1IEN
                                    340 	.globl _X_PICTL
                                    341 	.globl _X_P2IFG
                                    342 	.globl _X_P1IFG
                                    343 	.globl _X_P0IFG
                                    344 	.globl _X_U0CSR
                                    345 	.globl _X_P0
                                    346 	.globl _USBF5
                                    347 	.globl _USBF4
                                    348 	.globl _USBF3
                                    349 	.globl _USBF2
                                    350 	.globl _USBF1
                                    351 	.globl _USBF0
                                    352 	.globl _USBCNTH
                                    353 	.globl _USBCNTL
                                    354 	.globl _USBCNT0
                                    355 	.globl _USBCSOH
                                    356 	.globl _USBCSOL
                                    357 	.globl _USBMAXO
                                    358 	.globl _USBCSIH
                                    359 	.globl _USBCSIL
                                    360 	.globl _USBCS0
                                    361 	.globl _USBMAXI
                                    362 	.globl _USBCTRL
                                    363 	.globl _USBINDEX
                                    364 	.globl _USBFRMH
                                    365 	.globl _USBFRML
                                    366 	.globl _USBCIE
                                    367 	.globl _USBOIE
                                    368 	.globl _USBIIE
                                    369 	.globl _USBCIF
                                    370 	.globl _USBOIF
                                    371 	.globl _USBIIF
                                    372 	.globl _USBPOW
                                    373 	.globl _USBADDR
                                    374 	.globl _CSPT
                                    375 	.globl _CSPZ
                                    376 	.globl _CSPY
                                    377 	.globl _CSPX
                                    378 	.globl _CSPSTAT
                                    379 	.globl _CSPCTRL
                                    380 	.globl _CSPPROG23
                                    381 	.globl _CSPPROG22
                                    382 	.globl _CSPPROG21
                                    383 	.globl _CSPPROG20
                                    384 	.globl _CSPPROG19
                                    385 	.globl _CSPPROG18
                                    386 	.globl _CSPPROG17
                                    387 	.globl _CSPPROG16
                                    388 	.globl _CSPPROG15
                                    389 	.globl _CSPPROG14
                                    390 	.globl _CSPPROG13
                                    391 	.globl _CSPPROG12
                                    392 	.globl _CSPPROG11
                                    393 	.globl _CSPPROG10
                                    394 	.globl _CSPPROG9
                                    395 	.globl _CSPPROG8
                                    396 	.globl _CSPPROG7
                                    397 	.globl _CSPPROG6
                                    398 	.globl _CSPPROG5
                                    399 	.globl _CSPPROG4
                                    400 	.globl _CSPPROG3
                                    401 	.globl _CSPPROG2
                                    402 	.globl _CSPPROG1
                                    403 	.globl _CSPPROG0
                                    404 	.globl _RFC_OBS_CTRL2
                                    405 	.globl _RFC_OBS_CTRL1
                                    406 	.globl _RFC_OBS_CTRL0
                                    407 	.globl _TXFILTCFG
                                    408 	.globl _PTEST1
                                    409 	.globl _PTEST0
                                    410 	.globl _ATEST
                                    411 	.globl _DACTEST2
                                    412 	.globl _DACTEST1
                                    413 	.globl _DACTEST0
                                    414 	.globl _MDMTEST1
                                    415 	.globl _MDMTEST0
                                    416 	.globl _ADCTEST2
                                    417 	.globl _ADCTEST1
                                    418 	.globl _ADCTEST0
                                    419 	.globl _AGCCTRL3
                                    420 	.globl _AGCCTRL2
                                    421 	.globl _AGCCTRL1
                                    422 	.globl _AGCCTRL0
                                    423 	.globl _FSCAL3
                                    424 	.globl _FSCAL2
                                    425 	.globl _FSCAL1
                                    426 	.globl _FSCAL0
                                    427 	.globl _FSCTRL
                                    428 	.globl _RXCTRL
                                    429 	.globl _FREQEST
                                    430 	.globl _MDMCTRL1
                                    431 	.globl _MDMCTRL0
                                    432 	.globl _RFRND
                                    433 	.globl _RFERRM
                                    434 	.globl _RFIRQM1
                                    435 	.globl _RFIRQM0
                                    436 	.globl _TXLAST_PTR
                                    437 	.globl _TXFIRST_PTR
                                    438 	.globl _RXP1_PTR
                                    439 	.globl _RXLAST_PTR
                                    440 	.globl _RXFIRST_PTR
                                    441 	.globl _TXFIFOCNT
                                    442 	.globl _RXFIFOCNT
                                    443 	.globl _RXFIRST
                                    444 	.globl _RSSISTAT
                                    445 	.globl _RSSI
                                    446 	.globl _CCACTRL1
                                    447 	.globl _CCACTRL0
                                    448 	.globl _FSMCTRL
                                    449 	.globl _FIFOPCTRL
                                    450 	.globl _FSMSTAT1
                                    451 	.globl _FSMSTAT0
                                    452 	.globl _TXCTRL
                                    453 	.globl _TXPOWER
                                    454 	.globl _FREQCTRL
                                    455 	.globl _FREQTUNE
                                    456 	.globl _RXMASKCLR
                                    457 	.globl _RXMASKSET
                                    458 	.globl _RXENABLE
                                    459 	.globl _FRMCTRL1
                                    460 	.globl _FRMCTRL0
                                    461 	.globl _SRCEXTEN2
                                    462 	.globl _SRCEXTEN1
                                    463 	.globl _SRCEXTEN0
                                    464 	.globl _SRCSHORTEN2
                                    465 	.globl _SRCSHORTEN1
                                    466 	.globl _SRCSHORTEN0
                                    467 	.globl _SRCMATCH
                                    468 	.globl _FRMFILT1
                                    469 	.globl _FRMFILT0
                                    470 	.globl _SHORT_ADDR1
                                    471 	.globl _SHORT_ADDR0
                                    472 	.globl _PAN_ID1
                                    473 	.globl _PAN_ID0
                                    474 	.globl _EXT_ADDR7
                                    475 	.globl _EXT_ADDR6
                                    476 	.globl _EXT_ADDR5
                                    477 	.globl _EXT_ADDR4
                                    478 	.globl _EXT_ADDR3
                                    479 	.globl _EXT_ADDR2
                                    480 	.globl _EXT_ADDR1
                                    481 	.globl _EXT_ADDR0
                                    482 	.globl _SRCSHORTPENDEN2
                                    483 	.globl _SRCSHORTPENDEN1
                                    484 	.globl _SRCSHORTPENDEN0
                                    485 	.globl _SRCEXTPENDEN2
                                    486 	.globl _SRCEXTPENDEN1
                                    487 	.globl _SRCEXTPENDEN0
                                    488 	.globl _SRCRESINDEX
                                    489 	.globl _SRCRESMASK2
                                    490 	.globl _SRCRESMASK1
                                    491 	.globl _SRCRESMASK0
                                    492 	.globl _SRC_ADDR_TABLE
                                    493 	.globl _TXFIFO
                                    494 	.globl _RXFIFO
                                    495 	.globl _RFCORE_RAM
                                    496 	.globl _CMPCTL
                                    497 	.globl _OPAMPS
                                    498 	.globl _OPAMPC
                                    499 	.globl _STCV2
                                    500 	.globl _STCV1
                                    501 	.globl _STCV0
                                    502 	.globl _STCS
                                    503 	.globl _STCC
                                    504 	.globl _T1CC4H
                                    505 	.globl _T1CC4L
                                    506 	.globl _T1CC3H
                                    507 	.globl _T1CC3L
                                    508 	.globl _XX_T1CC2H
                                    509 	.globl _XX_T1CC2L
                                    510 	.globl _XX_T1CC1H
                                    511 	.globl _XX_T1CC1L
                                    512 	.globl _XX_T1CC0H
                                    513 	.globl _XX_T1CC0L
                                    514 	.globl _T1CCTL4
                                    515 	.globl _T1CCTL3
                                    516 	.globl _XX_T1CCTL2
                                    517 	.globl _XX_T1CCTL1
                                    518 	.globl _XX_T1CCTL0
                                    519 	.globl _CLD
                                    520 	.globl _IRCTL
                                    521 	.globl _CHIPINFO1
                                    522 	.globl _CHIPINFO0
                                    523 	.globl _FWDATA
                                    524 	.globl _FADDRH
                                    525 	.globl _FADDRL
                                    526 	.globl _FCTL
                                    527 	.globl _IVCTRL
                                    528 	.globl _BATTMON
                                    529 	.globl _SRCRC
                                    530 	.globl _DBGDATA
                                    531 	.globl _TESTREG0
                                    532 	.globl _CHIPID
                                    533 	.globl _CHVER
                                    534 	.globl _OBSSEL5
                                    535 	.globl _OBSSEL4
                                    536 	.globl _OBSSEL3
                                    537 	.globl _OBSSEL2
                                    538 	.globl _OBSSEL1
                                    539 	.globl _OBSSEL0
                                    540 	.globl _I2CIO
                                    541 	.globl _I2CWC
                                    542 	.globl _I2CADDR
                                    543 	.globl _I2CDATA
                                    544 	.globl _I2CSTAT
                                    545 	.globl _I2CCFG
                                    546 	.globl _OPAMPMC
                                    547 	.globl _MONMUX
                                    548 	.globl _stbroadcast_open
                                    549 	.globl _stbroadcast_close
                                    550 	.globl _stbroadcast_set_timer
                                    551 	.globl _stbroadcast_send_stubborn
                                    552 	.globl _stbroadcast_cancel
                                    553 ;--------------------------------------------------------
                                    554 ; special function registers
                                    555 ;--------------------------------------------------------
                                    556 	.area RSEG    (ABS,DATA)
      000000                        557 	.org 0x0000
                           000080   558 _P0	=	0x0080
                           000081   559 _SP	=	0x0081
                           000082   560 _DPL0	=	0x0082
                           000083   561 _DPH0	=	0x0083
                           000084   562 _DPL1	=	0x0084
                           000085   563 _DPH1	=	0x0085
                           000087   564 _PCON	=	0x0087
                           000088   565 _TCON	=	0x0088
                           000090   566 _P1	=	0x0090
                           000092   567 _DPS	=	0x0092
                           000098   568 _S0CON	=	0x0098
                           00009A   569 _IEN2	=	0x009a
                           00009B   570 _S1CON	=	0x009b
                           0000A0   571 _P2	=	0x00a0
                           0000A8   572 _IEN0	=	0x00a8
                           0000A9   573 _IP0	=	0x00a9
                           0000B8   574 _IEN1	=	0x00b8
                           0000B9   575 _IP1	=	0x00b9
                           0000C0   576 _IRCON	=	0x00c0
                           0000D0   577 _PSW	=	0x00d0
                           0000E0   578 _ACC	=	0x00e0
                           0000E8   579 _IRCON2	=	0x00e8
                           0000F0   580 _B	=	0x00f0
                           0000B4   581 _ADCCON1	=	0x00b4
                           0000B5   582 _ADCCON2	=	0x00b5
                           0000B6   583 _ADCCON3	=	0x00b6
                           0000BA   584 _ADCL	=	0x00ba
                           0000BB   585 _ADCH	=	0x00bb
                           0000BC   586 _RNDL	=	0x00bc
                           0000BD   587 _RNDH	=	0x00bd
                           0000B1   588 _ENCDI	=	0x00b1
                           0000B2   589 _ENCDO	=	0x00b2
                           0000B3   590 _ENCCS	=	0x00b3
                           0000D1   591 _DMAIRQ	=	0x00d1
                           0000D2   592 _DMA1CFGL	=	0x00d2
                           0000D3   593 _DMA1CFGH	=	0x00d3
                           0000D4   594 _DMA0CFGL	=	0x00d4
                           0000D5   595 _DMA0CFGH	=	0x00d5
                           0000D6   596 _DMAARM	=	0x00d6
                           0000D7   597 _DMAREQ	=	0x00d7
                           000089   598 _P0IFG	=	0x0089
                           00008A   599 _P1IFG	=	0x008a
                           00008B   600 _P2IFG	=	0x008b
                           00008C   601 _PICTL	=	0x008c
                           0000AB   602 _P0IEN	=	0x00ab
                           00008D   603 _P1IEN	=	0x008d
                           0000AC   604 _P2IEN	=	0x00ac
                           00008F   605 _P0INP	=	0x008f
                           0000F1   606 _PERCFG	=	0x00f1
                           0000F2   607 _APCFG	=	0x00f2
                           0000F3   608 _P0SEL	=	0x00f3
                           0000F4   609 _P1SEL	=	0x00f4
                           0000F5   610 _P2SEL	=	0x00f5
                           0000F6   611 _P1INP	=	0x00f6
                           0000F7   612 _P2INP	=	0x00f7
                           0000FD   613 _P0DIR	=	0x00fd
                           0000FE   614 _P1DIR	=	0x00fe
                           0000FF   615 _P2DIR	=	0x00ff
                           0000AE   616 _PMUX	=	0x00ae
                           000093   617 _MPAGE	=	0x0093
                           000093   618 __XPAGE	=	0x0093
                           0000C7   619 _MEMCTR	=	0x00c7
                           00009F   620 _FMAP	=	0x009f
                           00009F   621 _PSBANK	=	0x009f
                           000091   622 _RFIRQF1	=	0x0091
                           0000D9   623 _RFD	=	0x00d9
                           0000E1   624 _RFST	=	0x00e1
                           0000E9   625 _RFIRQF0	=	0x00e9
                           0000BF   626 _RFERRF	=	0x00bf
                           000095   627 _ST0	=	0x0095
                           000096   628 _ST1	=	0x0096
                           000097   629 _ST2	=	0x0097
                           0000AD   630 _STLOAD	=	0x00ad
                           0000BE   631 _SLEEPCMD	=	0x00be
                           00009D   632 _SLEEPSTA	=	0x009d
                           0000C6   633 _CLKCONCMD	=	0x00c6
                           00009E   634 _CLKCONSTA	=	0x009e
                           0000DA   635 _T1CC0L	=	0x00da
                           0000DB   636 _T1CC0H	=	0x00db
                           0000DC   637 _T1CC1L	=	0x00dc
                           0000DD   638 _T1CC1H	=	0x00dd
                           0000DE   639 _T1CC2L	=	0x00de
                           0000DF   640 _T1CC2H	=	0x00df
                           0000E2   641 _T1CNTL	=	0x00e2
                           0000E3   642 _T1CNTH	=	0x00e3
                           0000E4   643 _T1CTL	=	0x00e4
                           0000E5   644 _T1CCTL0	=	0x00e5
                           0000E6   645 _T1CCTL1	=	0x00e6
                           0000E7   646 _T1CCTL2	=	0x00e7
                           0000AF   647 _T1STAT	=	0x00af
                           000094   648 _T2CTRL	=	0x0094
                           00009C   649 _T2EVTCFG	=	0x009c
                           0000A1   650 _T2IRQF	=	0x00a1
                           0000A2   651 _T2M0	=	0x00a2
                           0000A3   652 _T2M1	=	0x00a3
                           0000A4   653 _T2MOVF0	=	0x00a4
                           0000A5   654 _T2MOVF1	=	0x00a5
                           0000A6   655 _T2MOVF2	=	0x00a6
                           0000A7   656 _T2IRQM	=	0x00a7
                           0000C3   657 _T2MSEL	=	0x00c3
                           0000CA   658 _T3CNT	=	0x00ca
                           0000CB   659 _T3CTL	=	0x00cb
                           0000CC   660 _T3CCTL0	=	0x00cc
                           0000CD   661 _T3CC0	=	0x00cd
                           0000CE   662 _T3CCTL1	=	0x00ce
                           0000CF   663 _T3CC1	=	0x00cf
                           0000EA   664 _T4CNT	=	0x00ea
                           0000EB   665 _T4CTL	=	0x00eb
                           0000EC   666 _T4CCTL0	=	0x00ec
                           0000ED   667 _T4CC0	=	0x00ed
                           0000EE   668 _T4CCTL1	=	0x00ee
                           0000EF   669 _T4CC1	=	0x00ef
                           0000D8   670 _TIMIF	=	0x00d8
                           000086   671 _U0CSR	=	0x0086
                           0000C1   672 _U0DBUF	=	0x00c1
                           0000C2   673 _U0BAUD	=	0x00c2
                           0000C4   674 _U0UCR	=	0x00c4
                           0000C5   675 _U0GCR	=	0x00c5
                           0000F8   676 _U1CSR	=	0x00f8
                           0000F9   677 _U1DBUF	=	0x00f9
                           0000FA   678 _U1BAUD	=	0x00fa
                           0000FB   679 _U1UCR	=	0x00fb
                           0000FC   680 _U1GCR	=	0x00fc
                           0000C9   681 _WDCTL	=	0x00c9
                                    682 ;--------------------------------------------------------
                                    683 ; special function bits
                                    684 ;--------------------------------------------------------
                                    685 	.area RSEG    (ABS,DATA)
      000000                        686 	.org 0x0000
                           000087   687 _P0_7	=	0x0087
                           000086   688 _P0_6	=	0x0086
                           000085   689 _P0_5	=	0x0085
                           000084   690 _P0_4	=	0x0084
                           000083   691 _P0_3	=	0x0083
                           000082   692 _P0_2	=	0x0082
                           000081   693 _P0_1	=	0x0081
                           000080   694 _P0_0	=	0x0080
                           00008F   695 _URX1IF	=	0x008f
                           00008D   696 _ADCIF	=	0x008d
                           00008B   697 _URX0IF	=	0x008b
                           00008A   698 _IT1	=	0x008a
                           000089   699 _RFERRIF	=	0x0089
                           000088   700 _IT0	=	0x0088
                           000097   701 _P1_7	=	0x0097
                           000096   702 _P1_6	=	0x0096
                           000095   703 _P1_5	=	0x0095
                           000094   704 _P1_4	=	0x0094
                           000093   705 _P1_3	=	0x0093
                           000092   706 _P1_2	=	0x0092
                           000091   707 _P1_1	=	0x0091
                           000090   708 _P1_0	=	0x0090
                           000099   709 _ENCIF_1	=	0x0099
                           000098   710 _ENCIF_0	=	0x0098
                           0000A7   711 _P2_7	=	0x00a7
                           0000A6   712 _P2_6	=	0x00a6
                           0000A5   713 _P2_5	=	0x00a5
                           0000A4   714 _P2_4	=	0x00a4
                           0000A3   715 _P2_3	=	0x00a3
                           0000A2   716 _P2_2	=	0x00a2
                           0000A1   717 _P2_1	=	0x00a1
                           0000A0   718 _P2_0	=	0x00a0
                           0000AF   719 _EA	=	0x00af
                           0000AD   720 _STIE	=	0x00ad
                           0000AC   721 _ENCIE	=	0x00ac
                           0000AB   722 _URX1IE	=	0x00ab
                           0000AA   723 _URX0IE	=	0x00aa
                           0000A9   724 _ADCIE	=	0x00a9
                           0000A8   725 _RFERRIE	=	0x00a8
                           0000BD   726 _P0IE	=	0x00bd
                           0000BC   727 _T4IE	=	0x00bc
                           0000BB   728 _T3IE	=	0x00bb
                           0000BA   729 _T2IE	=	0x00ba
                           0000B9   730 _T1IE	=	0x00b9
                           0000B8   731 _DMAIE	=	0x00b8
                           0000C7   732 _STIF	=	0x00c7
                           0000C5   733 _P0IF	=	0x00c5
                           0000C4   734 _T4IF	=	0x00c4
                           0000C3   735 _T3IF	=	0x00c3
                           0000C2   736 _T2IF	=	0x00c2
                           0000C1   737 _T1IF	=	0x00c1
                           0000C0   738 _DMAIF	=	0x00c0
                           0000D7   739 _CY	=	0x00d7
                           0000D6   740 _AC	=	0x00d6
                           0000D5   741 _F0	=	0x00d5
                           0000D4   742 _RS1	=	0x00d4
                           0000D3   743 _RS0	=	0x00d3
                           0000D2   744 _OV	=	0x00d2
                           0000D1   745 _F1	=	0x00d1
                           0000D0   746 _P	=	0x00d0
                           0000E7   747 _ACC_7	=	0x00e7
                           0000E6   748 _ACC_6	=	0x00e6
                           0000E5   749 _ACC_5	=	0x00e5
                           0000E4   750 _ACC_4	=	0x00e4
                           0000E3   751 _ACC_3	=	0x00e3
                           0000E2   752 _ACC_2	=	0x00e2
                           0000E1   753 _ACC_1	=	0x00e1
                           0000E0   754 _ACC_0	=	0x00e0
                           0000EC   755 _WDTIF	=	0x00ec
                           0000EB   756 _P1IF	=	0x00eb
                           0000EA   757 _UTX1IF	=	0x00ea
                           0000E9   758 _UTX0IF	=	0x00e9
                           0000E8   759 _P2IF	=	0x00e8
                           0000F7   760 _B_7	=	0x00f7
                           0000F6   761 _B_6	=	0x00f6
                           0000F5   762 _B_5	=	0x00f5
                           0000F4   763 _B_4	=	0x00f4
                           0000F3   764 _B_3	=	0x00f3
                           0000F2   765 _B_2	=	0x00f2
                           0000F1   766 _B_1	=	0x00f1
                           0000F0   767 _B_0	=	0x00f0
                           0000DE   768 _OVFIM	=	0x00de
                           0000DD   769 _T4CH1IF	=	0x00dd
                           0000DC   770 _T4CH0IF	=	0x00dc
                           0000DB   771 _T4OVFIF	=	0x00db
                           0000DA   772 _T3CH1IF	=	0x00da
                           0000D9   773 _T3CH0IF	=	0x00d9
                           0000D8   774 _T3OVFIF	=	0x00d8
                           0000FF   775 _MODE	=	0x00ff
                           0000FE   776 _RE	=	0x00fe
                           0000FD   777 _SLAVE	=	0x00fd
                           0000FC   778 _FE	=	0x00fc
                           0000FB   779 _ERR	=	0x00fb
                           0000FA   780 _RX_BYTE	=	0x00fa
                           0000F9   781 _TX_BYTE	=	0x00f9
                           0000F8   782 _ACTIVE	=	0x00f8
                                    783 ;--------------------------------------------------------
                                    784 ; overlayable register banks
                                    785 ;--------------------------------------------------------
                                    786 	.area REG_BANK_0	(REL,OVR,DATA)
      000000                        787 	.ds 8
                                    788 ;--------------------------------------------------------
                                    789 ; internal ram data
                                    790 ;--------------------------------------------------------
                                    791 	.area DSEG    (DATA)
                                    792 ;--------------------------------------------------------
                                    793 ; overlayable items in internal ram 
                                    794 ;--------------------------------------------------------
                                    795 ;--------------------------------------------------------
                                    796 ; indirectly addressable internal ram data
                                    797 ;--------------------------------------------------------
                                    798 	.area ISEG    (DATA)
                                    799 ;--------------------------------------------------------
                                    800 ; absolute internal ram data
                                    801 ;--------------------------------------------------------
                                    802 	.area IABS    (ABS,DATA)
                                    803 	.area IABS    (ABS,DATA)
                                    804 ;--------------------------------------------------------
                                    805 ; bit data
                                    806 ;--------------------------------------------------------
                                    807 	.area BSEG    (BIT)
                                    808 ;--------------------------------------------------------
                                    809 ; paged external ram data
                                    810 ;--------------------------------------------------------
                                    811 	.area PSEG    (PAG,XDATA)
                                    812 ;--------------------------------------------------------
                                    813 ; external ram data
                                    814 ;--------------------------------------------------------
                                    815 	.area XSEG    (XDATA)
                           0061A6   816 _MONMUX	=	0x61a6
                           0061A6   817 _OPAMPMC	=	0x61a6
                           006230   818 _I2CCFG	=	0x6230
                           006231   819 _I2CSTAT	=	0x6231
                           006232   820 _I2CDATA	=	0x6232
                           006233   821 _I2CADDR	=	0x6233
                           006234   822 _I2CWC	=	0x6234
                           006235   823 _I2CIO	=	0x6235
                           006243   824 _OBSSEL0	=	0x6243
                           006244   825 _OBSSEL1	=	0x6244
                           006245   826 _OBSSEL2	=	0x6245
                           006246   827 _OBSSEL3	=	0x6246
                           006247   828 _OBSSEL4	=	0x6247
                           006248   829 _OBSSEL5	=	0x6248
                           006249   830 _CHVER	=	0x6249
                           00624A   831 _CHIPID	=	0x624a
                           00624B   832 _TESTREG0	=	0x624b
                           006260   833 _DBGDATA	=	0x6260
                           006262   834 _SRCRC	=	0x6262
                           006264   835 _BATTMON	=	0x6264
                           006265   836 _IVCTRL	=	0x6265
                           006270   837 _FCTL	=	0x6270
                           006271   838 _FADDRL	=	0x6271
                           006272   839 _FADDRH	=	0x6272
                           006273   840 _FWDATA	=	0x6273
                           006276   841 _CHIPINFO0	=	0x6276
                           006277   842 _CHIPINFO1	=	0x6277
                           006281   843 _IRCTL	=	0x6281
                           006290   844 _CLD	=	0x6290
                           0062A0   845 _XX_T1CCTL0	=	0x62a0
                           0062A1   846 _XX_T1CCTL1	=	0x62a1
                           0062A2   847 _XX_T1CCTL2	=	0x62a2
                           0062A3   848 _T1CCTL3	=	0x62a3
                           0062A4   849 _T1CCTL4	=	0x62a4
                           0062A6   850 _XX_T1CC0L	=	0x62a6
                           0062A7   851 _XX_T1CC0H	=	0x62a7
                           0062A8   852 _XX_T1CC1L	=	0x62a8
                           0062A9   853 _XX_T1CC1H	=	0x62a9
                           0062AA   854 _XX_T1CC2L	=	0x62aa
                           0062AB   855 _XX_T1CC2H	=	0x62ab
                           0062AC   856 _T1CC3L	=	0x62ac
                           0062AD   857 _T1CC3H	=	0x62ad
                           0062AE   858 _T1CC4L	=	0x62ae
                           0062AF   859 _T1CC4H	=	0x62af
                           0062B0   860 _STCC	=	0x62b0
                           0062B1   861 _STCS	=	0x62b1
                           0062B2   862 _STCV0	=	0x62b2
                           0062B3   863 _STCV1	=	0x62b3
                           0062B4   864 _STCV2	=	0x62b4
                           0062C0   865 _OPAMPC	=	0x62c0
                           0062C1   866 _OPAMPS	=	0x62c1
                           0062D0   867 _CMPCTL	=	0x62d0
                           006000   868 _RFCORE_RAM	=	0x6000
                           006000   869 _RXFIFO	=	0x6000
                           006080   870 _TXFIFO	=	0x6080
                           006100   871 _SRC_ADDR_TABLE	=	0x6100
                           006160   872 _SRCRESMASK0	=	0x6160
                           006161   873 _SRCRESMASK1	=	0x6161
                           006162   874 _SRCRESMASK2	=	0x6162
                           006163   875 _SRCRESINDEX	=	0x6163
                           006164   876 _SRCEXTPENDEN0	=	0x6164
                           006165   877 _SRCEXTPENDEN1	=	0x6165
                           006166   878 _SRCEXTPENDEN2	=	0x6166
                           006167   879 _SRCSHORTPENDEN0	=	0x6167
                           006168   880 _SRCSHORTPENDEN1	=	0x6168
                           006169   881 _SRCSHORTPENDEN2	=	0x6169
                           00616A   882 _EXT_ADDR0	=	0x616a
                           00616B   883 _EXT_ADDR1	=	0x616b
                           00616C   884 _EXT_ADDR2	=	0x616c
                           00616D   885 _EXT_ADDR3	=	0x616d
                           00616E   886 _EXT_ADDR4	=	0x616e
                           00616F   887 _EXT_ADDR5	=	0x616f
                           006170   888 _EXT_ADDR6	=	0x6170
                           006171   889 _EXT_ADDR7	=	0x6171
                           006172   890 _PAN_ID0	=	0x6172
                           006173   891 _PAN_ID1	=	0x6173
                           006174   892 _SHORT_ADDR0	=	0x6174
                           006175   893 _SHORT_ADDR1	=	0x6175
                           006180   894 _FRMFILT0	=	0x6180
                           006181   895 _FRMFILT1	=	0x6181
                           006182   896 _SRCMATCH	=	0x6182
                           006183   897 _SRCSHORTEN0	=	0x6183
                           006184   898 _SRCSHORTEN1	=	0x6184
                           006185   899 _SRCSHORTEN2	=	0x6185
                           006186   900 _SRCEXTEN0	=	0x6186
                           006187   901 _SRCEXTEN1	=	0x6187
                           006188   902 _SRCEXTEN2	=	0x6188
                           006189   903 _FRMCTRL0	=	0x6189
                           00618A   904 _FRMCTRL1	=	0x618a
                           00618B   905 _RXENABLE	=	0x618b
                           00618C   906 _RXMASKSET	=	0x618c
                           00618D   907 _RXMASKCLR	=	0x618d
                           00618E   908 _FREQTUNE	=	0x618e
                           00618F   909 _FREQCTRL	=	0x618f
                           006190   910 _TXPOWER	=	0x6190
                           006191   911 _TXCTRL	=	0x6191
                           006192   912 _FSMSTAT0	=	0x6192
                           006193   913 _FSMSTAT1	=	0x6193
                           006194   914 _FIFOPCTRL	=	0x6194
                           006195   915 _FSMCTRL	=	0x6195
                           006196   916 _CCACTRL0	=	0x6196
                           006197   917 _CCACTRL1	=	0x6197
                           006198   918 _RSSI	=	0x6198
                           006199   919 _RSSISTAT	=	0x6199
                           00619A   920 _RXFIRST	=	0x619a
                           00619B   921 _RXFIFOCNT	=	0x619b
                           00619C   922 _TXFIFOCNT	=	0x619c
                           00619D   923 _RXFIRST_PTR	=	0x619d
                           00619E   924 _RXLAST_PTR	=	0x619e
                           00619F   925 _RXP1_PTR	=	0x619f
                           0061A1   926 _TXFIRST_PTR	=	0x61a1
                           0061A2   927 _TXLAST_PTR	=	0x61a2
                           0061A3   928 _RFIRQM0	=	0x61a3
                           0061A4   929 _RFIRQM1	=	0x61a4
                           0061A5   930 _RFERRM	=	0x61a5
                           0061A7   931 _RFRND	=	0x61a7
                           0061A8   932 _MDMCTRL0	=	0x61a8
                           0061A9   933 _MDMCTRL1	=	0x61a9
                           0061AA   934 _FREQEST	=	0x61aa
                           0061AB   935 _RXCTRL	=	0x61ab
                           0061AC   936 _FSCTRL	=	0x61ac
                           0061AD   937 _FSCAL0	=	0x61ad
                           0061AE   938 _FSCAL1	=	0x61ae
                           0061AF   939 _FSCAL2	=	0x61af
                           0061B0   940 _FSCAL3	=	0x61b0
                           0061B1   941 _AGCCTRL0	=	0x61b1
                           0061B2   942 _AGCCTRL1	=	0x61b2
                           0061B3   943 _AGCCTRL2	=	0x61b3
                           0061B4   944 _AGCCTRL3	=	0x61b4
                           0061B5   945 _ADCTEST0	=	0x61b5
                           0061B6   946 _ADCTEST1	=	0x61b6
                           0061B7   947 _ADCTEST2	=	0x61b7
                           0061B8   948 _MDMTEST0	=	0x61b8
                           0061B9   949 _MDMTEST1	=	0x61b9
                           0061BA   950 _DACTEST0	=	0x61ba
                           0061BB   951 _DACTEST1	=	0x61bb
                           0061BC   952 _DACTEST2	=	0x61bc
                           0061BD   953 _ATEST	=	0x61bd
                           0061BE   954 _PTEST0	=	0x61be
                           0061BF   955 _PTEST1	=	0x61bf
                           0061FA   956 _TXFILTCFG	=	0x61fa
                           0061EB   957 _RFC_OBS_CTRL0	=	0x61eb
                           0061EC   958 _RFC_OBS_CTRL1	=	0x61ec
                           0061ED   959 _RFC_OBS_CTRL2	=	0x61ed
                           0061C0   960 _CSPPROG0	=	0x61c0
                           0061C1   961 _CSPPROG1	=	0x61c1
                           0061C2   962 _CSPPROG2	=	0x61c2
                           0061C3   963 _CSPPROG3	=	0x61c3
                           0061C4   964 _CSPPROG4	=	0x61c4
                           0061C5   965 _CSPPROG5	=	0x61c5
                           0061C6   966 _CSPPROG6	=	0x61c6
                           0061C7   967 _CSPPROG7	=	0x61c7
                           0061C8   968 _CSPPROG8	=	0x61c8
                           0061C9   969 _CSPPROG9	=	0x61c9
                           0061CA   970 _CSPPROG10	=	0x61ca
                           0061CB   971 _CSPPROG11	=	0x61cb
                           0061CC   972 _CSPPROG12	=	0x61cc
                           0061CD   973 _CSPPROG13	=	0x61cd
                           0061CE   974 _CSPPROG14	=	0x61ce
                           0061CF   975 _CSPPROG15	=	0x61cf
                           0061D0   976 _CSPPROG16	=	0x61d0
                           0061D1   977 _CSPPROG17	=	0x61d1
                           0061D2   978 _CSPPROG18	=	0x61d2
                           0061D3   979 _CSPPROG19	=	0x61d3
                           0061D4   980 _CSPPROG20	=	0x61d4
                           0061D5   981 _CSPPROG21	=	0x61d5
                           0061D6   982 _CSPPROG22	=	0x61d6
                           0061D7   983 _CSPPROG23	=	0x61d7
                           0061E0   984 _CSPCTRL	=	0x61e0
                           0061E1   985 _CSPSTAT	=	0x61e1
                           0061E2   986 _CSPX	=	0x61e2
                           0061E3   987 _CSPY	=	0x61e3
                           0061E4   988 _CSPZ	=	0x61e4
                           0061E5   989 _CSPT	=	0x61e5
                           006200   990 _USBADDR	=	0x6200
                           006201   991 _USBPOW	=	0x6201
                           006202   992 _USBIIF	=	0x6202
                           006204   993 _USBOIF	=	0x6204
                           006206   994 _USBCIF	=	0x6206
                           006207   995 _USBIIE	=	0x6207
                           006209   996 _USBOIE	=	0x6209
                           00620B   997 _USBCIE	=	0x620b
                           00620C   998 _USBFRML	=	0x620c
                           00620D   999 _USBFRMH	=	0x620d
                           00620E  1000 _USBINDEX	=	0x620e
                           00620F  1001 _USBCTRL	=	0x620f
                           006210  1002 _USBMAXI	=	0x6210
                           006211  1003 _USBCS0	=	0x6211
                           006211  1004 _USBCSIL	=	0x6211
                           006212  1005 _USBCSIH	=	0x6212
                           006213  1006 _USBMAXO	=	0x6213
                           006214  1007 _USBCSOL	=	0x6214
                           006215  1008 _USBCSOH	=	0x6215
                           006216  1009 _USBCNT0	=	0x6216
                           006216  1010 _USBCNTL	=	0x6216
                           006217  1011 _USBCNTH	=	0x6217
                           006220  1012 _USBF0	=	0x6220
                           006222  1013 _USBF1	=	0x6222
                           006224  1014 _USBF2	=	0x6224
                           006226  1015 _USBF3	=	0x6226
                           006228  1016 _USBF4	=	0x6228
                           00622A  1017 _USBF5	=	0x622a
                           007080  1018 _X_P0	=	0x7080
                           007086  1019 _X_U0CSR	=	0x7086
                           007089  1020 _X_P0IFG	=	0x7089
                           00708A  1021 _X_P1IFG	=	0x708a
                           00708B  1022 _X_P2IFG	=	0x708b
                           00708C  1023 _X_PICTL	=	0x708c
                           00708D  1024 _X_P1IEN	=	0x708d
                           00708F  1025 _X_P0INP	=	0x708f
                           007090  1026 _X_P1	=	0x7090
                           007091  1027 _X_RFIRQF1	=	0x7091
                           007093  1028 _X_MPAGE	=	0x7093
                           007093  1029 _X__XPAGE	=	0x7093
                           007094  1030 _X_T2CTRL	=	0x7094
                           007095  1031 _X_ST0	=	0x7095
                           007096  1032 _X_ST1	=	0x7096
                           007097  1033 _X_ST2	=	0x7097
                           00709C  1034 _X_T2EVTCFG	=	0x709c
                           00709D  1035 _X_SLEEPSTA	=	0x709d
                           00709E  1036 _X_CLKCONSTA	=	0x709e
                           00709F  1037 _X_FMAP	=	0x709f
                           00709F  1038 _X_PSBANK	=	0x709f
                           0070A0  1039 _X_P2	=	0x70a0
                           0070A1  1040 _X_T2IRQF	=	0x70a1
                           0070A2  1041 _X_T2M0	=	0x70a2
                           0070A3  1042 _X_T2M1	=	0x70a3
                           0070A4  1043 _X_T2MOVF0	=	0x70a4
                           0070A5  1044 _X_T2MOVF1	=	0x70a5
                           0070A6  1045 _X_T2MOVF2	=	0x70a6
                           0070A7  1046 _X_T2IRQM	=	0x70a7
                           0070AB  1047 _X_P0IEN	=	0x70ab
                           0070AC  1048 _X_P2IEN	=	0x70ac
                           0070AD  1049 _X_STLOAD	=	0x70ad
                           0070AE  1050 _X_PMUX	=	0x70ae
                           0070AF  1051 _X_T1STAT	=	0x70af
                           0070B1  1052 _X_ENCDI	=	0x70b1
                           0070B2  1053 _X_ENCDO	=	0x70b2
                           0070B3  1054 _X_ENCCS	=	0x70b3
                           0070B4  1055 _X_ADCCON1	=	0x70b4
                           0070B5  1056 _X_ADCCON2	=	0x70b5
                           0070B6  1057 _X_ADCCON3	=	0x70b6
                           0070BA  1058 _X_ADCL	=	0x70ba
                           0070BB  1059 _X_ADCH	=	0x70bb
                           0070BC  1060 _X_RNDL	=	0x70bc
                           0070BD  1061 _X_RNDH	=	0x70bd
                           0070BE  1062 _X_SLEEPCMD	=	0x70be
                           0070BF  1063 _X_RFERRF	=	0x70bf
                           0070C1  1064 _X_U0DBUF	=	0x70c1
                           0070C2  1065 _X_U0BAUD	=	0x70c2
                           0070C3  1066 _X_T2MSEL	=	0x70c3
                           0070C4  1067 _X_U0UCR	=	0x70c4
                           0070C5  1068 _X_U0GCR	=	0x70c5
                           0070C6  1069 _X_CLKCONCMD	=	0x70c6
                           0070C7  1070 _X_MEMCTR	=	0x70c7
                           0070C9  1071 _X_WDCTL	=	0x70c9
                           0070CA  1072 _X_T3CNT	=	0x70ca
                           0070CB  1073 _X_T3CTL	=	0x70cb
                           0070CC  1074 _X_T3CCTL0	=	0x70cc
                           0070CD  1075 _X_T3CC0	=	0x70cd
                           0070CE  1076 _X_T3CCTL1	=	0x70ce
                           0070CF  1077 _X_T3CC1	=	0x70cf
                           0070D1  1078 _X_DMAIRQ	=	0x70d1
                           0070D2  1079 _X_DMA1CFGL	=	0x70d2
                           0070D3  1080 _X_DMA1CFGH	=	0x70d3
                           0070D4  1081 _X_DMA0CFGL	=	0x70d4
                           0070D5  1082 _X_DMA0CFGH	=	0x70d5
                           0070D6  1083 _X_DMAARM	=	0x70d6
                           0070D7  1084 _X_DMAREQ	=	0x70d7
                           0070D8  1085 _X_TIMIF	=	0x70d8
                           0070D9  1086 _X_RFD	=	0x70d9
                           0070DA  1087 _X_T1CC0L	=	0x70da
                           0070DB  1088 _X_T1CC0H	=	0x70db
                           0070DC  1089 _X_T1CC1L	=	0x70dc
                           0070DD  1090 _X_T1CC1H	=	0x70dd
                           0070DE  1091 _X_T1CC2L	=	0x70de
                           0070DF  1092 _X_T1CC2H	=	0x70df
                           0070E1  1093 _X_RFST	=	0x70e1
                           0070E2  1094 _X_T1CNTL	=	0x70e2
                           0070E3  1095 _X_T1CNTH	=	0x70e3
                           0070E4  1096 _X_T1CTL	=	0x70e4
                           0070E5  1097 _X_T1CCTL0	=	0x70e5
                           0070E6  1098 _X_T1CCTL1	=	0x70e6
                           0070E7  1099 _X_T1CCTL2	=	0x70e7
                           0070E9  1100 _X_RFIRQF0	=	0x70e9
                           0070EA  1101 _X_T4CNT	=	0x70ea
                           0070EB  1102 _X_T4CTL	=	0x70eb
                           0070EC  1103 _X_T4CCTL0	=	0x70ec
                           0070ED  1104 _X_T4CC0	=	0x70ed
                           0070EE  1105 _X_T4CCTL1	=	0x70ee
                           0070EF  1106 _X_T4CC1	=	0x70ef
                           0070F1  1107 _X_PERCFG	=	0x70f1
                           0070F2  1108 _X_APCFG	=	0x70f2
                           0070F3  1109 _X_P0SEL	=	0x70f3
                           0070F4  1110 _X_P1SEL	=	0x70f4
                           0070F5  1111 _X_P2SEL	=	0x70f5
                           0070F6  1112 _X_P1INP	=	0x70f6
                           0070F7  1113 _X_P2INP	=	0x70f7
                           0070F8  1114 _X_U1CSR	=	0x70f8
                           0070F9  1115 _X_U1DBUF	=	0x70f9
                           0070FA  1116 _X_U1BAUD	=	0x70fa
                           0070FB  1117 _X_U1UCR	=	0x70fb
                           0070FC  1118 _X_U1GCR	=	0x70fc
                           0070FD  1119 _X_P0DIR	=	0x70fd
                           0070FE  1120 _X_P1DIR	=	0x70fe
                           0070FF  1121 _X_P2DIR	=	0x70ff
                           007800  1122 _X_INFOPAGE	=	0x7800
                           00780C  1123 _X_IEEE_ADDR	=	0x780c
                                   1124 ;--------------------------------------------------------
                                   1125 ; absolute external ram data
                                   1126 ;--------------------------------------------------------
                                   1127 	.area XABS    (ABS,XDATA)
                                   1128 ;--------------------------------------------------------
                                   1129 ; external initialized ram data
                                   1130 ;--------------------------------------------------------
                                   1131 	.area XISEG   (XDATA)
                                   1132 	.area HOME    (CODE)
                                   1133 	.area GSINIT0 (CODE)
                                   1134 	.area GSINIT1 (CODE)
                                   1135 	.area GSINIT2 (CODE)
                                   1136 	.area GSINIT3 (CODE)
                                   1137 	.area GSINIT4 (CODE)
                                   1138 	.area GSINIT5 (CODE)
                                   1139 	.area GSINIT  (CODE)
                                   1140 	.area GSFINAL (CODE)
                                   1141 	.area CSEG    (CODE)
                                   1142 ;--------------------------------------------------------
                                   1143 ; global & static initialisations
                                   1144 ;--------------------------------------------------------
                                   1145 	.area HOME    (CODE)
                                   1146 	.area GSINIT  (CODE)
                                   1147 	.area GSFINAL (CODE)
                                   1148 	.area GSINIT  (CODE)
                                   1149 ;--------------------------------------------------------
                                   1150 ; Home
                                   1151 ;--------------------------------------------------------
                                   1152 	.area HOME    (CODE)
                                   1153 	.area HOME    (CODE)
                                   1154 ;--------------------------------------------------------
                                   1155 ; code
                                   1156 ;--------------------------------------------------------
                                   1157 	.area CSEG    (CODE)
                                   1158 ;------------------------------------------------------------
                                   1159 ;Allocation info for local variables in function 'recv_from_broadcast'
                                   1160 ;------------------------------------------------------------
                                   1161 ;sender                    Allocated to stack - sp -4
                                   1162 ;broadcast                 Allocated to registers r5 r6 r7 
                                   1163 ;c                         Allocated to registers r5 r6 r7 
                                   1164 ;------------------------------------------------------------
                                   1165 ;	../../core/net/rime/stbroadcast.c:52: recv_from_broadcast(struct broadcast_conn *broadcast, const rimeaddr_t *sender)
                                   1166 ;	-----------------------------------------
                                   1167 ;	 function recv_from_broadcast
                                   1168 ;	-----------------------------------------
      000000                       1169 _recv_from_broadcast:
                           000007  1170 	ar7 = 0x07
                           000006  1171 	ar6 = 0x06
                           000005  1172 	ar5 = 0x05
                           000004  1173 	ar4 = 0x04
                           000003  1174 	ar3 = 0x03
                           000002  1175 	ar2 = 0x02
                           000001  1176 	ar1 = 0x01
                           000000  1177 	ar0 = 0x00
      000000 AD 82            [24] 1178 	mov	r5,dpl
      000002 AE 83            [24] 1179 	mov	r6,dph
      000004 AF F0            [24] 1180 	mov	r7,b
                                   1181 ;	../../core/net/rime/stbroadcast.c:54: register struct stbroadcast_conn *c = (struct stbroadcast_conn *)broadcast;
                                   1182 ;	../../core/net/rime/stbroadcast.c:56: if(c->u->recv != NULL) {
      000006 74 27            [12] 1183 	mov	a,#0x27
      000008 2D               [12] 1184 	add	a,r5
      000009 FB               [12] 1185 	mov	r3,a
      00000A E4               [12] 1186 	clr	a
      00000B 3E               [12] 1187 	addc	a,r6
      00000C FA               [12] 1188 	mov	r2,a
      00000D 8F 04            [24] 1189 	mov	ar4,r7
      00000F 8B 82            [24] 1190 	mov	dpl,r3
      000011 8A 83            [24] 1191 	mov	dph,r2
      000013 8C F0            [24] 1192 	mov	b,r4
      000015 12r00r00         [24] 1193 	lcall	__gptrget
      000018 FB               [12] 1194 	mov	r3,a
      000019 A3               [24] 1195 	inc	dptr
      00001A 12r00r00         [24] 1196 	lcall	__gptrget
      00001D FA               [12] 1197 	mov	r2,a
      00001E A3               [24] 1198 	inc	dptr
      00001F 12r00r00         [24] 1199 	lcall	__gptrget
      000022 FC               [12] 1200 	mov	r4,a
      000023 8B 82            [24] 1201 	mov	dpl,r3
      000025 8A 83            [24] 1202 	mov	dph,r2
      000027 8C F0            [24] 1203 	mov	b,r4
      000029 12r00r00         [24] 1204 	lcall	__gptrget
      00002C FB               [12] 1205 	mov	r3,a
      00002D A3               [24] 1206 	inc	dptr
      00002E 12r00r00         [24] 1207 	lcall	__gptrget
      000031 FC               [12] 1208 	mov	r4,a
      000032 4B               [12] 1209 	orl	a,r3
      000033 60 18            [24] 1210 	jz	00103$
                                   1211 ;	../../core/net/rime/stbroadcast.c:57: c->u->recv(c);
      000035 C0 04            [24] 1212 	push	ar4
      000037 C0 03            [24] 1213 	push	ar3
      000039 12r00r3E         [24] 1214 	lcall	00110$
      00003C 80 0B            [24] 1215 	sjmp	00111$
      00003E                       1216 00110$:
      00003E C0 03            [24] 1217 	push	ar3
      000040 C0 04            [24] 1218 	push	ar4
      000042 8D 82            [24] 1219 	mov	dpl,r5
      000044 8E 83            [24] 1220 	mov	dph,r6
      000046 8F F0            [24] 1221 	mov	b,r7
      000048 22               [24] 1222 	ret
      000049                       1223 00111$:
      000049 D0 03            [24] 1224 	pop	ar3
      00004B D0 04            [24] 1225 	pop	ar4
      00004D                       1226 00103$:
                                   1227 ;	../../core/net/rime/stbroadcast.c:59: }
      00004D 22               [24] 1228 	ret
                                   1229 ;------------------------------------------------------------
                                   1230 ;Allocation info for local variables in function 'stbroadcast_open'
                                   1231 ;------------------------------------------------------------
                                   1232 ;channel                   Allocated to stack - sp -3
                                   1233 ;u                         Allocated to stack - sp -6
                                   1234 ;c                         Allocated to registers r5 r6 r7 
                                   1235 ;------------------------------------------------------------
                                   1236 ;	../../core/net/rime/stbroadcast.c:64: stbroadcast_open(struct stbroadcast_conn *c, uint16_t channel,
                                   1237 ;	-----------------------------------------
                                   1238 ;	 function stbroadcast_open
                                   1239 ;	-----------------------------------------
      00004E                       1240 _stbroadcast_open:
      00004E AD 82            [24] 1241 	mov	r5,dpl
      000050 AE 83            [24] 1242 	mov	r6,dph
      000052 AF F0            [24] 1243 	mov	r7,b
                                   1244 ;	../../core/net/rime/stbroadcast.c:67: broadcast_open(&c->c, channel, &stbroadcast);
      000054 C0 07            [24] 1245 	push	ar7
      000056 C0 06            [24] 1246 	push	ar6
      000058 C0 05            [24] 1247 	push	ar5
      00005A 74r00            [12] 1248 	mov	a,#_stbroadcast
      00005C C0 E0            [24] 1249 	push	acc
      00005E 74s00            [12] 1250 	mov	a,#(_stbroadcast >> 8)
      000060 C0 E0            [24] 1251 	push	acc
      000062 74 80            [12] 1252 	mov	a,#0x80
      000064 C0 E0            [24] 1253 	push	acc
      000066 E5 81            [12] 1254 	mov	a,sp
      000068 24 F7            [12] 1255 	add	a,#0xf7
      00006A F8               [12] 1256 	mov	r0,a
      00006B E6               [12] 1257 	mov	a,@r0
      00006C C0 E0            [24] 1258 	push	acc
      00006E 08               [12] 1259 	inc	r0
      00006F E6               [12] 1260 	mov	a,@r0
      000070 C0 E0            [24] 1261 	push	acc
      000072 8D 82            [24] 1262 	mov	dpl,r5
      000074 8E 83            [24] 1263 	mov	dph,r6
      000076 8F F0            [24] 1264 	mov	b,r7
      000078 12r00r00         [24] 1265 	lcall	_broadcast_open
      00007B E5 81            [12] 1266 	mov	a,sp
      00007D 24 FB            [12] 1267 	add	a,#0xfb
      00007F F5 81            [12] 1268 	mov	sp,a
      000081 D0 05            [24] 1269 	pop	ar5
      000083 D0 06            [24] 1270 	pop	ar6
      000085 D0 07            [24] 1271 	pop	ar7
                                   1272 ;	../../core/net/rime/stbroadcast.c:68: c->u = u;
      000087 74 27            [12] 1273 	mov	a,#0x27
      000089 2D               [12] 1274 	add	a,r5
      00008A FD               [12] 1275 	mov	r5,a
      00008B E4               [12] 1276 	clr	a
      00008C 3E               [12] 1277 	addc	a,r6
      00008D FE               [12] 1278 	mov	r6,a
      00008E 8D 82            [24] 1279 	mov	dpl,r5
      000090 8E 83            [24] 1280 	mov	dph,r6
      000092 8F F0            [24] 1281 	mov	b,r7
      000094 E5 81            [12] 1282 	mov	a,sp
      000096 24 FA            [12] 1283 	add	a,#0xfa
      000098 F8               [12] 1284 	mov	r0,a
      000099 E6               [12] 1285 	mov	a,@r0
      00009A 12r00r00         [24] 1286 	lcall	__gptrput
      00009D A3               [24] 1287 	inc	dptr
      00009E 08               [12] 1288 	inc	r0
      00009F E6               [12] 1289 	mov	a,@r0
      0000A0 12r00r00         [24] 1290 	lcall	__gptrput
      0000A3 A3               [24] 1291 	inc	dptr
      0000A4 08               [12] 1292 	inc	r0
      0000A5 E6               [12] 1293 	mov	a,@r0
                                   1294 ;	../../core/net/rime/stbroadcast.c:69: }
      0000A6 02r00r00         [24] 1295 	ljmp	__gptrput
                                   1296 ;------------------------------------------------------------
                                   1297 ;Allocation info for local variables in function 'stbroadcast_close'
                                   1298 ;------------------------------------------------------------
                                   1299 ;c                         Allocated to registers r5 r6 r7 
                                   1300 ;------------------------------------------------------------
                                   1301 ;	../../core/net/rime/stbroadcast.c:72: stbroadcast_close(struct stbroadcast_conn *c)
                                   1302 ;	-----------------------------------------
                                   1303 ;	 function stbroadcast_close
                                   1304 ;	-----------------------------------------
      0000A9                       1305 _stbroadcast_close:
                                   1306 ;	../../core/net/rime/stbroadcast.c:74: broadcast_close(&c->c);
      0000A9 AD 82            [24] 1307 	mov	r5,dpl
      0000AB AE 83            [24] 1308 	mov	r6,dph
      0000AD AF F0            [24] 1309 	mov	r7,b
      0000AF C0 07            [24] 1310 	push	ar7
      0000B1 C0 06            [24] 1311 	push	ar6
      0000B3 C0 05            [24] 1312 	push	ar5
      0000B5 12r00r00         [24] 1313 	lcall	_broadcast_close
      0000B8 D0 05            [24] 1314 	pop	ar5
      0000BA D0 06            [24] 1315 	pop	ar6
      0000BC D0 07            [24] 1316 	pop	ar7
                                   1317 ;	../../core/net/rime/stbroadcast.c:75: ctimer_stop(&c->t);
      0000BE 74 0F            [12] 1318 	mov	a,#0x0f
      0000C0 2D               [12] 1319 	add	a,r5
      0000C1 FD               [12] 1320 	mov	r5,a
      0000C2 E4               [12] 1321 	clr	a
      0000C3 3E               [12] 1322 	addc	a,r6
      0000C4 FE               [12] 1323 	mov	r6,a
      0000C5 8D 82            [24] 1324 	mov	dpl,r5
      0000C7 8E 83            [24] 1325 	mov	dph,r6
      0000C9 8F F0            [24] 1326 	mov	b,r7
                                   1327 ;	../../core/net/rime/stbroadcast.c:76: }
      0000CB 02r00r00         [24] 1328 	ljmp	_ctimer_stop
                                   1329 ;------------------------------------------------------------
                                   1330 ;Allocation info for local variables in function 'send'
                                   1331 ;------------------------------------------------------------
                                   1332 ;ptr                       Allocated to registers r5 r6 r7 
                                   1333 ;c                         Allocated to registers r5 r6 r7 
                                   1334 ;------------------------------------------------------------
                                   1335 ;	../../core/net/rime/stbroadcast.c:79: send(void *ptr)
                                   1336 ;	-----------------------------------------
                                   1337 ;	 function send
                                   1338 ;	-----------------------------------------
      0000CE                       1339 _send:
      0000CE AD 82            [24] 1340 	mov	r5,dpl
      0000D0 AE 83            [24] 1341 	mov	r6,dph
      0000D2 AF F0            [24] 1342 	mov	r7,b
                                   1343 ;	../../core/net/rime/stbroadcast.c:81: struct stbroadcast_conn *c = ptr;
                                   1344 ;	../../core/net/rime/stbroadcast.c:84: queuebuf_to_packetbuf(c->buf);
      0000D4 74 24            [12] 1345 	mov	a,#0x24
      0000D6 2D               [12] 1346 	add	a,r5
      0000D7 FA               [12] 1347 	mov	r2,a
      0000D8 E4               [12] 1348 	clr	a
      0000D9 3E               [12] 1349 	addc	a,r6
      0000DA FB               [12] 1350 	mov	r3,a
      0000DB 8F 04            [24] 1351 	mov	ar4,r7
      0000DD 8A 82            [24] 1352 	mov	dpl,r2
      0000DF 8B 83            [24] 1353 	mov	dph,r3
      0000E1 8C F0            [24] 1354 	mov	b,r4
      0000E3 12r00r00         [24] 1355 	lcall	__gptrget
      0000E6 FA               [12] 1356 	mov	r2,a
      0000E7 A3               [24] 1357 	inc	dptr
      0000E8 12r00r00         [24] 1358 	lcall	__gptrget
      0000EB FB               [12] 1359 	mov	r3,a
      0000EC A3               [24] 1360 	inc	dptr
      0000ED 12r00r00         [24] 1361 	lcall	__gptrget
      0000F0 FC               [12] 1362 	mov	r4,a
      0000F1 8A 82            [24] 1363 	mov	dpl,r2
      0000F3 8B 83            [24] 1364 	mov	dph,r3
      0000F5 8C F0            [24] 1365 	mov	b,r4
      0000F7 C0 07            [24] 1366 	push	ar7
      0000F9 C0 06            [24] 1367 	push	ar6
      0000FB C0 05            [24] 1368 	push	ar5
      0000FD 12r00r00         [24] 1369 	lcall	_queuebuf_to_packetbuf
      000100 D0 05            [24] 1370 	pop	ar5
      000102 D0 06            [24] 1371 	pop	ar6
      000104 D0 07            [24] 1372 	pop	ar7
                                   1373 ;	../../core/net/rime/stbroadcast.c:85: broadcast_send(&c->c);
      000106 8D 82            [24] 1374 	mov	dpl,r5
      000108 8E 83            [24] 1375 	mov	dph,r6
      00010A 8F F0            [24] 1376 	mov	b,r7
      00010C C0 07            [24] 1377 	push	ar7
      00010E C0 06            [24] 1378 	push	ar6
      000110 C0 05            [24] 1379 	push	ar5
      000112 12r00r00         [24] 1380 	lcall	_broadcast_send
      000115 D0 05            [24] 1381 	pop	ar5
      000117 D0 06            [24] 1382 	pop	ar6
      000119 D0 07            [24] 1383 	pop	ar7
                                   1384 ;	../../core/net/rime/stbroadcast.c:86: ctimer_reset(&c->t);
      00011B 74 0F            [12] 1385 	mov	a,#0x0f
      00011D 2D               [12] 1386 	add	a,r5
      00011E FA               [12] 1387 	mov	r2,a
      00011F E4               [12] 1388 	clr	a
      000120 3E               [12] 1389 	addc	a,r6
      000121 FB               [12] 1390 	mov	r3,a
      000122 8F 04            [24] 1391 	mov	ar4,r7
      000124 8A 82            [24] 1392 	mov	dpl,r2
      000126 8B 83            [24] 1393 	mov	dph,r3
      000128 8C F0            [24] 1394 	mov	b,r4
      00012A C0 07            [24] 1395 	push	ar7
      00012C C0 06            [24] 1396 	push	ar6
      00012E C0 05            [24] 1397 	push	ar5
      000130 12r00r00         [24] 1398 	lcall	_ctimer_reset
      000133 D0 05            [24] 1399 	pop	ar5
      000135 D0 06            [24] 1400 	pop	ar6
      000137 D0 07            [24] 1401 	pop	ar7
                                   1402 ;	../../core/net/rime/stbroadcast.c:87: if(c->u->sent != NULL) {
      000139 74 27            [12] 1403 	mov	a,#0x27
      00013B 2D               [12] 1404 	add	a,r5
      00013C FB               [12] 1405 	mov	r3,a
      00013D E4               [12] 1406 	clr	a
      00013E 3E               [12] 1407 	addc	a,r6
      00013F FA               [12] 1408 	mov	r2,a
      000140 8F 04            [24] 1409 	mov	ar4,r7
      000142 8B 82            [24] 1410 	mov	dpl,r3
      000144 8A 83            [24] 1411 	mov	dph,r2
      000146 8C F0            [24] 1412 	mov	b,r4
      000148 12r00r00         [24] 1413 	lcall	__gptrget
      00014B FB               [12] 1414 	mov	r3,a
      00014C A3               [24] 1415 	inc	dptr
      00014D 12r00r00         [24] 1416 	lcall	__gptrget
      000150 FA               [12] 1417 	mov	r2,a
      000151 A3               [24] 1418 	inc	dptr
      000152 12r00r00         [24] 1419 	lcall	__gptrget
      000155 FC               [12] 1420 	mov	r4,a
      000156 74 02            [12] 1421 	mov	a,#0x02
      000158 2B               [12] 1422 	add	a,r3
      000159 FB               [12] 1423 	mov	r3,a
      00015A E4               [12] 1424 	clr	a
      00015B 3A               [12] 1425 	addc	a,r2
      00015C FA               [12] 1426 	mov	r2,a
      00015D 8B 82            [24] 1427 	mov	dpl,r3
      00015F 8A 83            [24] 1428 	mov	dph,r2
      000161 8C F0            [24] 1429 	mov	b,r4
      000163 12r00r00         [24] 1430 	lcall	__gptrget
      000166 FB               [12] 1431 	mov	r3,a
      000167 A3               [24] 1432 	inc	dptr
      000168 12r00r00         [24] 1433 	lcall	__gptrget
      00016B FC               [12] 1434 	mov	r4,a
      00016C 4B               [12] 1435 	orl	a,r3
      00016D 60 18            [24] 1436 	jz	00103$
                                   1437 ;	../../core/net/rime/stbroadcast.c:88: c->u->sent(c);
      00016F C0 04            [24] 1438 	push	ar4
      000171 C0 03            [24] 1439 	push	ar3
      000173 12r01r78         [24] 1440 	lcall	00110$
      000176 80 0B            [24] 1441 	sjmp	00111$
      000178                       1442 00110$:
      000178 C0 03            [24] 1443 	push	ar3
      00017A C0 04            [24] 1444 	push	ar4
      00017C 8D 82            [24] 1445 	mov	dpl,r5
      00017E 8E 83            [24] 1446 	mov	dph,r6
      000180 8F F0            [24] 1447 	mov	b,r7
      000182 22               [24] 1448 	ret
      000183                       1449 00111$:
      000183 D0 03            [24] 1450 	pop	ar3
      000185 D0 04            [24] 1451 	pop	ar4
      000187                       1452 00103$:
                                   1453 ;	../../core/net/rime/stbroadcast.c:90: }
      000187 22               [24] 1454 	ret
                                   1455 ;------------------------------------------------------------
                                   1456 ;Allocation info for local variables in function 'stbroadcast_set_timer'
                                   1457 ;------------------------------------------------------------
                                   1458 ;t                         Allocated to stack - sp -3
                                   1459 ;c                         Allocated to registers r5 r6 r7 
                                   1460 ;------------------------------------------------------------
                                   1461 ;	../../core/net/rime/stbroadcast.c:93: stbroadcast_set_timer(struct stbroadcast_conn *c, clock_time_t t)
                                   1462 ;	-----------------------------------------
                                   1463 ;	 function stbroadcast_set_timer
                                   1464 ;	-----------------------------------------
      000188                       1465 _stbroadcast_set_timer:
      000188 AD 82            [24] 1466 	mov	r5,dpl
      00018A AE 83            [24] 1467 	mov	r6,dph
      00018C AF F0            [24] 1468 	mov	r7,b
                                   1469 ;	../../core/net/rime/stbroadcast.c:95: ctimer_set(&c->t, t, send, c);
      00018E 8D 02            [24] 1470 	mov	ar2,r5
      000190 8E 03            [24] 1471 	mov	ar3,r6
      000192 8F 04            [24] 1472 	mov	ar4,r7
      000194 74 0F            [12] 1473 	mov	a,#0x0f
      000196 2D               [12] 1474 	add	a,r5
      000197 FD               [12] 1475 	mov	r5,a
      000198 E4               [12] 1476 	clr	a
      000199 3E               [12] 1477 	addc	a,r6
      00019A FE               [12] 1478 	mov	r6,a
      00019B C0 02            [24] 1479 	push	ar2
      00019D C0 03            [24] 1480 	push	ar3
      00019F C0 04            [24] 1481 	push	ar4
      0001A1 74rCE            [12] 1482 	mov	a,#_send
      0001A3 C0 E0            [24] 1483 	push	acc
      0001A5 74s00            [12] 1484 	mov	a,#(_send >> 8)
      0001A7 C0 E0            [24] 1485 	push	acc
      0001A9 E5 81            [12] 1486 	mov	a,sp
      0001AB 24 F8            [12] 1487 	add	a,#0xf8
      0001AD F8               [12] 1488 	mov	r0,a
      0001AE E6               [12] 1489 	mov	a,@r0
      0001AF C0 E0            [24] 1490 	push	acc
      0001B1 08               [12] 1491 	inc	r0
      0001B2 E6               [12] 1492 	mov	a,@r0
      0001B3 C0 E0            [24] 1493 	push	acc
      0001B5 8D 82            [24] 1494 	mov	dpl,r5
      0001B7 8E 83            [24] 1495 	mov	dph,r6
      0001B9 8F F0            [24] 1496 	mov	b,r7
      0001BB 12r00r00         [24] 1497 	lcall	_ctimer_set
      0001BE E5 81            [12] 1498 	mov	a,sp
      0001C0 24 F9            [12] 1499 	add	a,#0xf9
      0001C2 F5 81            [12] 1500 	mov	sp,a
                                   1501 ;	../../core/net/rime/stbroadcast.c:96: }
      0001C4 22               [24] 1502 	ret
                                   1503 ;------------------------------------------------------------
                                   1504 ;Allocation info for local variables in function 'stbroadcast_send_stubborn'
                                   1505 ;------------------------------------------------------------
                                   1506 ;t                         Allocated to stack - sp -6
                                   1507 ;c                         Allocated to stack - sp -2
                                   1508 ;sloc0                     Allocated to stack - sp +1
                                   1509 ;------------------------------------------------------------
                                   1510 ;	../../core/net/rime/stbroadcast.c:99: stbroadcast_send_stubborn(struct stbroadcast_conn *c, clock_time_t t)
                                   1511 ;	-----------------------------------------
                                   1512 ;	 function stbroadcast_send_stubborn
                                   1513 ;	-----------------------------------------
      0001C5                       1514 _stbroadcast_send_stubborn:
      0001C5 C0 82            [24] 1515 	push	dpl
      0001C7 C0 83            [24] 1516 	push	dph
      0001C9 C0 F0            [24] 1517 	push	b
                                   1518 ;	../../core/net/rime/stbroadcast.c:101: if(c->buf != NULL) {
      0001CB A8 81            [24] 1519 	mov	r0,sp
      0001CD 18               [12] 1520 	dec	r0
      0001CE 18               [12] 1521 	dec	r0
      0001CF 74 24            [12] 1522 	mov	a,#0x24
      0001D1 26               [12] 1523 	add	a,@r0
      0001D2 FA               [12] 1524 	mov	r2,a
      0001D3 E4               [12] 1525 	clr	a
      0001D4 08               [12] 1526 	inc	r0
      0001D5 36               [12] 1527 	addc	a,@r0
      0001D6 FB               [12] 1528 	mov	r3,a
      0001D7 08               [12] 1529 	inc	r0
      0001D8 86 04            [24] 1530 	mov	ar4,@r0
      0001DA 8A 82            [24] 1531 	mov	dpl,r2
      0001DC 8B 83            [24] 1532 	mov	dph,r3
      0001DE 8C F0            [24] 1533 	mov	b,r4
      0001E0 12r00r00         [24] 1534 	lcall	__gptrget
      0001E3 FF               [12] 1535 	mov	r7,a
      0001E4 A3               [24] 1536 	inc	dptr
      0001E5 12r00r00         [24] 1537 	lcall	__gptrget
      0001E8 FE               [12] 1538 	mov	r6,a
      0001E9 A3               [24] 1539 	inc	dptr
      0001EA 12r00r00         [24] 1540 	lcall	__gptrget
      0001ED FD               [12] 1541 	mov	r5,a
      0001EE EF               [12] 1542 	mov	a,r7
      0001EF 4E               [12] 1543 	orl	a,r6
      0001F0 60 15            [24] 1544 	jz	00102$
                                   1545 ;	../../core/net/rime/stbroadcast.c:102: queuebuf_free(c->buf);
      0001F2 8F 82            [24] 1546 	mov	dpl,r7
      0001F4 8E 83            [24] 1547 	mov	dph,r6
      0001F6 8D F0            [24] 1548 	mov	b,r5
      0001F8 C0 04            [24] 1549 	push	ar4
      0001FA C0 03            [24] 1550 	push	ar3
      0001FC C0 02            [24] 1551 	push	ar2
      0001FE 12r00r00         [24] 1552 	lcall	_queuebuf_free
      000201 D0 02            [24] 1553 	pop	ar2
      000203 D0 03            [24] 1554 	pop	ar3
      000205 D0 04            [24] 1555 	pop	ar4
      000207                       1556 00102$:
                                   1557 ;	../../core/net/rime/stbroadcast.c:104: c->buf = queuebuf_new_from_packetbuf();
      000207 C0 04            [24] 1558 	push	ar4
      000209 C0 03            [24] 1559 	push	ar3
      00020B C0 02            [24] 1560 	push	ar2
      00020D 12r00r00         [24] 1561 	lcall	_queuebuf_new_from_packetbuf
      000210 AD 82            [24] 1562 	mov	r5,dpl
      000212 AE 83            [24] 1563 	mov	r6,dph
      000214 AF F0            [24] 1564 	mov	r7,b
      000216 D0 02            [24] 1565 	pop	ar2
      000218 D0 03            [24] 1566 	pop	ar3
      00021A D0 04            [24] 1567 	pop	ar4
      00021C 8A 82            [24] 1568 	mov	dpl,r2
      00021E 8B 83            [24] 1569 	mov	dph,r3
      000220 8C F0            [24] 1570 	mov	b,r4
      000222 ED               [12] 1571 	mov	a,r5
      000223 12r00r00         [24] 1572 	lcall	__gptrput
      000226 A3               [24] 1573 	inc	dptr
      000227 EE               [12] 1574 	mov	a,r6
      000228 12r00r00         [24] 1575 	lcall	__gptrput
      00022B A3               [24] 1576 	inc	dptr
      00022C EF               [12] 1577 	mov	a,r7
      00022D 12r00r00         [24] 1578 	lcall	__gptrput
                                   1579 ;	../../core/net/rime/stbroadcast.c:105: if(c->buf == NULL) {
      000230 ED               [12] 1580 	mov	a,r5
      000231 4E               [12] 1581 	orl	a,r6
      000232 70 05            [24] 1582 	jnz	00104$
                                   1583 ;	../../core/net/rime/stbroadcast.c:106: return 0;
      000234 90 00 00         [24] 1584 	mov	dptr,#0x0000
      000237 80 38            [24] 1585 	sjmp	00105$
      000239                       1586 00104$:
                                   1587 ;	../../core/net/rime/stbroadcast.c:108: send(c);
      000239 A8 81            [24] 1588 	mov	r0,sp
      00023B 18               [12] 1589 	dec	r0
      00023C 18               [12] 1590 	dec	r0
      00023D 86 05            [24] 1591 	mov	ar5,@r0
      00023F 08               [12] 1592 	inc	r0
      000240 86 06            [24] 1593 	mov	ar6,@r0
      000242 08               [12] 1594 	inc	r0
      000243 86 07            [24] 1595 	mov	ar7,@r0
      000245 8D 82            [24] 1596 	mov	dpl,r5
      000247 8E 83            [24] 1597 	mov	dph,r6
      000249 8F F0            [24] 1598 	mov	b,r7
      00024B 12r00rCE         [24] 1599 	lcall	_send
                                   1600 ;	../../core/net/rime/stbroadcast.c:109: stbroadcast_set_timer(c, t);
      00024E E5 81            [12] 1601 	mov	a,sp
      000250 24 FA            [12] 1602 	add	a,#0xfa
      000252 F8               [12] 1603 	mov	r0,a
      000253 E6               [12] 1604 	mov	a,@r0
      000254 C0 E0            [24] 1605 	push	acc
      000256 08               [12] 1606 	inc	r0
      000257 E6               [12] 1607 	mov	a,@r0
      000258 C0 E0            [24] 1608 	push	acc
      00025A E5 81            [12] 1609 	mov	a,sp
      00025C 24 FC            [12] 1610 	add	a,#0xfc
      00025E F8               [12] 1611 	mov	r0,a
      00025F 86 82            [24] 1612 	mov	dpl,@r0
      000261 08               [12] 1613 	inc	r0
      000262 86 83            [24] 1614 	mov	dph,@r0
      000264 08               [12] 1615 	inc	r0
      000265 86 F0            [24] 1616 	mov	b,@r0
      000267 12r01r88         [24] 1617 	lcall	_stbroadcast_set_timer
      00026A 15 81            [12] 1618 	dec	sp
      00026C 15 81            [12] 1619 	dec	sp
                                   1620 ;	../../core/net/rime/stbroadcast.c:110: return 1;
      00026E 90 00 01         [24] 1621 	mov	dptr,#0x0001
      000271                       1622 00105$:
                                   1623 ;	../../core/net/rime/stbroadcast.c:112: }
      000271 15 81            [12] 1624 	dec	sp
      000273 15 81            [12] 1625 	dec	sp
      000275 15 81            [12] 1626 	dec	sp
      000277 22               [24] 1627 	ret
                                   1628 ;------------------------------------------------------------
                                   1629 ;Allocation info for local variables in function 'stbroadcast_cancel'
                                   1630 ;------------------------------------------------------------
                                   1631 ;c                         Allocated to registers r5 r6 r7 
                                   1632 ;------------------------------------------------------------
                                   1633 ;	../../core/net/rime/stbroadcast.c:115: stbroadcast_cancel(struct stbroadcast_conn *c)
                                   1634 ;	-----------------------------------------
                                   1635 ;	 function stbroadcast_cancel
                                   1636 ;	-----------------------------------------
      000278                       1637 _stbroadcast_cancel:
      000278 AD 82            [24] 1638 	mov	r5,dpl
      00027A AE 83            [24] 1639 	mov	r6,dph
      00027C AF F0            [24] 1640 	mov	r7,b
                                   1641 ;	../../core/net/rime/stbroadcast.c:117: ctimer_stop(&c->t);
      00027E 74 0F            [12] 1642 	mov	a,#0x0f
      000280 2D               [12] 1643 	add	a,r5
      000281 FD               [12] 1644 	mov	r5,a
      000282 E4               [12] 1645 	clr	a
      000283 3E               [12] 1646 	addc	a,r6
      000284 FE               [12] 1647 	mov	r6,a
      000285 8D 82            [24] 1648 	mov	dpl,r5
      000287 8E 83            [24] 1649 	mov	dph,r6
      000289 8F F0            [24] 1650 	mov	b,r7
                                   1651 ;	../../core/net/rime/stbroadcast.c:118: }
      00028B 02r00r00         [24] 1652 	ljmp	_ctimer_stop
                                   1653 	.area CSEG    (CODE)
                                   1654 	.area CONST   (CODE)
      000000                       1655 _stbroadcast:
      000000r00s00                 1656 	.byte _recv_from_broadcast, (_recv_from_broadcast >> 8)
      000002 00 00                 1657 	.byte #0x00,#0x00
                                   1658 	.area XINIT   (CODE)
                                   1659 	.area CABS    (ABS,CODE)
